# JRE version: Java(TM) SE Runtime Environment (8.0_91-b14) (build 1.8.0_91-b14)
# Java VM: Java HotSpot(TM) 64-Bit Server VM (25.91-b14 mixed mode windows-amd64 compressed oops)
Heap:
 PSYoungGen      total 259584K, used 101177K [0x000000076c180000, 0x0000000783a00000, 0x00000007c0000000)
  eden space 231424K, 34% used [0x000000076c180000,0x0000000770ee4f20,0x000000077a380000)
  from space 28160K, 77% used [0x000000077a380000,0x000000077b8e96c0,0x000000077bf00000)
  to   space 30208K, 0% used [0x0000000781c80000,0x0000000781c80000,0x0000000783a00000)
 ParOldGen       total 107520K, used 40585K [0x00000006c4400000, 0x00000006cad00000, 0x000000076c180000)
  object space 107520K, 37% used [0x00000006c4400000,0x00000006c6ba2610,0x00000006cad00000)
 Metaspace       used 31772K, capacity 31993K, committed 32384K, reserved 1077248K
  class space    used 4092K, capacity 4145K, committed 4224K, reserved 1048576K
GC Heap History (10 events):
Event: 2.448 GC heap before
{Heap before GC invocations=6 (full 1):
 PSYoungGen      total 98304K, used 95652K [0x000000076c180000, 0x0000000772f00000, 0x00000007c0000000)
  eden space 87552K, 100% used [0x000000076c180000,0x0000000771700000,0x0000000771700000)
  from space 10752K, 75% used [0x0000000772180000,0x0000000772969148,0x0000000772c00000)
  to   space 10752K, 0% used [0x0000000771700000,0x0000000771700000,0x0000000772180000)
 ParOldGen       total 107520K, used 14206K [0x00000006c4400000, 0x00000006cad00000, 0x000000076c180000)
  object space 107520K, 13% used [0x00000006c4400000,0x00000006c51dfb00,0x00000006cad00000)
 Metaspace       used 26657K, capacity 26924K, committed 27136K, reserved 1073152K
  class space    used 3719K, capacity 3808K, committed 3840K, reserved 1048576K
Event: 2.454 GC heap after
Heap after GC invocations=6 (full 1):
 PSYoungGen      total 98304K, used 10720K [0x000000076c180000, 0x0000000776600000, 0x00000007c0000000)
  eden space 87552K, 0% used [0x000000076c180000,0x000000076c180000,0x0000000771700000)
  from space 10752K, 99% used [0x0000000771700000,0x0000000772178140,0x0000000772180000)
  to   space 13312K, 0% used [0x0000000775900000,0x0000000775900000,0x0000000776600000)
 ParOldGen       total 107520K, used 16990K [0x00000006c4400000, 0x00000006cad00000, 0x000000076c180000)
  object space 107520K, 15% used [0x00000006c4400000,0x00000006c5497b00,0x00000006cad00000)
 Metaspace       used 26657K, capacity 26924K, committed 27136K, reserved 1073152K
  class space    used 3719K, capacity 3808K, committed 3840K, reserved 1048576K
}
Event: 2.521 GC heap before
{Heap before GC invocations=7 (full 1):
 PSYoungGen      total 98304K, used 98272K [0x000000076c180000, 0x0000000776600000, 0x00000007c0000000)
  eden space 87552K, 100% used [0x000000076c180000,0x0000000771700000,0x0000000771700000)
  from space 10752K, 99% used [0x0000000771700000,0x0000000772178140,0x0000000772180000)
  to   space 13312K, 0% used [0x0000000775900000,0x0000000775900000,0x0000000776600000)
 ParOldGen       total 107520K, used 16990K [0x00000006c4400000, 0x00000006cad00000, 0x000000076c180000)
  object space 107520K, 15% used [0x00000006c4400000,0x00000006c5497b00,0x00000006cad00000)
 Metaspace       used 26787K, capacity 27052K, committed 27392K, reserved 1073152K
  class space    used 3727K, capacity 3808K, committed 3840K, reserved 1048576K
Event: 2.531 GC heap after
Heap after GC invocations=7 (full 1):
 PSYoungGen      total 148480K, used 13280K [0x000000076c180000, 0x0000000778000000, 0x00000007c0000000)
  eden space 135168K, 0% used [0x000000076c180000,0x000000076c180000,0x0000000774580000)
  from space 13312K, 99% used [0x0000000775900000,0x00000007765f8010,0x0000000776600000)
  to   space 19968K, 0% used [0x0000000774580000,0x0000000774580000,0x0000000775900000)
 ParOldGen       total 107520K, used 24411K [0x00000006c4400000, 0x00000006cad00000, 0x000000076c180000)
  object space 107520K, 22% used [0x00000006c4400000,0x00000006c5bd6f50,0x00000006cad00000)
 Metaspace       used 26787K, capacity 27052K, committed 27392K, reserved 1073152K
  class space    used 3727K, capacity 3808K, committed 3840K, reserved 1048576K
}
Event: 3.338 GC heap before
{Heap before GC invocations=8 (full 1):
 PSYoungGen      total 148480K, used 148448K [0x000000076c180000, 0x0000000778000000, 0x00000007c0000000)
  eden space 135168K, 100% used [0x000000076c180000,0x0000000774580000,0x0000000774580000)
  from space 13312K, 99% used [0x0000000775900000,0x00000007765f8010,0x0000000776600000)
  to   space 19968K, 0% used [0x0000000774580000,0x0000000774580000,0x0000000775900000)
 ParOldGen       total 107520K, used 24411K [0x00000006c4400000, 0x00000006cad00000, 0x000000076c180000)
  object space 107520K, 22% used [0x00000006c4400000,0x00000006c5bd6f50,0x00000006cad00000)
 Metaspace       used 30450K, capacity 30681K, committed 30976K, reserved 1077248K
  class space    used 4003K, capacity 4067K, committed 4096K, reserved 1048576K
Event: 3.346 GC heap after
Heap after GC invocations=8 (full 1):
 PSYoungGen      total 155136K, used 19950K [0x000000076c180000, 0x000000077d900000, 0x00000007c0000000)
  eden space 135168K, 0% used [0x000000076c180000,0x000000076c180000,0x0000000774580000)
  from space 19968K, 99% used [0x0000000774580000,0x00000007758fb950,0x0000000775900000)
  to   space 26112K, 0% used [0x000000077bf80000,0x000000077bf80000,0x000000077d900000)
 ParOldGen       total 107520K, used 27869K [0x00000006c4400000, 0x00000006cad00000, 0x000000076c180000)
  object space 107520K, 25% used [0x00000006c4400000,0x00000006c5f375d0,0x00000006cad00000)
 Metaspace       used 30450K, capacity 30681K, committed 30976K, reserved 1077248K
  class space    used 4003K, capacity 4067K, committed 4096K, reserved 1048576K
}
Event: 3.686 GC heap before
{Heap before GC invocations=9 (full 1):
 PSYoungGen      total 155136K, used 155118K [0x000000076c180000, 0x000000077d900000, 0x00000007c0000000)
  eden space 135168K, 100% used [0x000000076c180000,0x0000000774580000,0x0000000774580000)
  from space 19968K, 99% used [0x0000000774580000,0x00000007758fb950,0x0000000775900000)
  to   space 26112K, 0% used [0x000000077bf80000,0x000000077bf80000,0x000000077d900000)
 ParOldGen       total 107520K, used 27869K [0x00000006c4400000, 0x00000006cad00000, 0x000000076c180000)
  object space 107520K, 25% used [0x00000006c4400000,0x00000006c5f375d0,0x00000006cad00000)
 Metaspace       used 30804K, capacity 31033K, committed 31360K, reserved 1077248K
  class space    used 4021K, capacity 4099K, committed 4224K, reserved 1048576K
Event: 3.695 GC heap after
Heap after GC invocations=9 (full 1):
 PSYoungGen      total 257536K, used 20090K [0x000000076c180000, 0x000000077da80000, 0x00000007c0000000)
  eden space 231424K, 0% used [0x000000076c180000,0x000000076c180000,0x000000077a380000)
  from space 26112K, 76% used [0x000000077bf80000,0x000000077d31e8e0,0x000000077d900000)
  to   space 28160K, 0% used [0x000000077a380000,0x000000077a380000,0x000000077bf00000)
 ParOldGen       total 107520K, used 33421K [0x00000006c4400000, 0x00000006cad00000, 0x000000076c180000)
  object space 107520K, 31% used [0x00000006c4400000,0x00000006c64a3600,0x00000006cad00000)
 Metaspace       used 30804K, capacity 31033K, committed 31360K, reserved 1077248K
  class space    used 4021K, capacity 4099K, committed 4224K, reserved 1048576K
}
Event: 4.522 GC heap before
{Heap before GC invocations=10 (full 1):
 PSYoungGen      total 257536K, used 251514K [0x000000076c180000, 0x000000077da80000, 0x00000007c0000000)
  eden space 231424K, 100% used [0x000000076c180000,0x000000077a380000,0x000000077a380000)
  from space 26112K, 76% used [0x000000077bf80000,0x000000077d31e8e0,0x000000077d900000)
  to   space 28160K, 0% used [0x000000077a380000,0x000000077a380000,0x000000077bf00000)
 ParOldGen       total 107520K, used 33421K [0x00000006c4400000, 0x00000006cad00000, 0x000000076c180000)
  object space 107520K, 31% used [0x00000006c4400000,0x00000006c64a3600,0x00000006cad00000)
 Metaspace       used 31170K, capacity 31417K, committed 31872K, reserved 1077248K
  class space    used 4034K, capacity 4099K, committed 4224K, reserved 1048576K
Event: 4.533 GC heap after
Heap after GC invocations=10 (full 1):
 PSYoungGen      total 259584K, used 21925K [0x000000076c180000, 0x0000000783a00000, 0x00000007c0000000)
  eden space 231424K, 0% used [0x000000076c180000,0x000000076c180000,0x000000077a380000)
  from space 28160K, 77% used [0x000000077a380000,0x000000077b8e96c0,0x000000077bf00000)
  to   space 30208K, 0% used [0x0000000781c80000,0x0000000781c80000,0x0000000783a00000)
 ParOldGen       total 107520K, used 40585K [0x00000006c4400000, 0x00000006cad00000, 0x000000076c180000)
  object space 107520K, 37% used [0x00000006c4400000,0x00000006c6ba2610,0x00000006cad00000)
 Metaspace       used 31170K, capacity 31417K, committed 31872K, reserved 1077248K
  class space    used 4034K, capacity 4099K, committed 4224K, reserved 1048576K
}

