# JRE version: Java(TM) SE Runtime Environment (8.0_91-b14) (build 1.8.0_91-b14)
# Java VM: Java HotSpot(TM) 64-Bit Server VM (25.91-b14 mixed mode windows-amd64 compressed oops)
Heap:
 PSYoungGen      total 579072K, used 78400K [0x000000076c180000, 0x0000000791b00000, 0x00000007c0000000)
  eden space 569856K, 13% used [0x000000076c180000,0x0000000770e100a8,0x000000078ee00000)
  from space 9216K, 0% used [0x0000000791200000,0x0000000791200000,0x0000000791b00000)
  to   space 23040K, 0% used [0x000000078ee00000,0x000000078ee00000,0x0000000790480000)
 ParOldGen       total 199680K, used 61944K [0x00000006c4400000, 0x00000006d0700000, 0x000000076c180000)
  object space 199680K, 31% used [0x00000006c4400000,0x00000006c807e030,0x00000006d0700000)
 Metaspace       used 37495K, capacity 37737K, committed 38192K, reserved 1083392K
  class space    used 4768K, capacity 4835K, committed 4912K, reserved 1048576K
GC Heap History (10 events):
Event: 3.818 GC heap before
{Heap before GC invocations=10 (full 1):
 PSYoungGen      total 329728K, used 323703K [0x000000076c180000, 0x0000000782200000, 0x00000007c0000000)
  eden space 306176K, 100% used [0x000000076c180000,0x000000077ec80000,0x000000077ec80000)
  from space 23552K, 74% used [0x0000000780500000,0x000000078161dce0,0x0000000781c00000)
  to   space 25088K, 0% used [0x000000077ec80000,0x000000077ec80000,0x0000000780500000)
 ParOldGen       total 84992K, used 29926K [0x00000006c4400000, 0x00000006c9700000, 0x000000076c180000)
  object space 84992K, 35% used [0x00000006c4400000,0x00000006c6139ac0,0x00000006c9700000)
 Metaspace       used 30713K, capacity 30965K, committed 31280K, reserved 1077248K
  class space    used 4036K, capacity 4099K, committed 4144K, reserved 1048576K
Event: 3.826 GC heap after
Heap after GC invocations=10 (full 1):
 PSYoungGen      total 331264K, used 15425K [0x000000076c180000, 0x0000000789800000, 0x00000007c0000000)
  eden space 306176K, 0% used [0x000000076c180000,0x000000076c180000,0x000000077ec80000)
  from space 25088K, 61% used [0x000000077ec80000,0x000000077fb905d0,0x0000000780500000)
  to   space 25088K, 0% used [0x0000000787f80000,0x0000000787f80000,0x0000000789800000)
 ParOldGen       total 84992K, used 39242K [0x00000006c4400000, 0x00000006c9700000, 0x000000076c180000)
  object space 84992K, 46% used [0x00000006c4400000,0x00000006c6a52ae0,0x00000006c9700000)
 Metaspace       used 30713K, capacity 30965K, committed 31280K, reserved 1077248K
  class space    used 4036K, capacity 4099K, committed 4144K, reserved 1048576K
}
Event: 4.110 GC heap before
{Heap before GC invocations=11 (full 1):
 PSYoungGen      total 331264K, used 321601K [0x000000076c180000, 0x0000000789800000, 0x00000007c0000000)
  eden space 306176K, 100% used [0x000000076c180000,0x000000077ec80000,0x000000077ec80000)
  from space 25088K, 61% used [0x000000077ec80000,0x000000077fb905d0,0x0000000780500000)
  to   space 25088K, 0% used [0x0000000787f80000,0x0000000787f80000,0x0000000789800000)
 ParOldGen       total 84992K, used 39242K [0x00000006c4400000, 0x00000006c9700000, 0x000000076c180000)
  object space 84992K, 46% used [0x00000006c4400000,0x00000006c6a52ae0,0x00000006c9700000)
 Metaspace       used 30746K, capacity 30965K, committed 31280K, reserved 1077248K
  class space    used 4036K, capacity 4099K, committed 4144K, reserved 1048576K
Event: 4.116 GC heap after
Heap after GC invocations=11 (full 1):
 PSYoungGen      total 445440K, used 6752K [0x000000076c180000, 0x0000000789200000, 0x00000007c0000000)
  eden space 426496K, 0% used [0x000000076c180000,0x000000076c180000,0x0000000786200000)
  from space 18944K, 35% used [0x0000000787f80000,0x0000000788618060,0x0000000789200000)
  to   space 24576K, 0% used [0x0000000786200000,0x0000000786200000,0x0000000787a00000)
 ParOldGen       total 84992K, used 47111K [0x00000006c4400000, 0x00000006c9700000, 0x000000076c180000)
  object space 84992K, 55% used [0x00000006c4400000,0x00000006c7201d10,0x00000006c9700000)
 Metaspace       used 30746K, capacity 30965K, committed 31280K, reserved 1077248K
  class space    used 4036K, capacity 4099K, committed 4144K, reserved 1048576K
}
Event: 4.772 GC heap before
{Heap before GC invocations=12 (full 1):
 PSYoungGen      total 445440K, used 433248K [0x000000076c180000, 0x0000000789200000, 0x00000007c0000000)
  eden space 426496K, 100% used [0x000000076c180000,0x0000000786200000,0x0000000786200000)
  from space 18944K, 35% used [0x0000000787f80000,0x0000000788618060,0x0000000789200000)
  to   space 24576K, 0% used [0x0000000786200000,0x0000000786200000,0x0000000787a00000)
 ParOldGen       total 84992K, used 47111K [0x00000006c4400000, 0x00000006c9700000, 0x000000076c180000)
  object space 84992K, 55% used [0x00000006c4400000,0x00000006c7201d10,0x00000006c9700000)
 Metaspace       used 31092K, capacity 31285K, committed 31536K, reserved 1077248K
  class space    used 4048K, capacity 4099K, committed 4144K, reserved 1048576K
Event: 4.780 GC heap after
Heap after GC invocations=12 (full 1):
 PSYoungGen      total 451072K, used 11424K [0x000000076c180000, 0x0000000792900000, 0x00000007c0000000)
  eden space 426496K, 0% used [0x000000076c180000,0x000000076c180000,0x0000000786200000)
  from space 24576K, 46% used [0x0000000786200000,0x0000000786d28000,0x0000000787a00000)
  to   space 23552K, 0% used [0x0000000791200000,0x0000000791200000,0x0000000792900000)
 ParOldGen       total 84992K, used 52847K [0x00000006c4400000, 0x00000006c9700000, 0x000000076c180000)
  object space 84992K, 62% used [0x00000006c4400000,0x00000006c779bd90,0x00000006c9700000)
 Metaspace       used 31092K, capacity 31285K, committed 31536K, reserved 1077248K
  class space    used 4048K, capacity 4099K, committed 4144K, reserved 1048576K
}
Event: 6.641 GC heap before
{Heap before GC invocations=13 (full 1):
 PSYoungGen      total 451072K, used 308777K [0x000000076c180000, 0x0000000792900000, 0x00000007c0000000)
  eden space 426496K, 69% used [0x000000076c180000,0x000000077e3e27c8,0x0000000786200000)
  from space 24576K, 46% used [0x0000000786200000,0x0000000786d28000,0x0000000787a00000)
  to   space 23552K, 0% used [0x0000000791200000,0x0000000791200000,0x0000000792900000)
 ParOldGen       total 84992K, used 52847K [0x00000006c4400000, 0x00000006c9700000, 0x000000076c180000)
  object space 84992K, 62% used [0x00000006c4400000,0x00000006c779bd90,0x00000006c9700000)
 Metaspace       used 34785K, capacity 34999K, committed 35496K, reserved 1081344K
  class space    used 4468K, capacity 4530K, committed 4656K, reserved 1048576K
Event: 6.652 GC heap after
Heap after GC invocations=13 (full 1):
 PSYoungGen      total 579072K, used 8163K [0x000000076c180000, 0x0000000791b00000, 0x00000007c0000000)
  eden space 569856K, 0% used [0x000000076c180000,0x000000076c180000,0x000000078ee00000)
  from space 9216K, 88% used [0x0000000791200000,0x00000007919f8c88,0x0000000791b00000)
  to   space 23040K, 0% used [0x000000078ee00000,0x000000078ee00000,0x0000000790480000)
 ParOldGen       total 84992K, used 63227K [0x00000006c4400000, 0x00000006c9700000, 0x000000076c180000)
  object space 84992K, 74% used [0x00000006c4400000,0x00000006c81bef80,0x00000006c9700000)
 Metaspace       used 34785K, capacity 34999K, committed 35496K, reserved 1081344K
  class space    used 4468K, capacity 4530K, committed 4656K, reserved 1048576K
}
Event: 6.652 GC heap before
{Heap before GC invocations=14 (full 2):
 PSYoungGen      total 579072K, used 8163K [0x000000076c180000, 0x0000000791b00000, 0x00000007c0000000)
  eden space 569856K, 0% used [0x000000076c180000,0x000000076c180000,0x000000078ee00000)
  from space 9216K, 88% used [0x0000000791200000,0x00000007919f8c88,0x0000000791b00000)
  to   space 23040K, 0% used [0x000000078ee00000,0x000000078ee00000,0x0000000790480000)
 ParOldGen       total 84992K, used 63227K [0x00000006c4400000, 0x00000006c9700000, 0x000000076c180000)
  object space 84992K, 74% used [0x00000006c4400000,0x00000006c81bef80,0x00000006c9700000)
 Metaspace       used 34785K, capacity 34999K, committed 35496K, reserved 1081344K
  class space    used 4468K, capacity 4530K, committed 4656K, reserved 1048576K
Event: 6.884 GC heap after
Heap after GC invocations=14 (full 2):
 PSYoungGen      total 579072K, used 0K [0x000000076c180000, 0x0000000791b00000, 0x00000007c0000000)
  eden space 569856K, 0% used [0x000000076c180000,0x000000076c180000,0x000000078ee00000)
  from space 9216K, 0% used [0x0000000791200000,0x0000000791200000,0x0000000791b00000)
  to   space 23040K, 0% used [0x000000078ee00000,0x000000078ee00000,0x0000000790480000)
 ParOldGen       total 199680K, used 61944K [0x00000006c4400000, 0x00000006d0700000, 0x000000076c180000)
  object space 199680K, 31% used [0x00000006c4400000,0x00000006c807e030,0x00000006d0700000)
 Metaspace       used 34785K, capacity 34999K, committed 35496K, reserved 1081344K
  class space    used 4468K, capacity 4530K, committed 4656K, reserved 1048576K
}

