# JRE version: Java(TM) SE Runtime Environment (8.0_91-b14) (build 1.8.0_91-b14)
# Java VM: Java HotSpot(TM) 64-Bit Server VM (25.91-b14 mixed mode windows-amd64 compressed oops)
Heap:
 PSYoungGen      total 412160K, used 55498K [0x000000076c180000, 0x0000000790000000, 0x00000007c0000000)
  eden space 387584K, 7% used [0x000000076c180000,0x000000076dfb5878,0x0000000783c00000)
  from space 24576K, 99% used [0x0000000783c00000,0x00000007853fd180,0x0000000785400000)
  to   space 31744K, 0% used [0x000000078e100000,0x000000078e100000,0x0000000790000000)
 ParOldGen       total 105472K, used 63272K [0x00000006c4400000, 0x00000006cab00000, 0x000000076c180000)
  object space 105472K, 59% used [0x00000006c4400000,0x00000006c81ca098,0x00000006cab00000)
 Metaspace       used 31946K, capacity 32185K, committed 32640K, reserved 1077248K
  class space    used 4103K, capacity 4209K, committed 4224K, reserved 1048576K
GC Heap History (10 events):
Event: 3.850 GC heap before
{Heap before GC invocations=10 (full 1):
 PSYoungGen      total 220160K, used 214641K [0x000000076c180000, 0x000000077ba00000, 0x00000007c0000000)
  eden space 198144K, 100% used [0x000000076c180000,0x0000000778300000,0x0000000778300000)
  from space 22016K, 74% used [0x0000000779a00000,0x000000077aa1c640,0x000000077af80000)
  to   space 23552K, 0% used [0x0000000778300000,0x0000000778300000,0x0000000779a00000)
 ParOldGen       total 105472K, used 30481K [0x00000006c4400000, 0x00000006cab00000, 0x000000076c180000)
  object space 105472K, 28% used [0x00000006c4400000,0x00000006c61c45d8,0x00000006cab00000)
 Metaspace       used 30546K, capacity 30777K, committed 31104K, reserved 1077248K
  class space    used 4010K, capacity 4099K, committed 4224K, reserved 1048576K
Event: 3.857 GC heap after
Heap after GC invocations=10 (full 1):
 PSYoungGen      total 221696K, used 15489K [0x000000076c180000, 0x0000000780080000, 0x00000007c0000000)
  eden space 198144K, 0% used [0x000000076c180000,0x000000076c180000,0x0000000778300000)
  from space 23552K, 65% used [0x0000000778300000,0x0000000779220600,0x0000000779a00000)
  to   space 24064K, 0% used [0x000000077e900000,0x000000077e900000,0x0000000780080000)
 ParOldGen       total 105472K, used 31765K [0x00000006c4400000, 0x00000006cab00000, 0x000000076c180000)
  object space 105472K, 30% used [0x00000006c4400000,0x00000006c6305628,0x00000006cab00000)
 Metaspace       used 30546K, capacity 30777K, committed 31104K, reserved 1077248K
  class space    used 4010K, capacity 4099K, committed 4224K, reserved 1048576K
}
Event: 4.197 GC heap before
{Heap before GC invocations=11 (full 1):
 PSYoungGen      total 221696K, used 213633K [0x000000076c180000, 0x0000000780080000, 0x00000007c0000000)
  eden space 198144K, 100% used [0x000000076c180000,0x0000000778300000,0x0000000778300000)
  from space 23552K, 65% used [0x0000000778300000,0x0000000779220600,0x0000000779a00000)
  to   space 24064K, 0% used [0x000000077e900000,0x000000077e900000,0x0000000780080000)
 ParOldGen       total 105472K, used 31765K [0x00000006c4400000, 0x00000006cab00000, 0x000000076c180000)
  object space 105472K, 30% used [0x00000006c4400000,0x00000006c6305628,0x00000006cab00000)
 Metaspace       used 30829K, capacity 31097K, committed 31616K, reserved 1077248K
  class space    used 4024K, capacity 4099K, committed 4224K, reserved 1048576K
Event: 4.211 GC heap after
Heap after GC invocations=11 (full 1):
 PSYoungGen      total 302080K, used 16859K [0x000000076c180000, 0x0000000780280000, 0x00000007c0000000)
  eden space 278016K, 0% used [0x000000076c180000,0x000000076c180000,0x000000077d100000)
  from space 24064K, 70% used [0x000000077e900000,0x000000077f976de0,0x0000000780080000)
  to   space 24576K, 0% used [0x000000077d100000,0x000000077d100000,0x000000077e900000)
 ParOldGen       total 105472K, used 37521K [0x00000006c4400000, 0x00000006cab00000, 0x000000076c180000)
  object space 105472K, 35% used [0x00000006c4400000,0x00000006c68a4638,0x00000006cab00000)
 Metaspace       used 30829K, capacity 31097K, committed 31616K, reserved 1077248K
  class space    used 4024K, capacity 4099K, committed 4224K, reserved 1048576K
}
Event: 4.580 GC heap before
{Heap before GC invocations=12 (full 1):
 PSYoungGen      total 302080K, used 294875K [0x000000076c180000, 0x0000000780280000, 0x00000007c0000000)
  eden space 278016K, 100% used [0x000000076c180000,0x000000077d100000,0x000000077d100000)
  from space 24064K, 70% used [0x000000077e900000,0x000000077f976de0,0x0000000780080000)
  to   space 24576K, 0% used [0x000000077d100000,0x000000077d100000,0x000000077e900000)
 ParOldGen       total 105472K, used 37521K [0x00000006c4400000, 0x00000006cab00000, 0x000000076c180000)
  object space 105472K, 35% used [0x00000006c4400000,0x00000006c68a4638,0x00000006cab00000)
 Metaspace       used 30896K, capacity 31097K, committed 31616K, reserved 1077248K
  class space    used 4025K, capacity 4099K, committed 4224K, reserved 1048576K
Event: 4.589 GC heap after
Heap after GC invocations=12 (full 1):
 PSYoungGen      total 302592K, used 6512K [0x000000076c180000, 0x0000000786d00000, 0x00000007c0000000)
  eden space 278016K, 0% used [0x000000076c180000,0x000000076c180000,0x000000077d100000)
  from space 24576K, 26% used [0x000000077d100000,0x000000077d75c050,0x000000077e900000)
  to   space 24576K, 0% used [0x0000000785500000,0x0000000785500000,0x0000000786d00000)
 ParOldGen       total 105472K, used 49166K [0x00000006c4400000, 0x00000006cab00000, 0x000000076c180000)
  object space 105472K, 46% used [0x00000006c4400000,0x00000006c7403bb0,0x00000006cab00000)
 Metaspace       used 30896K, capacity 31097K, committed 31616K, reserved 1077248K
  class space    used 4025K, capacity 4099K, committed 4224K, reserved 1048576K
}
Event: 4.877 GC heap before
{Heap before GC invocations=13 (full 1):
 PSYoungGen      total 302592K, used 284528K [0x000000076c180000, 0x0000000786d00000, 0x00000007c0000000)
  eden space 278016K, 100% used [0x000000076c180000,0x000000077d100000,0x000000077d100000)
  from space 24576K, 26% used [0x000000077d100000,0x000000077d75c050,0x000000077e900000)
  to   space 24576K, 0% used [0x0000000785500000,0x0000000785500000,0x0000000786d00000)
 ParOldGen       total 105472K, used 49167K [0x00000006c4400000, 0x00000006cab00000, 0x000000076c180000)
  object space 105472K, 46% used [0x00000006c4400000,0x00000006c7403c00,0x00000006cab00000)
 Metaspace       used 30948K, capacity 31161K, committed 31616K, reserved 1077248K
  class space    used 4029K, capacity 4099K, committed 4224K, reserved 1048576K
Event: 4.886 GC heap after
Heap after GC invocations=13 (full 1):
 PSYoungGen      total 411136K, used 2944K [0x000000076c180000, 0x0000000786c00000, 0x00000007c0000000)
  eden space 387584K, 0% used [0x000000076c180000,0x000000076c180000,0x0000000783c00000)
  from space 23552K, 12% used [0x0000000785500000,0x00000007857e0020,0x0000000786c00000)
  to   space 24576K, 0% used [0x0000000783c00000,0x0000000783c00000,0x0000000785400000)
 ParOldGen       total 105472K, used 53783K [0x00000006c4400000, 0x00000006cab00000, 0x000000076c180000)
  object space 105472K, 50% used [0x00000006c4400000,0x00000006c7885c70,0x00000006cab00000)
 Metaspace       used 30948K, capacity 31161K, committed 31616K, reserved 1077248K
  class space    used 4029K, capacity 4099K, committed 4224K, reserved 1048576K
}
Event: 173.275 GC heap before
{Heap before GC invocations=14 (full 1):
 PSYoungGen      total 411136K, used 390528K [0x000000076c180000, 0x0000000786c00000, 0x00000007c0000000)
  eden space 387584K, 100% used [0x000000076c180000,0x0000000783c00000,0x0000000783c00000)
  from space 23552K, 12% used [0x0000000785500000,0x00000007857e0020,0x0000000786c00000)
  to   space 24576K, 0% used [0x0000000783c00000,0x0000000783c00000,0x0000000785400000)
 ParOldGen       total 105472K, used 53789K [0x00000006c4400000, 0x00000006cab00000, 0x000000076c180000)
  object space 105472K, 50% used [0x00000006c4400000,0x00000006c78876d0,0x00000006cab00000)
 Metaspace       used 31941K, capacity 32185K, committed 32640K, reserved 1077248K
  class space    used 4102K, capacity 4209K, committed 4224K, reserved 1048576K
Event: 173.308 GC heap after
Heap after GC invocations=14 (full 1):
 PSYoungGen      total 412160K, used 24564K [0x000000076c180000, 0x0000000790000000, 0x00000007c0000000)
  eden space 387584K, 0% used [0x000000076c180000,0x000000076c180000,0x0000000783c00000)
  from space 24576K, 99% used [0x0000000783c00000,0x00000007853fd180,0x0000000785400000)
  to   space 31744K, 0% used [0x000000078e100000,0x000000078e100000,0x0000000790000000)
 ParOldGen       total 105472K, used 63272K [0x00000006c4400000, 0x00000006cab00000, 0x000000076c180000)
  object space 105472K, 59% used [0x00000006c4400000,0x00000006c81ca098,0x00000006cab00000)
 Metaspace       used 31941K, capacity 32185K, committed 32640K, reserved 1077248K
  class space    used 4102K, capacity 4209K, committed 4224K, reserved 1048576K
}

