# JRE version: Java(TM) SE Runtime Environment (8.0_91-b14) (build 1.8.0_91-b14)
# Java VM: Java HotSpot(TM) 64-Bit Server VM (25.91-b14 mixed mode windows-amd64 compressed oops)
Heap:
 PSYoungGen      total 476672K, used 252660K [0x000000076c180000, 0x0000000796100000, 0x00000007c0000000)
  eden space 451072K, 53% used [0x000000076c180000,0x000000077ab3d0b0,0x0000000787a00000)
  from space 25600K, 52% used [0x0000000787a00000,0x0000000788700130,0x0000000789300000)
  to   space 24576K, 0% used [0x0000000794900000,0x0000000794900000,0x0000000796100000)
 ParOldGen       total 87040K, used 51387K [0x00000006c4400000, 0x00000006c9900000, 0x000000076c180000)
  object space 87040K, 59% used [0x00000006c4400000,0x00000006c762ed20,0x00000006c9900000)
 Metaspace       used 32478K, capacity 32725K, committed 33200K, reserved 1079296K
  class space    used 4173K, capacity 4241K, committed 4272K, reserved 1048576K
GC Heap History (10 events):
Event: 3.742 GC heap before
{Heap before GC invocations=8 (full 1):
 PSYoungGen      total 190976K, used 190944K [0x000000076c180000, 0x000000077ba80000, 0x00000007c0000000)
  eden space 179712K, 100% used [0x000000076c180000,0x0000000777100000,0x0000000777100000)
  from space 11264K, 99% used [0x0000000778300000,0x0000000778df8010,0x0000000778e00000)
  to   space 18432K, 0% used [0x0000000777100000,0x0000000777100000,0x0000000778300000)
 ParOldGen       total 87040K, used 25816K [0x00000006c4400000, 0x00000006c9900000, 0x000000076c180000)
  object space 87040K, 29% used [0x00000006c4400000,0x00000006c5d361b8,0x00000006c9900000)
 Metaspace       used 30230K, capacity 30485K, committed 30768K, reserved 1075200K
  class space    used 4008K, capacity 4067K, committed 4144K, reserved 1048576K
Event: 3.759 GC heap after
Heap after GC invocations=8 (full 1):
 PSYoungGen      total 198144K, used 18414K [0x000000076c180000, 0x0000000782300000, 0x00000007c0000000)
  eden space 179712K, 0% used [0x000000076c180000,0x000000076c180000,0x0000000777100000)
  from space 18432K, 99% used [0x0000000777100000,0x00000007782fb920,0x0000000778300000)
  to   space 23552K, 0% used [0x0000000780c00000,0x0000000780c00000,0x0000000782300000)
 ParOldGen       total 87040K, used 28747K [0x00000006c4400000, 0x00000006c9900000, 0x000000076c180000)
  object space 87040K, 33% used [0x00000006c4400000,0x00000006c6012d28,0x00000006c9900000)
 Metaspace       used 30230K, capacity 30485K, committed 30768K, reserved 1075200K
  class space    used 4008K, capacity 4067K, committed 4144K, reserved 1048576K
}
Event: 3.887 GC heap before
{Heap before GC invocations=9 (full 1):
 PSYoungGen      total 198144K, used 198126K [0x000000076c180000, 0x0000000782300000, 0x00000007c0000000)
  eden space 179712K, 100% used [0x000000076c180000,0x0000000777100000,0x0000000777100000)
  from space 18432K, 99% used [0x0000000777100000,0x00000007782fb920,0x0000000778300000)
  to   space 23552K, 0% used [0x0000000780c00000,0x0000000780c00000,0x0000000782300000)
 ParOldGen       total 87040K, used 28747K [0x00000006c4400000, 0x00000006c9900000, 0x000000076c180000)
  object space 87040K, 33% used [0x00000006c4400000,0x00000006c6012d28,0x00000006c9900000)
 Metaspace       used 30391K, capacity 30645K, committed 31024K, reserved 1077248K
  class space    used 4022K, capacity 4099K, committed 4144K, reserved 1048576K
Event: 3.901 GC heap after
Heap after GC invocations=9 (full 1):
 PSYoungGen      total 335872K, used 19868K [0x000000076c180000, 0x0000000783000000, 0x00000007c0000000)
  eden space 312320K, 0% used [0x000000076c180000,0x000000076c180000,0x000000077f280000)
  from space 23552K, 84% used [0x0000000780c00000,0x0000000781f671f0,0x0000000782300000)
  to   space 26112K, 0% used [0x000000077f280000,0x000000077f280000,0x0000000780c00000)
 ParOldGen       total 87040K, used 30032K [0x00000006c4400000, 0x00000006c9900000, 0x000000076c180000)
  object space 87040K, 34% used [0x00000006c4400000,0x00000006c61540a0,0x00000006c9900000)
 Metaspace       used 30391K, capacity 30645K, committed 31024K, reserved 1077248K
  class space    used 4022K, capacity 4099K, committed 4144K, reserved 1048576K
}
Event: 4.374 GC heap before
{Heap before GC invocations=10 (full 1):
 PSYoungGen      total 335872K, used 332188K [0x000000076c180000, 0x0000000783000000, 0x00000007c0000000)
  eden space 312320K, 100% used [0x000000076c180000,0x000000077f280000,0x000000077f280000)
  from space 23552K, 84% used [0x0000000780c00000,0x0000000781f671f0,0x0000000782300000)
  to   space 26112K, 0% used [0x000000077f280000,0x000000077f280000,0x0000000780c00000)
 ParOldGen       total 87040K, used 30032K [0x00000006c4400000, 0x00000006c9900000, 0x000000076c180000)
  object space 87040K, 34% used [0x00000006c4400000,0x00000006c61540a0,0x00000006c9900000)
 Metaspace       used 30714K, capacity 30965K, committed 31280K, reserved 1077248K
  class space    used 4036K, capacity 4099K, committed 4144K, reserved 1048576K
Event: 4.383 GC heap after
Heap after GC invocations=10 (full 1):
 PSYoungGen      total 338432K, used 15208K [0x000000076c180000, 0x000000078b080000, 0x00000007c0000000)
  eden space 312320K, 0% used [0x000000076c180000,0x000000076c180000,0x000000077f280000)
  from space 26112K, 58% used [0x000000077f280000,0x000000078015a210,0x0000000780c00000)
  to   space 25600K, 0% used [0x0000000789780000,0x0000000789780000,0x000000078b080000)
 ParOldGen       total 87040K, used 39612K [0x00000006c4400000, 0x00000006c9900000, 0x000000076c180000)
  object space 87040K, 45% used [0x00000006c4400000,0x00000006c6aaf0c0,0x00000006c9900000)
 Metaspace       used 30714K, capacity 30965K, committed 31280K, reserved 1077248K
  class space    used 4036K, capacity 4099K, committed 4144K, reserved 1048576K
}
Event: 4.694 GC heap before
{Heap before GC invocations=11 (full 1):
 PSYoungGen      total 338432K, used 327528K [0x000000076c180000, 0x000000078b080000, 0x00000007c0000000)
  eden space 312320K, 100% used [0x000000076c180000,0x000000077f280000,0x000000077f280000)
  from space 26112K, 58% used [0x000000077f280000,0x000000078015a210,0x0000000780c00000)
  to   space 25600K, 0% used [0x0000000789780000,0x0000000789780000,0x000000078b080000)
 ParOldGen       total 87040K, used 39612K [0x00000006c4400000, 0x00000006c9900000, 0x000000076c180000)
  object space 87040K, 45% used [0x00000006c4400000,0x00000006c6aaf0c0,0x00000006c9900000)
 Metaspace       used 30746K, capacity 30965K, committed 31280K, reserved 1077248K
  class space    used 4036K, capacity 4099K, committed 4144K, reserved 1048576K
Event: 4.701 GC heap after
Heap after GC invocations=11 (full 1):
 PSYoungGen      total 472064K, used 6784K [0x000000076c180000, 0x000000078ac00000, 0x00000007c0000000)
  eden space 451072K, 0% used [0x000000076c180000,0x000000076c180000,0x0000000787a00000)
  from space 20992K, 32% used [0x0000000789780000,0x0000000789e20040,0x000000078ac00000)
  to   space 25600K, 0% used [0x0000000787a00000,0x0000000787a00000,0x0000000789300000)
 ParOldGen       total 87040K, used 49515K [0x00000006c4400000, 0x00000006c9900000, 0x000000076c180000)
  object space 87040K, 56% used [0x00000006c4400000,0x00000006c745acb0,0x00000006c9900000)
 Metaspace       used 30746K, capacity 30965K, committed 31280K, reserved 1077248K
  class space    used 4036K, capacity 4099K, committed 4144K, reserved 1048576K
}
Event: 5.578 GC heap before
{Heap before GC invocations=12 (full 1):
 PSYoungGen      total 472064K, used 456737K [0x000000076c180000, 0x000000078ac00000, 0x00000007c0000000)
  eden space 451072K, 99% used [0x000000076c180000,0x00000007878e8490,0x0000000787a00000)
  from space 20992K, 32% used [0x0000000789780000,0x0000000789e20040,0x000000078ac00000)
  to   space 25600K, 0% used [0x0000000787a00000,0x0000000787a00000,0x0000000789300000)
 ParOldGen       total 87040K, used 49515K [0x00000006c4400000, 0x00000006c9900000, 0x000000076c180000)
  object space 87040K, 56% used [0x00000006c4400000,0x00000006c745acb0,0x00000006c9900000)
 Metaspace       used 31352K, capacity 31573K, committed 31792K, reserved 1077248K
  class space    used 4062K, capacity 4131K, committed 4144K, reserved 1048576K
Event: 5.584 GC heap after
Heap after GC invocations=12 (full 1):
 PSYoungGen      total 476672K, used 13312K [0x000000076c180000, 0x0000000796100000, 0x00000007c0000000)
  eden space 451072K, 0% used [0x000000076c180000,0x000000076c180000,0x0000000787a00000)
  from space 25600K, 52% used [0x0000000787a00000,0x0000000788700130,0x0000000789300000)
  to   space 24576K, 0% used [0x0000000794900000,0x0000000794900000,0x0000000796100000)
 ParOldGen       total 87040K, used 51387K [0x00000006c4400000, 0x00000006c9900000, 0x000000076c180000)
  object space 87040K, 59% used [0x00000006c4400000,0x00000006c762ed20,0x00000006c9900000)
 Metaspace       used 31352K, capacity 31573K, committed 31792K, reserved 1077248K
  class space    used 4062K, capacity 4131K, committed 4144K, reserved 1048576K
}

