# JRE version: Java(TM) SE Runtime Environment (8.0_91-b14) (build 1.8.0_91-b14)
# Java VM: Java HotSpot(TM) 64-Bit Server VM (25.91-b14 mixed mode windows-amd64 compressed oops)
Heap:
 PSYoungGen      total 316928K, used 36579K [0x000000076c180000, 0x0000000781b00000, 0x00000007c0000000)
  eden space 299520K, 7% used [0x000000076c180000,0x000000076d8d4a98,0x000000077e600000)
  from space 17408K, 72% used [0x0000000780a00000,0x0000000781664218,0x0000000781b00000)
  to   space 27136K, 0% used [0x000000077e600000,0x000000077e600000,0x0000000780080000)
 ParOldGen       total 109568K, used 50954K [0x00000006c4400000, 0x00000006caf00000, 0x000000076c180000)
  object space 109568K, 46% used [0x00000006c4400000,0x00000006c75c2b80,0x00000006caf00000)
 Metaspace       used 31900K, capacity 32185K, committed 32640K, reserved 1077248K
  class space    used 4103K, capacity 4209K, committed 4224K, reserved 1048576K
GC Heap History (10 events):
Event: 2.525 GC heap before
{Heap before GC invocations=7 (full 1):
 PSYoungGen      total 96768K, used 96752K [0x000000076c180000, 0x0000000776200000, 0x00000007c0000000)
  eden space 86016K, 100% used [0x000000076c180000,0x0000000771580000,0x0000000771580000)
  from space 10752K, 99% used [0x0000000771580000,0x0000000771ffc020,0x0000000772000000)
  to   space 13312K, 0% used [0x0000000775500000,0x0000000775500000,0x0000000776200000)
 ParOldGen       total 109568K, used 16862K [0x00000006c4400000, 0x00000006caf00000, 0x000000076c180000)
  object space 109568K, 15% used [0x00000006c4400000,0x00000006c5477b58,0x00000006caf00000)
 Metaspace       used 26786K, capacity 27052K, committed 27392K, reserved 1073152K
  class space    used 3726K, capacity 3808K, committed 3840K, reserved 1048576K
Event: 2.535 GC heap after
Heap after GC invocations=7 (full 1):
 PSYoungGen      total 144384K, used 13280K [0x000000076c180000, 0x0000000777a00000, 0x00000007c0000000)
  eden space 131072K, 0% used [0x000000076c180000,0x000000076c180000,0x0000000774180000)
  from space 13312K, 99% used [0x0000000775500000,0x00000007761f8010,0x0000000776200000)
  to   space 19968K, 0% used [0x0000000774180000,0x0000000774180000,0x0000000775500000)
 ParOldGen       total 109568K, used 23982K [0x00000006c4400000, 0x00000006caf00000, 0x000000076c180000)
  object space 109568K, 21% used [0x00000006c4400000,0x00000006c5b6bb58,0x00000006caf00000)
 Metaspace       used 26786K, capacity 27052K, committed 27392K, reserved 1073152K
  class space    used 3726K, capacity 3808K, committed 3840K, reserved 1048576K
}
Event: 3.397 GC heap before
{Heap before GC invocations=8 (full 1):
 PSYoungGen      total 144384K, used 131785K [0x000000076c180000, 0x0000000777a00000, 0x00000007c0000000)
  eden space 131072K, 90% used [0x000000076c180000,0x000000077353a4b0,0x0000000774180000)
  from space 13312K, 99% used [0x0000000775500000,0x00000007761f8010,0x0000000776200000)
  to   space 19968K, 0% used [0x0000000774180000,0x0000000774180000,0x0000000775500000)
 ParOldGen       total 109568K, used 23982K [0x00000006c4400000, 0x00000006caf00000, 0x000000076c180000)
  object space 109568K, 21% used [0x00000006c4400000,0x00000006c5b6bb58,0x00000006caf00000)
 Metaspace       used 30347K, capacity 30553K, committed 30976K, reserved 1077248K
  class space    used 3997K, capacity 4067K, committed 4096K, reserved 1048576K
Event: 3.405 GC heap after
Heap after GC invocations=8 (full 1):
 PSYoungGen      total 151040K, used 19937K [0x000000076c180000, 0x000000077cb80000, 0x00000007c0000000)
  eden space 131072K, 0% used [0x000000076c180000,0x000000076c180000,0x0000000774180000)
  from space 19968K, 99% used [0x0000000774180000,0x00000007754f8550,0x0000000775500000)
  to   space 25600K, 0% used [0x000000077b280000,0x000000077b280000,0x000000077cb80000)
 ParOldGen       total 109568K, used 27110K [0x00000006c4400000, 0x00000006caf00000, 0x000000076c180000)
  object space 109568K, 24% used [0x00000006c4400000,0x00000006c5e79be0,0x00000006caf00000)
 Metaspace       used 30347K, capacity 30553K, committed 30976K, reserved 1077248K
  class space    used 3997K, capacity 4067K, committed 4096K, reserved 1048576K
}
Event: 3.690 GC heap before
{Heap before GC invocations=9 (full 1):
 PSYoungGen      total 151040K, used 151009K [0x000000076c180000, 0x000000077cb80000, 0x00000007c0000000)
  eden space 131072K, 100% used [0x000000076c180000,0x0000000774180000,0x0000000774180000)
  from space 19968K, 99% used [0x0000000774180000,0x00000007754f8550,0x0000000775500000)
  to   space 25600K, 0% used [0x000000077b280000,0x000000077b280000,0x000000077cb80000)
 ParOldGen       total 109568K, used 27110K [0x00000006c4400000, 0x00000006caf00000, 0x000000076c180000)
  object space 109568K, 24% used [0x00000006c4400000,0x00000006c5e79be0,0x00000006caf00000)
 Metaspace       used 30754K, capacity 31033K, committed 31360K, reserved 1077248K
  class space    used 4020K, capacity 4099K, committed 4224K, reserved 1048576K
Event: 3.704 GC heap after
Heap after GC invocations=9 (full 1):
 PSYoungGen      total 243712K, used 22319K [0x000000076c180000, 0x000000077d400000, 0x00000007c0000000)
  eden space 218112K, 0% used [0x000000076c180000,0x000000076c180000,0x0000000779680000)
  from space 25600K, 87% used [0x000000077b280000,0x000000077c84be50,0x000000077cb80000)
  to   space 28672K, 0% used [0x0000000779680000,0x0000000779680000,0x000000077b280000)
 ParOldGen       total 109568K, used 32851K [0x00000006c4400000, 0x00000006caf00000, 0x000000076c180000)
  object space 109568K, 29% used [0x00000006c4400000,0x00000006c6414c10,0x00000006caf00000)
 Metaspace       used 30754K, capacity 31033K, committed 31360K, reserved 1077248K
  class space    used 4020K, capacity 4099K, committed 4224K, reserved 1048576K
}
Event: 4.150 GC heap before
{Heap before GC invocations=10 (full 1):
 PSYoungGen      total 243712K, used 240431K [0x000000076c180000, 0x000000077d400000, 0x00000007c0000000)
  eden space 218112K, 100% used [0x000000076c180000,0x0000000779680000,0x0000000779680000)
  from space 25600K, 87% used [0x000000077b280000,0x000000077c84be50,0x000000077cb80000)
  to   space 28672K, 0% used [0x0000000779680000,0x0000000779680000,0x000000077b280000)
 ParOldGen       total 109568K, used 32851K [0x00000006c4400000, 0x00000006caf00000, 0x000000076c180000)
  object space 109568K, 29% used [0x00000006c4400000,0x00000006c6414c10,0x00000006caf00000)
 Metaspace       used 31037K, capacity 31289K, committed 31616K, reserved 1077248K
  class space    used 4027K, capacity 4099K, committed 4224K, reserved 1048576K
Event: 4.161 GC heap after
Heap after GC invocations=10 (full 1):
 PSYoungGen      total 246784K, used 16397K [0x000000076c180000, 0x0000000782600000, 0x00000007c0000000)
  eden space 218112K, 0% used [0x000000076c180000,0x000000076c180000,0x0000000779680000)
  from space 28672K, 57% used [0x0000000779680000,0x000000077a683500,0x000000077b280000)
  to   space 28672K, 0% used [0x0000000780a00000,0x0000000780a00000,0x0000000782600000)
 ParOldGen       total 109568K, used 39871K [0x00000006c4400000, 0x00000006caf00000, 0x000000076c180000)
  object space 109568K, 36% used [0x00000006c4400000,0x00000006c6aefc20,0x00000006caf00000)
 Metaspace       used 31037K, capacity 31289K, committed 31616K, reserved 1077248K
  class space    used 4027K, capacity 4099K, committed 4224K, reserved 1048576K
}
Event: 149.962 GC heap before
{Heap before GC invocations=11 (full 1):
 PSYoungGen      total 246784K, used 234065K [0x000000076c180000, 0x0000000782600000, 0x00000007c0000000)
  eden space 218112K, 99% used [0x000000076c180000,0x0000000779610fa0,0x0000000779680000)
  from space 28672K, 57% used [0x0000000779680000,0x000000077a683500,0x000000077b280000)
  to   space 28672K, 0% used [0x0000000780a00000,0x0000000780a00000,0x0000000782600000)
 ParOldGen       total 109568K, used 39871K [0x00000006c4400000, 0x00000006caf00000, 0x000000076c180000)
  object space 109568K, 36% used [0x00000006c4400000,0x00000006c6aefc20,0x00000006caf00000)
 Metaspace       used 31899K, capacity 32185K, committed 32640K, reserved 1077248K
  class space    used 4103K, capacity 4209K, committed 4224K, reserved 1048576K
Event: 149.985 GC heap after
Heap after GC invocations=11 (full 1):
 PSYoungGen      total 316928K, used 12688K [0x000000076c180000, 0x0000000781b00000, 0x00000007c0000000)
  eden space 299520K, 0% used [0x000000076c180000,0x000000076c180000,0x000000077e600000)
  from space 17408K, 72% used [0x0000000780a00000,0x0000000781664218,0x0000000781b00000)
  to   space 27136K, 0% used [0x000000077e600000,0x000000077e600000,0x0000000780080000)
 ParOldGen       total 109568K, used 50954K [0x00000006c4400000, 0x00000006caf00000, 0x000000076c180000)
  object space 109568K, 46% used [0x00000006c4400000,0x00000006c75c2b80,0x00000006caf00000)
 Metaspace       used 31899K, capacity 32185K, committed 32640K, reserved 1077248K
  class space    used 4103K, capacity 4209K, committed 4224K, reserved 1048576K
}

