# JRE version: Java(TM) SE Runtime Environment (8.0_91-b14) (build 1.8.0_91-b14)
# Java VM: Java HotSpot(TM) 64-Bit Server VM (25.91-b14 mixed mode windows-amd64 compressed oops)
Heap:
 PSYoungGen      total 370176K, used 219576K [0x000000076c180000, 0x000000078ae80000, 0x00000007c0000000)
  eden space 345600K, 58% used [0x000000076c180000,0x0000000778862008,0x0000000781300000)
  from space 24576K, 64% used [0x0000000781300000,0x000000078228c120,0x0000000782b00000)
  to   space 25088K, 0% used [0x0000000789600000,0x0000000789600000,0x000000078ae80000)
 ParOldGen       total 104960K, used 53076K [0x00000006c4400000, 0x00000006caa80000, 0x000000076c180000)
  object space 104960K, 50% used [0x00000006c4400000,0x00000006c77d5068,0x00000006caa80000)
 Metaspace       used 32362K, capacity 32633K, committed 32896K, reserved 1077248K
  class space    used 4136K, capacity 4209K, committed 4224K, reserved 1048576K
GC Heap History (10 events):
Event: 3.368 GC heap before
{Heap before GC invocations=10 (full 1):
 PSYoungGen      total 209408K, used 203838K [0x000000076c180000, 0x000000077b380000, 0x00000007c0000000)
  eden space 187392K, 100% used [0x000000076c180000,0x0000000777880000,0x0000000777880000)
  from space 22016K, 74% used [0x0000000778f80000,0x0000000779f8f930,0x000000077a500000)
  to   space 23552K, 0% used [0x0000000777880000,0x0000000777880000,0x0000000778f80000)
 ParOldGen       total 104960K, used 30422K [0x00000006c4400000, 0x00000006caa80000, 0x000000076c180000)
  object space 104960K, 28% used [0x00000006c4400000,0x00000006c61b5b98,0x00000006caa80000)
 Metaspace       used 30554K, capacity 30841K, committed 31360K, reserved 1077248K
  class space    used 4010K, capacity 4099K, committed 4224K, reserved 1048576K
Event: 3.374 GC heap after
Heap after GC invocations=10 (full 1):
 PSYoungGen      total 210944K, used 15518K [0x000000076c180000, 0x000000077ed00000, 0x00000007c0000000)
  eden space 187392K, 0% used [0x000000076c180000,0x000000076c180000,0x0000000777880000)
  from space 23552K, 65% used [0x0000000777880000,0x00000007787a7a30,0x0000000778f80000)
  to   space 24064K, 0% used [0x000000077d580000,0x000000077d580000,0x000000077ed00000)
 ParOldGen       total 104960K, used 31726K [0x00000006c4400000, 0x00000006caa80000, 0x000000076c180000)
  object space 104960K, 30% used [0x00000006c4400000,0x00000006c62fbbd8,0x00000006caa80000)
 Metaspace       used 30554K, capacity 30841K, committed 31360K, reserved 1077248K
  class space    used 4010K, capacity 4099K, committed 4224K, reserved 1048576K
}
Event: 3.601 GC heap before
{Heap before GC invocations=11 (full 1):
 PSYoungGen      total 210944K, used 202910K [0x000000076c180000, 0x000000077ed00000, 0x00000007c0000000)
  eden space 187392K, 100% used [0x000000076c180000,0x0000000777880000,0x0000000777880000)
  from space 23552K, 65% used [0x0000000777880000,0x00000007787a7a30,0x0000000778f80000)
  to   space 24064K, 0% used [0x000000077d580000,0x000000077d580000,0x000000077ed00000)
 ParOldGen       total 104960K, used 31726K [0x00000006c4400000, 0x00000006caa80000, 0x000000076c180000)
  object space 104960K, 30% used [0x00000006c4400000,0x00000006c62fbbd8,0x00000006caa80000)
 Metaspace       used 30835K, capacity 31097K, committed 31616K, reserved 1077248K
  class space    used 4024K, capacity 4099K, committed 4224K, reserved 1048576K
Event: 3.609 GC heap after
Heap after GC invocations=11 (full 1):
 PSYoungGen      total 281600K, used 17224K [0x000000076c180000, 0x000000077ee80000, 0x00000007c0000000)
  eden space 257536K, 0% used [0x000000076c180000,0x000000076c180000,0x000000077bd00000)
  from space 24064K, 71% used [0x000000077d580000,0x000000077e652330,0x000000077ed00000)
  to   space 25088K, 0% used [0x000000077bd00000,0x000000077bd00000,0x000000077d580000)
 ParOldGen       total 104960K, used 36922K [0x00000006c4400000, 0x00000006caa80000, 0x000000076c180000)
  object space 104960K, 35% used [0x00000006c4400000,0x00000006c680ebe8,0x00000006caa80000)
 Metaspace       used 30835K, capacity 31097K, committed 31616K, reserved 1077248K
  class space    used 4024K, capacity 4099K, committed 4224K, reserved 1048576K
}
Event: 3.861 GC heap before
{Heap before GC invocations=12 (full 1):
 PSYoungGen      total 281600K, used 274760K [0x000000076c180000, 0x000000077ee80000, 0x00000007c0000000)
  eden space 257536K, 100% used [0x000000076c180000,0x000000077bd00000,0x000000077bd00000)
  from space 24064K, 71% used [0x000000077d580000,0x000000077e652330,0x000000077ed00000)
  to   space 25088K, 0% used [0x000000077bd00000,0x000000077bd00000,0x000000077d580000)
 ParOldGen       total 104960K, used 36922K [0x00000006c4400000, 0x00000006caa80000, 0x000000076c180000)
  object space 104960K, 35% used [0x00000006c4400000,0x00000006c680ebe8,0x00000006caa80000)
 Metaspace       used 30903K, capacity 31097K, committed 31616K, reserved 1077248K
  class space    used 4024K, capacity 4099K, committed 4224K, reserved 1048576K
Event: 3.867 GC heap after
Heap after GC invocations=12 (full 1):
 PSYoungGen      total 282624K, used 6240K [0x000000076c180000, 0x0000000784900000, 0x00000007c0000000)
  eden space 257536K, 0% used [0x000000076c180000,0x000000076c180000,0x000000077bd00000)
  from space 25088K, 24% used [0x000000077bd00000,0x000000077c318060,0x000000077d580000)
  to   space 24576K, 0% used [0x0000000783100000,0x0000000783100000,0x0000000784900000)
 ParOldGen       total 104960K, used 46755K [0x00000006c4400000, 0x00000006caa80000, 0x000000076c180000)
  object space 104960K, 44% used [0x00000006c4400000,0x00000006c71a8fe8,0x00000006caa80000)
 Metaspace       used 30903K, capacity 31097K, committed 31616K, reserved 1077248K
  class space    used 4024K, capacity 4099K, committed 4224K, reserved 1048576K
}
Event: 4.103 GC heap before
{Heap before GC invocations=13 (full 1):
 PSYoungGen      total 282624K, used 263776K [0x000000076c180000, 0x0000000784900000, 0x00000007c0000000)
  eden space 257536K, 100% used [0x000000076c180000,0x000000077bd00000,0x000000077bd00000)
  from space 25088K, 24% used [0x000000077bd00000,0x000000077c318060,0x000000077d580000)
  to   space 24576K, 0% used [0x0000000783100000,0x0000000783100000,0x0000000784900000)
 ParOldGen       total 104960K, used 46755K [0x00000006c4400000, 0x00000006caa80000, 0x000000076c180000)
  object space 104960K, 44% used [0x00000006c4400000,0x00000006c71a8fe8,0x00000006caa80000)
 Metaspace       used 30916K, capacity 31161K, committed 31616K, reserved 1077248K
  class space    used 4024K, capacity 4099K, committed 4224K, reserved 1048576K
Event: 4.106 GC heap after
Heap after GC invocations=13 (full 1):
 PSYoungGen      total 364032K, used 2832K [0x000000076c180000, 0x0000000784300000, 0x00000007c0000000)
  eden space 345600K, 0% used [0x000000076c180000,0x000000076c180000,0x0000000781300000)
  from space 18432K, 15% used [0x0000000783100000,0x00000007833c4010,0x0000000784300000)
  to   space 24576K, 0% used [0x0000000781300000,0x0000000781300000,0x0000000782b00000)
 ParOldGen       total 104960K, used 51316K [0x00000006c4400000, 0x00000006caa80000, 0x000000076c180000)
  object space 104960K, 48% used [0x00000006c4400000,0x00000006c761d058,0x00000006caa80000)
 Metaspace       used 30916K, capacity 31161K, committed 31616K, reserved 1077248K
  class space    used 4024K, capacity 4099K, committed 4224K, reserved 1048576K
}
Event: 4.719 GC heap before
{Heap before GC invocations=14 (full 1):
 PSYoungGen      total 364032K, used 348432K [0x000000076c180000, 0x0000000784300000, 0x00000007c0000000)
  eden space 345600K, 100% used [0x000000076c180000,0x0000000781300000,0x0000000781300000)
  from space 18432K, 15% used [0x0000000783100000,0x00000007833c4010,0x0000000784300000)
  to   space 24576K, 0% used [0x0000000781300000,0x0000000781300000,0x0000000782b00000)
 ParOldGen       total 104960K, used 51316K [0x00000006c4400000, 0x00000006caa80000, 0x000000076c180000)
  object space 104960K, 48% used [0x00000006c4400000,0x00000006c761d058,0x00000006caa80000)
 Metaspace       used 31507K, capacity 31737K, committed 32128K, reserved 1077248K
  class space    used 4045K, capacity 4099K, committed 4224K, reserved 1048576K
Event: 4.725 GC heap after
Heap after GC invocations=14 (full 1):
 PSYoungGen      total 370176K, used 15920K [0x000000076c180000, 0x000000078ae80000, 0x00000007c0000000)
  eden space 345600K, 0% used [0x000000076c180000,0x000000076c180000,0x0000000781300000)
  from space 24576K, 64% used [0x0000000781300000,0x000000078228c120,0x0000000782b00000)
  to   space 25088K, 0% used [0x0000000789600000,0x0000000789600000,0x000000078ae80000)
 ParOldGen       total 104960K, used 53076K [0x00000006c4400000, 0x00000006caa80000, 0x000000076c180000)
  object space 104960K, 50% used [0x00000006c4400000,0x00000006c77d5068,0x00000006caa80000)
 Metaspace       used 31507K, capacity 31737K, committed 32128K, reserved 1077248K
  class space    used 4045K, capacity 4099K, committed 4224K, reserved 1048576K
}

