# JRE version: Java(TM) SE Runtime Environment (8.0_91-b14) (build 1.8.0_91-b14)
# Java VM: Java HotSpot(TM) 64-Bit Server VM (25.91-b14 mixed mode windows-amd64 compressed oops)
Heap:
 PSYoungGen      total 55296K, used 35825K [0x000000076c180000, 0x0000000770400000, 0x00000007c0000000)
  eden space 48640K, 60% used [0x000000076c180000,0x000000076de75dd0,0x000000076f100000)
  from space 6656K, 92% used [0x000000076f180000,0x000000076f786820,0x000000076f800000)
  to   space 9728K, 0% used [0x000000076fa80000,0x000000076fa80000,0x0000000770400000)
 ParOldGen       total 110592K, used 77964K [0x00000006c4400000, 0x00000006cb000000, 0x000000076c180000)
  object space 110592K, 70% used [0x00000006c4400000,0x00000006c90233f0,0x00000006cb000000)
 Metaspace       used 32912K, capacity 33157K, committed 33536K, reserved 1079296K
  class space    used 4172K, capacity 4275K, committed 4352K, reserved 1048576K
GC Heap History (10 events):
Event: 4254.871 GC heap before
{Heap before GC invocations=110 (full 1):
 PSYoungGen      total 60416K, used 57280K [0x000000076c180000, 0x0000000770600000, 0x00000007c0000000)
  eden space 51712K, 100% used [0x000000076c180000,0x000000076f400000,0x000000076f400000)
  from space 8704K, 63% used [0x000000076fd80000,0x00000007702f0068,0x0000000770600000)
  to   space 9216K, 0% used [0x000000076f400000,0x000000076f400000,0x000000076fd00000)
 ParOldGen       total 110592K, used 77964K [0x00000006c4400000, 0x00000006cb000000, 0x000000076c180000)
  object space 110592K, 70% used [0x00000006c4400000,0x00000006c90233f0,0x00000006cb000000)
 Metaspace       used 32912K, capacity 33157K, committed 33536K, reserved 1079296K
  class space    used 4172K, capacity 4275K, committed 4352K, reserved 1048576K
Event: 4254.874 GC heap after
Heap after GC invocations=110 (full 1):
 PSYoungGen      total 57344K, used 6029K [0x000000076c180000, 0x0000000770580000, 0x00000007c0000000)
  eden space 51200K, 0% used [0x000000076c180000,0x000000076c180000,0x000000076f380000)
  from space 6144K, 98% used [0x000000076f400000,0x000000076f9e34b8,0x000000076fa00000)
  to   space 9216K, 0% used [0x000000076fc80000,0x000000076fc80000,0x0000000770580000)
 ParOldGen       total 110592K, used 77964K [0x00000006c4400000, 0x00000006cb000000, 0x000000076c180000)
  object space 110592K, 70% used [0x00000006c4400000,0x00000006c90233f0,0x00000006cb000000)
 Metaspace       used 32912K, capacity 33157K, committed 33536K, reserved 1079296K
  class space    used 4172K, capacity 4275K, committed 4352K, reserved 1048576K
}
Event: 4265.342 GC heap before
{Heap before GC invocations=111 (full 1):
 PSYoungGen      total 57344K, used 56741K [0x000000076c180000, 0x0000000770580000, 0x00000007c0000000)
  eden space 51200K, 99% used [0x000000076c180000,0x000000076f305fb8,0x000000076f380000)
  from space 6144K, 98% used [0x000000076f400000,0x000000076f9e34b8,0x000000076fa00000)
  to   space 9216K, 0% used [0x000000076fc80000,0x000000076fc80000,0x0000000770580000)
 ParOldGen       total 110592K, used 77964K [0x00000006c4400000, 0x00000006cb000000, 0x000000076c180000)
  object space 110592K, 70% used [0x00000006c4400000,0x00000006c90233f0,0x00000006cb000000)
 Metaspace       used 32912K, capacity 33157K, committed 33536K, reserved 1079296K
  class space    used 4172K, capacity 4275K, committed 4352K, reserved 1048576K
Event: 4265.345 GC heap after
Heap after GC invocations=111 (full 1):
 PSYoungGen      total 58368K, used 3874K [0x000000076c180000, 0x0000000770400000, 0x00000007c0000000)
  eden space 50688K, 0% used [0x000000076c180000,0x000000076c180000,0x000000076f300000)
  from space 7680K, 50% used [0x000000076fc80000,0x00000007700489f8,0x0000000770400000)
  to   space 8704K, 0% used [0x000000076f300000,0x000000076f300000,0x000000076fb80000)
 ParOldGen       total 110592K, used 77964K [0x00000006c4400000, 0x00000006cb000000, 0x000000076c180000)
  object space 110592K, 70% used [0x00000006c4400000,0x00000006c90233f0,0x00000006cb000000)
 Metaspace       used 32912K, capacity 33157K, committed 33536K, reserved 1079296K
  class space    used 4172K, capacity 4275K, committed 4352K, reserved 1048576K
}
Event: 4275.467 GC heap before
{Heap before GC invocations=112 (full 1):
 PSYoungGen      total 58368K, used 54562K [0x000000076c180000, 0x0000000770400000, 0x00000007c0000000)
  eden space 50688K, 100% used [0x000000076c180000,0x000000076f300000,0x000000076f300000)
  from space 7680K, 50% used [0x000000076fc80000,0x00000007700489f8,0x0000000770400000)
  to   space 8704K, 0% used [0x000000076f300000,0x000000076f300000,0x000000076fb80000)
 ParOldGen       total 110592K, used 77964K [0x00000006c4400000, 0x00000006cb000000, 0x000000076c180000)
  object space 110592K, 70% used [0x00000006c4400000,0x00000006c90233f0,0x00000006cb000000)
 Metaspace       used 32912K, capacity 33157K, committed 33536K, reserved 1079296K
  class space    used 4172K, capacity 4275K, committed 4352K, reserved 1048576K
Event: 4275.470 GC heap after
Heap after GC invocations=112 (full 1):
 PSYoungGen      total 55808K, used 5126K [0x000000076c180000, 0x0000000770380000, 0x00000007c0000000)
  eden space 50176K, 0% used [0x000000076c180000,0x000000076c180000,0x000000076f280000)
  from space 5632K, 91% used [0x000000076f300000,0x000000076f801aa8,0x000000076f880000)
  to   space 8704K, 0% used [0x000000076fb00000,0x000000076fb00000,0x0000000770380000)
 ParOldGen       total 110592K, used 77964K [0x00000006c4400000, 0x00000006cb000000, 0x000000076c180000)
  object space 110592K, 70% used [0x00000006c4400000,0x00000006c90233f0,0x00000006cb000000)
 Metaspace       used 32912K, capacity 33157K, committed 33536K, reserved 1079296K
  class space    used 4172K, capacity 4275K, committed 4352K, reserved 1048576K
}
Event: 4287.388 GC heap before
{Heap before GC invocations=113 (full 1):
 PSYoungGen      total 55808K, used 55302K [0x000000076c180000, 0x0000000770380000, 0x00000007c0000000)
  eden space 50176K, 100% used [0x000000076c180000,0x000000076f280000,0x000000076f280000)
  from space 5632K, 91% used [0x000000076f300000,0x000000076f801aa8,0x000000076f880000)
  to   space 8704K, 0% used [0x000000076fb00000,0x000000076fb00000,0x0000000770380000)
 ParOldGen       total 110592K, used 77964K [0x00000006c4400000, 0x00000006cb000000, 0x000000076c180000)
  object space 110592K, 70% used [0x00000006c4400000,0x00000006c90233f0,0x00000006cb000000)
 Metaspace       used 32912K, capacity 33157K, committed 33536K, reserved 1079296K
  class space    used 4172K, capacity 4275K, committed 4352K, reserved 1048576K
Event: 4287.390 GC heap after
Heap after GC invocations=113 (full 1):
 PSYoungGen      total 57856K, used 7225K [0x000000076c180000, 0x0000000770500000, 0x00000007c0000000)
  eden space 49152K, 0% used [0x000000076c180000,0x000000076c180000,0x000000076f180000)
  from space 8704K, 83% used [0x000000076fb00000,0x000000077020e6b8,0x0000000770380000)
  to   space 9728K, 0% used [0x000000076f180000,0x000000076f180000,0x000000076fb00000)
 ParOldGen       total 110592K, used 77964K [0x00000006c4400000, 0x00000006cb000000, 0x000000076c180000)
  object space 110592K, 70% used [0x00000006c4400000,0x00000006c90233f0,0x00000006cb000000)
 Metaspace       used 32912K, capacity 33157K, committed 33536K, reserved 1079296K
  class space    used 4172K, capacity 4275K, committed 4352K, reserved 1048576K
}
Event: 4299.410 GC heap before
{Heap before GC invocations=114 (full 1):
 PSYoungGen      total 57856K, used 56292K [0x000000076c180000, 0x0000000770500000, 0x00000007c0000000)
  eden space 49152K, 99% used [0x000000076c180000,0x000000076f16ab40,0x000000076f180000)
  from space 8704K, 83% used [0x000000076fb00000,0x000000077020e6b8,0x0000000770380000)
  to   space 9728K, 0% used [0x000000076f180000,0x000000076f180000,0x000000076fb00000)
 ParOldGen       total 110592K, used 77964K [0x00000006c4400000, 0x00000006cb000000, 0x000000076c180000)
  object space 110592K, 70% used [0x00000006c4400000,0x00000006c90233f0,0x00000006cb000000)
 Metaspace       used 32912K, capacity 33157K, committed 33536K, reserved 1079296K
  class space    used 4172K, capacity 4275K, committed 4352K, reserved 1048576K
Event: 4299.413 GC heap after
Heap after GC invocations=114 (full 1):
 PSYoungGen      total 55296K, used 6170K [0x000000076c180000, 0x0000000770400000, 0x00000007c0000000)
  eden space 48640K, 0% used [0x000000076c180000,0x000000076c180000,0x000000076f100000)
  from space 6656K, 92% used [0x000000076f180000,0x000000076f786820,0x000000076f800000)
  to   space 9728K, 0% used [0x000000076fa80000,0x000000076fa80000,0x0000000770400000)
 ParOldGen       total 110592K, used 77964K [0x00000006c4400000, 0x00000006cb000000, 0x000000076c180000)
  object space 110592K, 70% used [0x00000006c4400000,0x00000006c90233f0,0x00000006cb000000)
 Metaspace       used 32912K, capacity 33157K, committed 33536K, reserved 1079296K
  class space    used 4172K, capacity 4275K, committed 4352K, reserved 1048576K
}

