# JRE version: Java(TM) SE Runtime Environment (8.0_91-b14) (build 1.8.0_91-b14)
# Java VM: Java HotSpot(TM) 64-Bit Server VM (25.91-b14 mixed mode windows-amd64 compressed oops)
Heap:
 PSYoungGen      total 266752K, used 63561K [0x000000076c180000, 0x000000077f200000, 0x00000007c0000000)
  eden space 231936K, 27% used [0x000000076c180000,0x000000076ff926e0,0x000000077a400000)
  from space 34816K, 0% used [0x000000077c800000,0x000000077c800000,0x000000077ea00000)
  to   space 36864K, 0% used [0x000000077a400000,0x000000077a400000,0x000000077c800000)
 ParOldGen       total 241152K, used 59240K [0x00000006c4400000, 0x00000006d2f80000, 0x000000076c180000)
  object space 241152K, 24% used [0x00000006c4400000,0x00000006c7dda1b0,0x00000006d2f80000)
 Metaspace       used 37589K, capacity 37859K, committed 38400K, reserved 1083392K
  class space    used 4765K, capacity 4834K, committed 4864K, reserved 1048576K
GC Heap History (10 events):
Event: 3.608 GC heap before
{Heap before GC invocations=10 (full 1):
 PSYoungGen      total 177664K, used 172613K [0x000000076c180000, 0x0000000778e80000, 0x00000007c0000000)
  eden space 152064K, 100% used [0x000000076c180000,0x0000000775600000,0x0000000775600000)
  from space 25600K, 80% used [0x0000000777100000,0x0000000778511620,0x0000000778a00000)
  to   space 27648K, 0% used [0x0000000775600000,0x0000000775600000,0x0000000777100000)
 ParOldGen       total 116224K, used 34098K [0x00000006c4400000, 0x00000006cb580000, 0x000000076c180000)
  object space 116224K, 29% used [0x00000006c4400000,0x00000006c654cae8,0x00000006cb580000)
 Metaspace       used 30735K, capacity 30965K, committed 31360K, reserved 1077248K
  class space    used 4036K, capacity 4099K, committed 4224K, reserved 1048576K
Event: 3.616 GC heap after
Heap after GC invocations=10 (full 1):
 PSYoungGen      total 179712K, used 20387K [0x000000076c180000, 0x000000077ba80000, 0x00000007c0000000)
  eden space 152064K, 0% used [0x000000076c180000,0x000000076c180000,0x0000000775600000)
  from space 27648K, 73% used [0x0000000775600000,0x00000007769e8cc0,0x0000000777100000)
  to   space 29696K, 0% used [0x0000000779d80000,0x0000000779d80000,0x000000077ba80000)
 ParOldGen       total 116224K, used 34106K [0x00000006c4400000, 0x00000006cb580000, 0x000000076c180000)
  object space 116224K, 29% used [0x00000006c4400000,0x00000006c654eae8,0x00000006cb580000)
 Metaspace       used 30735K, capacity 30965K, committed 31360K, reserved 1077248K
  class space    used 4036K, capacity 4099K, committed 4224K, reserved 1048576K
}
Event: 4.101 GC heap before
{Heap before GC invocations=11 (full 1):
 PSYoungGen      total 179712K, used 172308K [0x000000076c180000, 0x000000077ba80000, 0x00000007c0000000)
  eden space 152064K, 99% used [0x000000076c180000,0x00000007755dc358,0x0000000775600000)
  from space 27648K, 73% used [0x0000000775600000,0x00000007769e8cc0,0x0000000777100000)
  to   space 29696K, 0% used [0x0000000779d80000,0x0000000779d80000,0x000000077ba80000)
 ParOldGen       total 116224K, used 34106K [0x00000006c4400000, 0x00000006cb580000, 0x000000076c180000)
  object space 116224K, 29% used [0x00000006c4400000,0x00000006c654eae8,0x00000006cb580000)
 Metaspace       used 31334K, capacity 31573K, committed 31872K, reserved 1077248K
  class space    used 4062K, capacity 4131K, committed 4224K, reserved 1048576K
Event: 4.110 GC heap after
Heap after GC invocations=11 (full 1):
 PSYoungGen      total 220672K, used 29669K [0x000000076c180000, 0x000000077c080000, 0x00000007c0000000)
  eden space 190976K, 0% used [0x000000076c180000,0x000000076c180000,0x0000000777c00000)
  from space 29696K, 99% used [0x0000000779d80000,0x000000077ba79750,0x000000077ba80000)
  to   space 34304K, 0% used [0x0000000777c00000,0x0000000777c00000,0x0000000779d80000)
 ParOldGen       total 116224K, used 34242K [0x00000006c4400000, 0x00000006cb580000, 0x000000076c180000)
  object space 116224K, 29% used [0x00000006c4400000,0x00000006c6570ae8,0x00000006cb580000)
 Metaspace       used 31334K, capacity 31573K, committed 31872K, reserved 1077248K
  class space    used 4062K, capacity 4131K, committed 4224K, reserved 1048576K
}
Event: 8.054 GC heap before
{Heap before GC invocations=12 (full 1):
 PSYoungGen      total 220672K, used 213957K [0x000000076c180000, 0x000000077c080000, 0x00000007c0000000)
  eden space 190976K, 96% used [0x000000076c180000,0x0000000777577fe8,0x0000000777c00000)
  from space 29696K, 99% used [0x0000000779d80000,0x000000077ba79750,0x000000077ba80000)
  to   space 34304K, 0% used [0x0000000777c00000,0x0000000777c00000,0x0000000779d80000)
 ParOldGen       total 116224K, used 34242K [0x00000006c4400000, 0x00000006cb580000, 0x000000076c180000)
  object space 116224K, 29% used [0x00000006c4400000,0x00000006c6570ae8,0x00000006cb580000)
 Metaspace       used 32466K, capacity 32693K, committed 33024K, reserved 1077248K
  class space    used 4190K, capacity 4273K, committed 4352K, reserved 1048576K
Event: 8.062 GC heap after
Heap after GC invocations=12 (full 1):
 PSYoungGen      total 225280K, used 21697K [0x000000076c180000, 0x000000077ea00000, 0x00000007c0000000)
  eden space 190976K, 0% used [0x000000076c180000,0x000000076c180000,0x0000000777c00000)
  from space 34304K, 63% used [0x0000000777c00000,0x00000007791304c0,0x0000000779d80000)
  to   space 34816K, 0% used [0x000000077c800000,0x000000077c800000,0x000000077ea00000)
 ParOldGen       total 116224K, used 40278K [0x00000006c4400000, 0x00000006cb580000, 0x000000076c180000)
  object space 116224K, 34% used [0x00000006c4400000,0x00000006c6b55af8,0x00000006cb580000)
 Metaspace       used 32466K, capacity 32693K, committed 33024K, reserved 1077248K
  class space    used 4190K, capacity 4273K, committed 4352K, reserved 1048576K
}
Event: 8.255 GC heap before
{Heap before GC invocations=13 (full 1):
 PSYoungGen      total 225280K, used 102671K [0x000000076c180000, 0x000000077ea00000, 0x00000007c0000000)
  eden space 190976K, 42% used [0x000000076c180000,0x00000007710937d8,0x0000000777c00000)
  from space 34304K, 63% used [0x0000000777c00000,0x00000007791304c0,0x0000000779d80000)
  to   space 34816K, 0% used [0x000000077c800000,0x000000077c800000,0x000000077ea00000)
 ParOldGen       total 116224K, used 40278K [0x00000006c4400000, 0x00000006cb580000, 0x000000076c180000)
  object space 116224K, 34% used [0x00000006c4400000,0x00000006c6b55af8,0x00000006cb580000)
 Metaspace       used 34871K, capacity 35095K, committed 35496K, reserved 1081344K
  class space    used 4475K, capacity 4562K, committed 4608K, reserved 1048576K
Event: 8.262 GC heap after
Heap after GC invocations=13 (full 1):
 PSYoungGen      total 266752K, used 25650K [0x000000076c180000, 0x000000077f200000, 0x00000007c0000000)
  eden space 231936K, 0% used [0x000000076c180000,0x000000076c180000,0x000000077a400000)
  from space 34816K, 73% used [0x000000077c800000,0x000000077e10ca58,0x000000077ea00000)
  to   space 36864K, 0% used [0x000000077a400000,0x000000077a400000,0x000000077c800000)
 ParOldGen       total 116224K, used 40286K [0x00000006c4400000, 0x00000006cb580000, 0x000000076c180000)
  object space 116224K, 34% used [0x00000006c4400000,0x00000006c6b57af8,0x00000006cb580000)
 Metaspace       used 34871K, capacity 35095K, committed 35496K, reserved 1081344K
  class space    used 4475K, capacity 4562K, committed 4608K, reserved 1048576K
}
Event: 8.262 GC heap before
{Heap before GC invocations=14 (full 2):
 PSYoungGen      total 266752K, used 25650K [0x000000076c180000, 0x000000077f200000, 0x00000007c0000000)
  eden space 231936K, 0% used [0x000000076c180000,0x000000076c180000,0x000000077a400000)
  from space 34816K, 73% used [0x000000077c800000,0x000000077e10ca58,0x000000077ea00000)
  to   space 36864K, 0% used [0x000000077a400000,0x000000077a400000,0x000000077c800000)
 ParOldGen       total 116224K, used 40286K [0x00000006c4400000, 0x00000006cb580000, 0x000000076c180000)
  object space 116224K, 34% used [0x00000006c4400000,0x00000006c6b57af8,0x00000006cb580000)
 Metaspace       used 34871K, capacity 35095K, committed 35496K, reserved 1081344K
  class space    used 4475K, capacity 4562K, committed 4608K, reserved 1048576K
Event: 8.420 GC heap after
Heap after GC invocations=14 (full 2):
 PSYoungGen      total 266752K, used 0K [0x000000076c180000, 0x000000077f200000, 0x00000007c0000000)
  eden space 231936K, 0% used [0x000000076c180000,0x000000076c180000,0x000000077a400000)
  from space 34816K, 0% used [0x000000077c800000,0x000000077c800000,0x000000077ea00000)
  to   space 36864K, 0% used [0x000000077a400000,0x000000077a400000,0x000000077c800000)
 ParOldGen       total 241152K, used 59240K [0x00000006c4400000, 0x00000006d2f80000, 0x000000076c180000)
  object space 241152K, 24% used [0x00000006c4400000,0x00000006c7dda1b0,0x00000006d2f80000)
 Metaspace       used 34871K, capacity 35095K, committed 35496K, reserved 1081344K
  class space    used 4475K, capacity 4562K, committed 4608K, reserved 1048576K
}

