# JRE version: Java(TM) SE Runtime Environment (8.0_91-b14) (build 1.8.0_91-b14)
# Java VM: Java HotSpot(TM) 64-Bit Server VM (25.91-b14 mixed mode windows-amd64 compressed oops)
Heap:
 PSYoungGen      total 234496K, used 191434K [0x000000076c180000, 0x000000077c780000, 0x00000007c0000000)
  eden space 204800K, 82% used [0x000000076c180000,0x00000007765f4850,0x0000000778980000)
  from space 29696K, 77% used [0x000000077aa80000,0x000000077c0fe3a8,0x000000077c780000)
  to   space 31744K, 0% used [0x0000000778980000,0x0000000778980000,0x000000077a880000)
 ParOldGen       total 115712K, used 39983K [0x00000006c4400000, 0x00000006cb500000, 0x000000076c180000)
  object space 115712K, 34% used [0x00000006c4400000,0x00000006c6b0bc40,0x00000006cb500000)
 Metaspace       used 32053K, capacity 32309K, committed 32640K, reserved 1077248K
  class space    used 4134K, capacity 4209K, committed 4224K, reserved 1048576K
GC Heap History (10 events):
Event: 2.318 GC heap before
{Heap before GC invocations=7 (full 1):
 PSYoungGen      total 90112K, used 90096K [0x000000076c180000, 0x0000000774900000, 0x00000007c0000000)
  eden space 79360K, 100% used [0x000000076c180000,0x0000000770f00000,0x0000000770f00000)
  from space 10752K, 99% used [0x0000000770f00000,0x000000077197c130,0x0000000771980000)
  to   space 12800K, 0% used [0x0000000773c80000,0x0000000773c80000,0x0000000774900000)
 ParOldGen       total 115712K, used 15992K [0x00000006c4400000, 0x00000006cb500000, 0x000000076c180000)
  object space 115712K, 13% used [0x00000006c4400000,0x00000006c539e1d8,0x00000006cb500000)
 Metaspace       used 26648K, capacity 26856K, committed 27136K, reserved 1073152K
  class space    used 3739K, capacity 3808K, committed 3840K, reserved 1048576K
Event: 2.326 GC heap after
Heap after GC invocations=7 (full 1):
 PSYoungGen      total 119808K, used 12768K [0x000000076c180000, 0x0000000776100000, 0x00000007c0000000)
  eden space 107008K, 0% used [0x000000076c180000,0x000000076c180000,0x0000000772a00000)
  from space 12800K, 99% used [0x0000000773c80000,0x00000007748f8010,0x0000000774900000)
  to   space 18944K, 0% used [0x0000000772a00000,0x0000000772a00000,0x0000000773c80000)
 ParOldGen       total 115712K, used 21973K [0x00000006c4400000, 0x00000006cb500000, 0x000000076c180000)
  object space 115712K, 18% used [0x00000006c4400000,0x00000006c5975628,0x00000006cb500000)
 Metaspace       used 26648K, capacity 26856K, committed 27136K, reserved 1073152K
  class space    used 3739K, capacity 3808K, committed 3840K, reserved 1048576K
}
Event: 3.001 GC heap before
{Heap before GC invocations=8 (full 1):
 PSYoungGen      total 119808K, used 119776K [0x000000076c180000, 0x0000000776100000, 0x00000007c0000000)
  eden space 107008K, 100% used [0x000000076c180000,0x0000000772a00000,0x0000000772a00000)
  from space 12800K, 99% used [0x0000000773c80000,0x00000007748f8010,0x0000000774900000)
  to   space 18944K, 0% used [0x0000000772a00000,0x0000000772a00000,0x0000000773c80000)
 ParOldGen       total 115712K, used 21973K [0x00000006c4400000, 0x00000006cb500000, 0x000000076c180000)
  object space 115712K, 18% used [0x00000006c4400000,0x00000006c5975628,0x00000006cb500000)
 Metaspace       used 30205K, capacity 30421K, committed 30720K, reserved 1075200K
  class space    used 4008K, capacity 4067K, committed 4096K, reserved 1048576K
Event: 3.009 GC heap after
Heap after GC invocations=8 (full 1):
 PSYoungGen      total 125952K, used 18929K [0x000000076c180000, 0x0000000779300000, 0x00000007c0000000)
  eden space 107008K, 0% used [0x000000076c180000,0x000000076c180000,0x0000000772a00000)
  from space 18944K, 99% used [0x0000000772a00000,0x0000000773c7c4e0,0x0000000773c80000)
  to   space 25600K, 0% used [0x0000000777a00000,0x0000000777a00000,0x0000000779300000)
 ParOldGen       total 115712K, used 27883K [0x00000006c4400000, 0x00000006cb500000, 0x000000076c180000)
  object space 115712K, 24% used [0x00000006c4400000,0x00000006c5f3ac20,0x00000006cb500000)
 Metaspace       used 30205K, capacity 30421K, committed 30720K, reserved 1075200K
  class space    used 4008K, capacity 4067K, committed 4096K, reserved 1048576K
}
Event: 3.210 GC heap before
{Heap before GC invocations=9 (full 1):
 PSYoungGen      total 125952K, used 125937K [0x000000076c180000, 0x0000000779300000, 0x00000007c0000000)
  eden space 107008K, 100% used [0x000000076c180000,0x0000000772a00000,0x0000000772a00000)
  from space 18944K, 99% used [0x0000000772a00000,0x0000000773c7c4e0,0x0000000773c80000)
  to   space 25600K, 0% used [0x0000000777a00000,0x0000000777a00000,0x0000000779300000)
 ParOldGen       total 115712K, used 27883K [0x00000006c4400000, 0x00000006cb500000, 0x000000076c180000)
  object space 115712K, 24% used [0x00000006c4400000,0x00000006c5f3ac20,0x00000006cb500000)
 Metaspace       used 30641K, capacity 30837K, committed 31360K, reserved 1077248K
  class space    used 4034K, capacity 4099K, committed 4224K, reserved 1048576K
Event: 3.218 GC heap after
Heap after GC invocations=9 (full 1):
 PSYoungGen      total 186368K, used 21151K [0x000000076c180000, 0x0000000779780000, 0x00000007c0000000)
  eden space 160768K, 0% used [0x000000076c180000,0x000000076c180000,0x0000000775e80000)
  from space 25600K, 82% used [0x0000000777a00000,0x0000000778ea7e10,0x0000000779300000)
  to   space 28160K, 0% used [0x0000000775e80000,0x0000000775e80000,0x0000000777a00000)
 ParOldGen       total 115712K, used 33339K [0x00000006c4400000, 0x00000006cb500000, 0x000000076c180000)
  object space 115712K, 28% used [0x00000006c4400000,0x00000006c648ec30,0x00000006cb500000)
 Metaspace       used 30641K, capacity 30837K, committed 31360K, reserved 1077248K
  class space    used 4034K, capacity 4099K, committed 4224K, reserved 1048576K
}
Event: 3.464 GC heap before
{Heap before GC invocations=10 (full 1):
 PSYoungGen      total 186368K, used 181919K [0x000000076c180000, 0x0000000779780000, 0x00000007c0000000)
  eden space 160768K, 100% used [0x000000076c180000,0x0000000775e80000,0x0000000775e80000)
  from space 25600K, 82% used [0x0000000777a00000,0x0000000778ea7e10,0x0000000779300000)
  to   space 28160K, 0% used [0x0000000775e80000,0x0000000775e80000,0x0000000777a00000)
 ParOldGen       total 115712K, used 33339K [0x00000006c4400000, 0x00000006cb500000, 0x000000076c180000)
  object space 115712K, 28% used [0x00000006c4400000,0x00000006c648ec30,0x00000006cb500000)
 Metaspace       used 30733K, capacity 30965K, committed 31360K, reserved 1077248K
  class space    used 4036K, capacity 4099K, committed 4224K, reserved 1048576K
Event: 3.471 GC heap after
Heap after GC invocations=10 (full 1):
 PSYoungGen      total 188928K, used 19407K [0x000000076c180000, 0x000000077c780000, 0x00000007c0000000)
  eden space 160768K, 0% used [0x000000076c180000,0x000000076c180000,0x0000000775e80000)
  from space 28160K, 68% used [0x0000000775e80000,0x0000000777173e20,0x0000000777a00000)
  to   space 29696K, 0% used [0x000000077aa80000,0x000000077aa80000,0x000000077c780000)
 ParOldGen       total 115712K, used 37363K [0x00000006c4400000, 0x00000006cb500000, 0x000000076c180000)
  object space 115712K, 32% used [0x00000006c4400000,0x00000006c687cc30,0x00000006cb500000)
 Metaspace       used 30733K, capacity 30965K, committed 31360K, reserved 1077248K
  class space    used 4036K, capacity 4099K, committed 4224K, reserved 1048576K
}
Event: 4.052 GC heap before
{Heap before GC invocations=11 (full 1):
 PSYoungGen      total 188928K, used 180175K [0x000000076c180000, 0x000000077c780000, 0x00000007c0000000)
  eden space 160768K, 100% used [0x000000076c180000,0x0000000775e80000,0x0000000775e80000)
  from space 28160K, 68% used [0x0000000775e80000,0x0000000777173e20,0x0000000777a00000)
  to   space 29696K, 0% used [0x000000077aa80000,0x000000077aa80000,0x000000077c780000)
 ParOldGen       total 115712K, used 37363K [0x00000006c4400000, 0x00000006cb500000, 0x000000076c180000)
  object space 115712K, 32% used [0x00000006c4400000,0x00000006c687cc30,0x00000006cb500000)
 Metaspace       used 31658K, capacity 31893K, committed 32384K, reserved 1077248K
  class space    used 4104K, capacity 4177K, committed 4224K, reserved 1048576K
Event: 4.060 GC heap after
Heap after GC invocations=11 (full 1):
 PSYoungGen      total 234496K, used 23032K [0x000000076c180000, 0x000000077c780000, 0x00000007c0000000)
  eden space 204800K, 0% used [0x000000076c180000,0x000000076c180000,0x0000000778980000)
  from space 29696K, 77% used [0x000000077aa80000,0x000000077c0fe3a8,0x000000077c780000)
  to   space 31744K, 0% used [0x0000000778980000,0x0000000778980000,0x000000077a880000)
 ParOldGen       total 115712K, used 39983K [0x00000006c4400000, 0x00000006cb500000, 0x000000076c180000)
  object space 115712K, 34% used [0x00000006c4400000,0x00000006c6b0bc40,0x00000006cb500000)
 Metaspace       used 31658K, capacity 31893K, committed 32384K, reserved 1077248K
  class space    used 4104K, capacity 4177K, committed 4224K, reserved 1048576K
}

