# JRE version: Java(TM) SE Runtime Environment (8.0_91-b14) (build 1.8.0_91-b14)
# Java VM: Java HotSpot(TM) 64-Bit Server VM (25.91-b14 mixed mode windows-amd64 compressed oops)
Heap:
 PSYoungGen      total 267776K, used 234374K [0x000000076c180000, 0x0000000784a00000, 0x00000007c0000000)
  eden space 239104K, 86% used [0x000000076c180000,0x0000000778bde440,0x000000077ab00000)
  from space 28672K, 94% used [0x000000077ab00000,0x000000077c5836f8,0x000000077c700000)
  to   space 32768K, 0% used [0x0000000782a00000,0x0000000782a00000,0x0000000784a00000)
 ParOldGen       total 102400K, used 42285K [0x00000006c4400000, 0x00000006ca800000, 0x000000076c180000)
  object space 102400K, 41% used [0x00000006c4400000,0x00000006c6d4b558,0x00000006ca800000)
 Metaspace       used 32471K, capacity 32725K, committed 33280K, reserved 1079296K
  class space    used 4173K, capacity 4241K, committed 4352K, reserved 1048576K
GC Heap History (10 events):
Event: 2.252 GC heap before
{Heap before GC invocations=6 (full 1):
 PSYoungGen      total 102912K, used 100309K [0x000000076c180000, 0x0000000773280000, 0x00000007c0000000)
  eden space 92160K, 100% used [0x000000076c180000,0x0000000771b80000,0x0000000771b80000)
  from space 10752K, 75% used [0x0000000772600000,0x0000000772df5410,0x0000000773080000)
  to   space 10752K, 0% used [0x0000000771b80000,0x0000000771b80000,0x0000000772600000)
 ParOldGen       total 102400K, used 14008K [0x00000006c4400000, 0x00000006ca800000, 0x000000076c180000)
  object space 102400K, 13% used [0x00000006c4400000,0x00000006c51ae1b0,0x00000006ca800000)
 Metaspace       used 26562K, capacity 26792K, committed 27136K, reserved 1073152K
  class space    used 3732K, capacity 3808K, committed 3840K, reserved 1048576K
Event: 2.257 GC heap after
Heap after GC invocations=6 (full 1):
 PSYoungGen      total 102912K, used 10720K [0x000000076c180000, 0x0000000776b00000, 0x00000007c0000000)
  eden space 92160K, 0% used [0x000000076c180000,0x000000076c180000,0x0000000771b80000)
  from space 10752K, 99% used [0x0000000771b80000,0x00000007725f8010,0x0000000772600000)
  to   space 13312K, 0% used [0x0000000775e00000,0x0000000775e00000,0x0000000776b00000)
 ParOldGen       total 102400K, used 16808K [0x00000006c4400000, 0x00000006ca800000, 0x000000076c180000)
  object space 102400K, 16% used [0x00000006c4400000,0x00000006c546a1b0,0x00000006ca800000)
 Metaspace       used 26562K, capacity 26792K, committed 27136K, reserved 1073152K
  class space    used 3732K, capacity 3808K, committed 3840K, reserved 1048576K
}
Event: 2.324 GC heap before
{Heap before GC invocations=7 (full 1):
 PSYoungGen      total 102912K, used 102880K [0x000000076c180000, 0x0000000776b00000, 0x00000007c0000000)
  eden space 92160K, 100% used [0x000000076c180000,0x0000000771b80000,0x0000000771b80000)
  from space 10752K, 99% used [0x0000000771b80000,0x00000007725f8010,0x0000000772600000)
  to   space 13312K, 0% used [0x0000000775e00000,0x0000000775e00000,0x0000000776b00000)
 ParOldGen       total 102400K, used 16808K [0x00000006c4400000, 0x00000006ca800000, 0x000000076c180000)
  object space 102400K, 16% used [0x00000006c4400000,0x00000006c546a1b0,0x00000006ca800000)
 Metaspace       used 26710K, capacity 26920K, committed 27136K, reserved 1073152K
  class space    used 3742K, capacity 3808K, committed 3840K, reserved 1048576K
Event: 2.335 GC heap after
Heap after GC invocations=7 (full 1):
 PSYoungGen      total 153088K, used 13280K [0x000000076c180000, 0x0000000778800000, 0x00000007c0000000)
  eden space 139776K, 0% used [0x000000076c180000,0x000000076c180000,0x0000000774a00000)
  from space 13312K, 99% used [0x0000000775e00000,0x0000000776af8010,0x0000000776b00000)
  to   space 20480K, 0% used [0x0000000774a00000,0x0000000774a00000,0x0000000775e00000)
 ParOldGen       total 102400K, used 24765K [0x00000006c4400000, 0x00000006ca800000, 0x000000076c180000)
  object space 102400K, 24% used [0x00000006c4400000,0x00000006c5c2f600,0x00000006ca800000)
 Metaspace       used 26710K, capacity 26920K, committed 27136K, reserved 1073152K
  class space    used 3742K, capacity 3808K, committed 3840K, reserved 1048576K
}
Event: 3.711 GC heap before
{Heap before GC invocations=8 (full 1):
 PSYoungGen      total 153088K, used 153056K [0x000000076c180000, 0x0000000778800000, 0x00000007c0000000)
  eden space 139776K, 100% used [0x000000076c180000,0x0000000774a00000,0x0000000774a00000)
  from space 13312K, 99% used [0x0000000775e00000,0x0000000776af8010,0x0000000776b00000)
  to   space 20480K, 0% used [0x0000000774a00000,0x0000000774a00000,0x0000000775e00000)
 ParOldGen       total 102400K, used 24765K [0x00000006c4400000, 0x00000006ca800000, 0x000000076c180000)
  object space 102400K, 24% used [0x00000006c4400000,0x00000006c5c2f600,0x00000006ca800000)
 Metaspace       used 30411K, capacity 30645K, committed 31104K, reserved 1077248K
  class space    used 4021K, capacity 4099K, committed 4224K, reserved 1048576K
Event: 3.725 GC heap after
Heap after GC invocations=8 (full 1):
 PSYoungGen      total 160256K, used 20461K [0x000000076c180000, 0x000000077e200000, 0x00000007c0000000)
  eden space 139776K, 0% used [0x000000076c180000,0x000000076c180000,0x0000000774a00000)
  from space 20480K, 99% used [0x0000000774a00000,0x0000000775dfb5c0,0x0000000775e00000)
  to   space 27648K, 0% used [0x000000077c700000,0x000000077c700000,0x000000077e200000)
 ParOldGen       total 102400K, used 30325K [0x00000006c4400000, 0x00000006ca800000, 0x000000076c180000)
  object space 102400K, 29% used [0x00000006c4400000,0x00000006c619d508,0x00000006ca800000)
 Metaspace       used 30411K, capacity 30645K, committed 31104K, reserved 1077248K
  class space    used 4021K, capacity 4099K, committed 4224K, reserved 1048576K
}
Event: 4.039 GC heap before
{Heap before GC invocations=9 (full 1):
 PSYoungGen      total 160256K, used 160237K [0x000000076c180000, 0x000000077e200000, 0x00000007c0000000)
  eden space 139776K, 100% used [0x000000076c180000,0x0000000774a00000,0x0000000774a00000)
  from space 20480K, 99% used [0x0000000774a00000,0x0000000775dfb5c0,0x0000000775e00000)
  to   space 27648K, 0% used [0x000000077c700000,0x000000077c700000,0x000000077e200000)
 ParOldGen       total 102400K, used 30325K [0x00000006c4400000, 0x00000006ca800000, 0x000000076c180000)
  object space 102400K, 29% used [0x00000006c4400000,0x00000006c619d508,0x00000006ca800000)
 Metaspace       used 30723K, capacity 30965K, committed 31360K, reserved 1077248K
  class space    used 4036K, capacity 4099K, committed 4224K, reserved 1048576K
Event: 4.050 GC heap after
Heap after GC invocations=9 (full 1):
 PSYoungGen      total 266752K, used 18233K [0x000000076c180000, 0x000000077e300000, 0x00000007c0000000)
  eden space 239104K, 0% used [0x000000076c180000,0x000000076c180000,0x000000077ab00000)
  from space 27648K, 65% used [0x000000077c700000,0x000000077d8ce440,0x000000077e200000)
  to   space 28672K, 0% used [0x000000077ab00000,0x000000077ab00000,0x000000077c700000)
 ParOldGen       total 102400K, used 35777K [0x00000006c4400000, 0x00000006ca800000, 0x000000076c180000)
  object space 102400K, 34% used [0x00000006c4400000,0x00000006c66f0548,0x00000006ca800000)
 Metaspace       used 30723K, capacity 30965K, committed 31360K, reserved 1077248K
  class space    used 4036K, capacity 4099K, committed 4224K, reserved 1048576K
}
Event: 4.740 GC heap before
{Heap before GC invocations=10 (full 1):
 PSYoungGen      total 266752K, used 253316K [0x000000076c180000, 0x000000077e300000, 0x00000007c0000000)
  eden space 239104K, 98% used [0x000000076c180000,0x000000077a712cb8,0x000000077ab00000)
  from space 27648K, 65% used [0x000000077c700000,0x000000077d8ce440,0x000000077e200000)
  to   space 28672K, 0% used [0x000000077ab00000,0x000000077ab00000,0x000000077c700000)
 ParOldGen       total 102400K, used 35777K [0x00000006c4400000, 0x00000006ca800000, 0x000000076c180000)
  object space 102400K, 34% used [0x00000006c4400000,0x00000006c66f0548,0x00000006ca800000)
 Metaspace       used 31740K, capacity 31989K, committed 32384K, reserved 1077248K
  class space    used 4111K, capacity 4209K, committed 4224K, reserved 1048576K
Event: 4.751 GC heap after
Heap after GC invocations=10 (full 1):
 PSYoungGen      total 267776K, used 27149K [0x000000076c180000, 0x0000000784a00000, 0x00000007c0000000)
  eden space 239104K, 0% used [0x000000076c180000,0x000000076c180000,0x000000077ab00000)
  from space 28672K, 94% used [0x000000077ab00000,0x000000077c5836f8,0x000000077c700000)
  to   space 32768K, 0% used [0x0000000782a00000,0x0000000782a00000,0x0000000784a00000)
 ParOldGen       total 102400K, used 42285K [0x00000006c4400000, 0x00000006ca800000, 0x000000076c180000)
  object space 102400K, 41% used [0x00000006c4400000,0x00000006c6d4b558,0x00000006ca800000)
 Metaspace       used 31740K, capacity 31989K, committed 32384K, reserved 1077248K
  class space    used 4111K, capacity 4209K, committed 4224K, reserved 1048576K
}

