# JRE version: Java(TM) SE Runtime Environment (8.0_91-b14) (build 1.8.0_91-b14)
# Java VM: Java HotSpot(TM) 64-Bit Server VM (25.91-b14 mixed mode windows-amd64 compressed oops)
Heap:
 PSYoungGen      total 508416K, used 138939K [0x000000076c180000, 0x000000078d880000, 0x00000007c0000000)
  eden space 491520K, 24% used [0x000000076c180000,0x000000077390e1a0,0x000000078a180000)
  from space 16896K, 97% used [0x000000078c800000,0x000000078d820c68,0x000000078d880000)
  to   space 25088K, 0% used [0x000000078a780000,0x000000078a780000,0x000000078c000000)
 ParOldGen       total 90112K, used 53912K [0x00000006c4400000, 0x00000006c9c00000, 0x000000076c180000)
  object space 90112K, 59% used [0x00000006c4400000,0x00000006c78a6080,0x00000006c9c00000)
 Metaspace       used 32567K, capacity 32795K, committed 33200K, reserved 1079296K
  class space    used 4172K, capacity 4242K, committed 4272K, reserved 1048576K
GC Heap History (10 events):
Event: 3.753 GC heap before
{Heap before GC invocations=9 (full 1):
 PSYoungGen      total 185344K, used 185313K [0x000000076c180000, 0x000000077fb00000, 0x00000007c0000000)
  eden space 167424K, 100% used [0x000000076c180000,0x0000000776500000,0x0000000776500000)
  from space 17920K, 99% used [0x0000000776500000,0x0000000777678500,0x0000000777680000)
  to   space 23040K, 0% used [0x000000077e480000,0x000000077e480000,0x000000077fb00000)
 ParOldGen       total 90112K, used 29131K [0x00000006c4400000, 0x00000006c9c00000, 0x000000076c180000)
  object space 90112K, 32% used [0x00000006c4400000,0x00000006c6072ff0,0x00000006c9c00000)
 Metaspace       used 30384K, capacity 30645K, committed 31024K, reserved 1077248K
  class space    used 4020K, capacity 4099K, committed 4144K, reserved 1048576K
Event: 3.760 GC heap after
Heap after GC invocations=9 (full 1):
 PSYoungGen      total 296448K, used 16977K [0x000000076c180000, 0x0000000780200000, 0x00000007c0000000)
  eden space 273408K, 0% used [0x000000076c180000,0x000000076c180000,0x000000077cc80000)
  from space 23040K, 73% used [0x000000077e480000,0x000000077f5144e0,0x000000077fb00000)
  to   space 24576K, 0% used [0x000000077cc80000,0x000000077cc80000,0x000000077e480000)
 ParOldGen       total 90112K, used 30408K [0x00000006c4400000, 0x00000006c9c00000, 0x000000076c180000)
  object space 90112K, 33% used [0x00000006c4400000,0x00000006c61b2020,0x00000006c9c00000)
 Metaspace       used 30384K, capacity 30645K, committed 31024K, reserved 1077248K
  class space    used 4020K, capacity 4099K, committed 4144K, reserved 1048576K
}
Event: 4.071 GC heap before
{Heap before GC invocations=10 (full 1):
 PSYoungGen      total 296448K, used 290385K [0x000000076c180000, 0x0000000780200000, 0x00000007c0000000)
  eden space 273408K, 100% used [0x000000076c180000,0x000000077cc80000,0x000000077cc80000)
  from space 23040K, 73% used [0x000000077e480000,0x000000077f5144e0,0x000000077fb00000)
  to   space 24576K, 0% used [0x000000077cc80000,0x000000077cc80000,0x000000077e480000)
 ParOldGen       total 90112K, used 30408K [0x00000006c4400000, 0x00000006c9c00000, 0x000000076c180000)
  object space 90112K, 33% used [0x00000006c4400000,0x00000006c61b2020,0x00000006c9c00000)
 Metaspace       used 30671K, capacity 30901K, committed 31280K, reserved 1077248K
  class space    used 4036K, capacity 4099K, committed 4144K, reserved 1048576K
Event: 4.080 GC heap after
Heap after GC invocations=10 (full 1):
 PSYoungGen      total 297984K, used 14939K [0x000000076c180000, 0x0000000786500000, 0x00000007c0000000)
  eden space 273408K, 0% used [0x000000076c180000,0x000000076c180000,0x000000077cc80000)
  from space 24576K, 60% used [0x000000077cc80000,0x000000077db16de0,0x000000077e480000)
  to   space 24576K, 0% used [0x0000000784d00000,0x0000000784d00000,0x0000000786500000)
 ParOldGen       total 90112K, used 39460K [0x00000006c4400000, 0x00000006c9c00000, 0x000000076c180000)
  object space 90112K, 43% used [0x00000006c4400000,0x00000006c6a89030,0x00000006c9c00000)
 Metaspace       used 30671K, capacity 30901K, committed 31280K, reserved 1077248K
  class space    used 4036K, capacity 4099K, committed 4144K, reserved 1048576K
}
Event: 4.352 GC heap before
{Heap before GC invocations=11 (full 1):
 PSYoungGen      total 297984K, used 288347K [0x000000076c180000, 0x0000000786500000, 0x00000007c0000000)
  eden space 273408K, 100% used [0x000000076c180000,0x000000077cc80000,0x000000077cc80000)
  from space 24576K, 60% used [0x000000077cc80000,0x000000077db16de0,0x000000077e480000)
  to   space 24576K, 0% used [0x0000000784d00000,0x0000000784d00000,0x0000000786500000)
 ParOldGen       total 90112K, used 39460K [0x00000006c4400000, 0x00000006c9c00000, 0x000000076c180000)
  object space 90112K, 43% used [0x00000006c4400000,0x00000006c6a89030,0x00000006c9c00000)
 Metaspace       used 30740K, capacity 30965K, committed 31280K, reserved 1077248K
  class space    used 4036K, capacity 4099K, committed 4144K, reserved 1048576K
Event: 4.358 GC heap after
Heap after GC invocations=11 (full 1):
 PSYoungGen      total 394752K, used 6288K [0x000000076c180000, 0x0000000785f80000, 0x00000007c0000000)
  eden space 375808K, 0% used [0x000000076c180000,0x000000076c180000,0x0000000783080000)
  from space 18944K, 33% used [0x0000000784d00000,0x0000000785324050,0x0000000785f80000)
  to   space 24064K, 0% used [0x0000000783080000,0x0000000783080000,0x0000000784800000)
 ParOldGen       total 90112K, used 47095K [0x00000006c4400000, 0x00000006c9c00000, 0x000000076c180000)
  object space 90112K, 52% used [0x00000006c4400000,0x00000006c71fdef0,0x00000006c9c00000)
 Metaspace       used 30740K, capacity 30965K, committed 31280K, reserved 1077248K
  class space    used 4036K, capacity 4099K, committed 4144K, reserved 1048576K
}
Event: 4.732 GC heap before
{Heap before GC invocations=12 (full 1):
 PSYoungGen      total 394752K, used 382096K [0x000000076c180000, 0x0000000785f80000, 0x00000007c0000000)
  eden space 375808K, 100% used [0x000000076c180000,0x0000000783080000,0x0000000783080000)
  from space 18944K, 33% used [0x0000000784d00000,0x0000000785324050,0x0000000785f80000)
  to   space 24064K, 0% used [0x0000000783080000,0x0000000783080000,0x0000000784800000)
 ParOldGen       total 90112K, used 47095K [0x00000006c4400000, 0x00000006c9c00000, 0x000000076c180000)
  object space 90112K, 52% used [0x00000006c4400000,0x00000006c71fdef0,0x00000006c9c00000)
 Metaspace       used 30890K, capacity 31157K, committed 31536K, reserved 1077248K
  class space    used 4041K, capacity 4099K, committed 4144K, reserved 1048576K
Event: 4.737 GC heap after
Heap after GC invocations=12 (full 1):
 PSYoungGen      total 399872K, used 2784K [0x000000076c180000, 0x000000078df80000, 0x00000007c0000000)
  eden space 375808K, 0% used [0x000000076c180000,0x000000076c180000,0x0000000783080000)
  from space 24064K, 11% used [0x0000000783080000,0x0000000783338000,0x0000000784800000)
  to   space 24064K, 0% used [0x000000078c800000,0x000000078c800000,0x000000078df80000)
 ParOldGen       total 90112K, used 52575K [0x00000006c4400000, 0x00000006c9c00000, 0x000000076c180000)
  object space 90112K, 58% used [0x00000006c4400000,0x00000006c7757f70,0x00000006c9c00000)
 Metaspace       used 30890K, capacity 31157K, committed 31536K, reserved 1077248K
  class space    used 4041K, capacity 4099K, committed 4144K, reserved 1048576K
}
Event: 10.901 GC heap before
{Heap before GC invocations=13 (full 1):
 PSYoungGen      total 399872K, used 378592K [0x000000076c180000, 0x000000078df80000, 0x00000007c0000000)
  eden space 375808K, 100% used [0x000000076c180000,0x0000000783080000,0x0000000783080000)
  from space 24064K, 11% used [0x0000000783080000,0x0000000783338000,0x0000000784800000)
  to   space 24064K, 0% used [0x000000078c800000,0x000000078c800000,0x000000078df80000)
 ParOldGen       total 90112K, used 52575K [0x00000006c4400000, 0x00000006c9c00000, 0x000000076c180000)
  object space 90112K, 58% used [0x00000006c4400000,0x00000006c7757f70,0x00000006c9c00000)
 Metaspace       used 32297K, capacity 32533K, committed 32944K, reserved 1077248K
  class space    used 4169K, capacity 4241K, committed 4272K, reserved 1048576K
Event: 10.908 GC heap after
Heap after GC invocations=13 (full 1):
 PSYoungGen      total 508416K, used 16515K [0x000000076c180000, 0x000000078d880000, 0x00000007c0000000)
  eden space 491520K, 0% used [0x000000076c180000,0x000000076c180000,0x000000078a180000)
  from space 16896K, 97% used [0x000000078c800000,0x000000078d820c68,0x000000078d880000)
  to   space 25088K, 0% used [0x000000078a780000,0x000000078a780000,0x000000078c000000)
 ParOldGen       total 90112K, used 53912K [0x00000006c4400000, 0x00000006c9c00000, 0x000000076c180000)
  object space 90112K, 59% used [0x00000006c4400000,0x00000006c78a6080,0x00000006c9c00000)
 Metaspace       used 32297K, capacity 32533K, committed 32944K, reserved 1077248K
  class space    used 4169K, capacity 4241K, committed 4272K, reserved 1048576K
}

