# JRE version: Java(TM) SE Runtime Environment (8.0_91-b14) (build 1.8.0_91-b14)
# Java VM: Java HotSpot(TM) 64-Bit Server VM (25.91-b14 mixed mode windows-amd64 compressed oops)
Heap:
 PSYoungGen      total 375808K, used 182252K [0x000000076c180000, 0x0000000785700000, 0x00000007c0000000)
  eden space 347136K, 45% used [0x000000076c180000,0x0000000775d50318,0x0000000781480000)
  from space 28672K, 79% used [0x0000000783380000,0x00000007849aadd0,0x0000000784f80000)
  to   space 31744K, 0% used [0x0000000781480000,0x0000000781480000,0x0000000783380000)
 ParOldGen       total 87552K, used 35543K [0x00000006c4400000, 0x00000006c9980000, 0x000000076c180000)
  object space 87552K, 40% used [0x00000006c4400000,0x00000006c66b5eb8,0x00000006c9980000)
 Metaspace       used 31700K, capacity 31961K, committed 32384K, reserved 1077248K
  class space    used 4077K, capacity 4131K, committed 4224K, reserved 1048576K
GC Heap History (10 events):
Event: 5.994 GC heap before
{Heap before GC invocations=5 (full 1):
 PSYoungGen      total 75264K, used 67982K [0x000000076c180000, 0x0000000774080000, 0x00000007c0000000)
  eden space 64512K, 100% used [0x000000076c180000,0x0000000770080000,0x0000000770080000)
  from space 10752K, 32% used [0x0000000770080000,0x00000007703e3bb0,0x0000000770b00000)
  to   space 10752K, 0% used [0x0000000773600000,0x0000000773600000,0x0000000774080000)
 ParOldGen       total 87552K, used 14198K [0x00000006c4400000, 0x00000006c9980000, 0x000000076c180000)
  object space 87552K, 16% used [0x00000006c4400000,0x00000006c51dd988,0x00000006c9980000)
 Metaspace       used 26661K, capacity 26924K, committed 27136K, reserved 1073152K
  class space    used 3719K, capacity 3808K, committed 3840K, reserved 1048576K
Event: 5.999 GC heap after
Heap after GC invocations=5 (full 1):
 PSYoungGen      total 119296K, used 8084K [0x000000076c180000, 0x0000000774380000, 0x00000007c0000000)
  eden space 108544K, 0% used [0x000000076c180000,0x000000076c180000,0x0000000772b80000)
  from space 10752K, 75% used [0x0000000773600000,0x0000000773de5028,0x0000000774080000)
  to   space 10752K, 0% used [0x0000000772b80000,0x0000000772b80000,0x0000000773600000)
 ParOldGen       total 87552K, used 14206K [0x00000006c4400000, 0x00000006c9980000, 0x000000076c180000)
  object space 87552K, 16% used [0x00000006c4400000,0x00000006c51df988,0x00000006c9980000)
 Metaspace       used 26661K, capacity 26924K, committed 27136K, reserved 1073152K
  class space    used 3719K, capacity 3808K, committed 3840K, reserved 1048576K
}
Event: 6.111 GC heap before
{Heap before GC invocations=6 (full 1):
 PSYoungGen      total 119296K, used 116628K [0x000000076c180000, 0x0000000774380000, 0x00000007c0000000)
  eden space 108544K, 100% used [0x000000076c180000,0x0000000772b80000,0x0000000772b80000)
  from space 10752K, 75% used [0x0000000773600000,0x0000000773de5028,0x0000000774080000)
  to   space 10752K, 0% used [0x0000000772b80000,0x0000000772b80000,0x0000000773600000)
 ParOldGen       total 87552K, used 14206K [0x00000006c4400000, 0x00000006c9980000, 0x000000076c180000)
  object space 87552K, 16% used [0x00000006c4400000,0x00000006c51df988,0x00000006c9980000)
 Metaspace       used 26673K, capacity 26924K, committed 27136K, reserved 1073152K
  class space    used 3720K, capacity 3808K, committed 3840K, reserved 1048576K
Event: 6.118 GC heap after
Heap after GC invocations=6 (full 1):
 PSYoungGen      total 119296K, used 10720K [0x000000076c180000, 0x000000077a000000, 0x00000007c0000000)
  eden space 108544K, 0% used [0x000000076c180000,0x000000076c180000,0x0000000772b80000)
  from space 10752K, 99% used [0x0000000772b80000,0x00000007735f8010,0x0000000773600000)
  to   space 13824K, 0% used [0x0000000779280000,0x0000000779280000,0x000000077a000000)
 ParOldGen       total 87552K, used 17438K [0x00000006c4400000, 0x00000006c9980000, 0x000000076c180000)
  object space 87552K, 19% used [0x00000006c4400000,0x00000006c5507988,0x00000006c9980000)
 Metaspace       used 26673K, capacity 26924K, committed 27136K, reserved 1073152K
  class space    used 3720K, capacity 3808K, committed 3840K, reserved 1048576K
}
Event: 6.780 GC heap before
{Heap before GC invocations=7 (full 1):
 PSYoungGen      total 119296K, used 119264K [0x000000076c180000, 0x000000077a000000, 0x00000007c0000000)
  eden space 108544K, 100% used [0x000000076c180000,0x0000000772b80000,0x0000000772b80000)
  from space 10752K, 99% used [0x0000000772b80000,0x00000007735f8010,0x0000000773600000)
  to   space 13824K, 0% used [0x0000000779280000,0x0000000779280000,0x000000077a000000)
 ParOldGen       total 87552K, used 17438K [0x00000006c4400000, 0x00000006c9980000, 0x000000076c180000)
  object space 87552K, 19% used [0x00000006c4400000,0x00000006c5507988,0x00000006c9980000)
 Metaspace       used 29906K, capacity 30137K, committed 30464K, reserved 1075200K
  class space    used 3967K, capacity 4035K, committed 4096K, reserved 1048576K
Event: 6.794 GC heap after
Heap after GC invocations=7 (full 1):
 PSYoungGen      total 204800K, used 13818K [0x000000076c180000, 0x000000077b200000, 0x00000007c0000000)
  eden space 190976K, 0% used [0x000000076c180000,0x000000076c180000,0x0000000777c00000)
  from space 13824K, 99% used [0x0000000779280000,0x0000000779ffe830,0x000000077a000000)
  to   space 23040K, 0% used [0x0000000777c00000,0x0000000777c00000,0x0000000779280000)
 ParOldGen       total 87552K, used 29044K [0x00000006c4400000, 0x00000006c9980000, 0x000000076c180000)
  object space 87552K, 33% used [0x00000006c4400000,0x00000006c605d2b8,0x00000006c9980000)
 Metaspace       used 29906K, capacity 30137K, committed 30464K, reserved 1075200K
  class space    used 3967K, capacity 4035K, committed 4096K, reserved 1048576K
}
Event: 7.363 GC heap before
{Heap before GC invocations=8 (full 1):
 PSYoungGen      total 204800K, used 204794K [0x000000076c180000, 0x000000077b200000, 0x00000007c0000000)
  eden space 190976K, 100% used [0x000000076c180000,0x0000000777c00000,0x0000000777c00000)
  from space 13824K, 99% used [0x0000000779280000,0x0000000779ffe830,0x000000077a000000)
  to   space 23040K, 0% used [0x0000000777c00000,0x0000000777c00000,0x0000000779280000)
 ParOldGen       total 87552K, used 29044K [0x00000006c4400000, 0x00000006c9980000, 0x000000076c180000)
  object space 87552K, 33% used [0x00000006c4400000,0x00000006c605d2b8,0x00000006c9980000)
 Metaspace       used 30753K, capacity 31033K, committed 31360K, reserved 1077248K
  class space    used 4020K, capacity 4099K, committed 4224K, reserved 1048576K
Event: 7.373 GC heap after
Heap after GC invocations=8 (full 1):
 PSYoungGen      total 214016K, used 23016K [0x000000076c180000, 0x0000000784f80000, 0x00000007c0000000)
  eden space 190976K, 0% used [0x000000076c180000,0x000000076c180000,0x0000000777c00000)
  from space 23040K, 99% used [0x0000000777c00000,0x000000077927a1b0,0x0000000779280000)
  to   space 28672K, 0% used [0x0000000783380000,0x0000000783380000,0x0000000784f80000)
 ParOldGen       total 87552K, used 30903K [0x00000006c4400000, 0x00000006c9980000, 0x000000076c180000)
  object space 87552K, 35% used [0x00000006c4400000,0x00000006c622de98,0x00000006c9980000)
 Metaspace       used 30753K, capacity 31033K, committed 31360K, reserved 1077248K
  class space    used 4020K, capacity 4099K, committed 4224K, reserved 1048576K
}
Event: 7.858 GC heap before
{Heap before GC invocations=9 (full 1):
 PSYoungGen      total 214016K, used 213992K [0x000000076c180000, 0x0000000784f80000, 0x00000007c0000000)
  eden space 190976K, 100% used [0x000000076c180000,0x0000000777c00000,0x0000000777c00000)
  from space 23040K, 99% used [0x0000000777c00000,0x000000077927a1b0,0x0000000779280000)
  to   space 28672K, 0% used [0x0000000783380000,0x0000000783380000,0x0000000784f80000)
 ParOldGen       total 87552K, used 30903K [0x00000006c4400000, 0x00000006c9980000, 0x000000076c180000)
  object space 87552K, 35% used [0x00000006c4400000,0x00000006c622de98,0x00000006c9980000)
 Metaspace       used 30978K, capacity 31225K, committed 31616K, reserved 1077248K
  class space    used 4026K, capacity 4099K, committed 4224K, reserved 1048576K
Event: 7.870 GC heap after
Heap after GC invocations=9 (full 1):
 PSYoungGen      total 375808K, used 22699K [0x000000076c180000, 0x0000000785700000, 0x00000007c0000000)
  eden space 347136K, 0% used [0x000000076c180000,0x000000076c180000,0x0000000781480000)
  from space 28672K, 79% used [0x0000000783380000,0x00000007849aadd0,0x0000000784f80000)
  to   space 31744K, 0% used [0x0000000781480000,0x0000000781480000,0x0000000783380000)
 ParOldGen       total 87552K, used 35543K [0x00000006c4400000, 0x00000006c9980000, 0x000000076c180000)
  object space 87552K, 40% used [0x00000006c4400000,0x00000006c66b5eb8,0x00000006c9980000)
 Metaspace       used 30978K, capacity 31225K, committed 31616K, reserved 1077248K
  class space    used 4026K, capacity 4099K, committed 4224K, reserved 1048576K
}

