# JRE version: Java(TM) SE Runtime Environment (8.0_91-b14) (build 1.8.0_91-b14)
# Java VM: Java HotSpot(TM) 64-Bit Server VM (25.91-b14 mixed mode windows-amd64 compressed oops)
Heap:
 PSYoungGen      total 562176K, used 70074K [0x000000076c180000, 0x0000000790f00000, 0x00000007c0000000)
  eden space 545280K, 9% used [0x000000076c180000,0x000000076f599c90,0x000000078d600000)
  from space 16896K, 98% used [0x000000078fe80000,0x0000000790ed4ef8,0x0000000790f00000)
  to   space 26624K, 0% used [0x000000078db00000,0x000000078db00000,0x000000078f500000)
 ParOldGen       total 88064K, used 57951K [0x00000006c4400000, 0x00000006c9a00000, 0x000000076c180000)
  object space 88064K, 65% used [0x00000006c4400000,0x00000006c7c97ce8,0x00000006c9a00000)
 Metaspace       used 32654K, capacity 32891K, committed 33328K, reserved 1079296K
  class space    used 4177K, capacity 4274K, committed 4400K, reserved 1048576K
GC Heap History (10 events):
Event: 3.905 GC heap before
{Heap before GC invocations=9 (full 1):
 PSYoungGen      total 190464K, used 190462K [0x000000076c180000, 0x0000000780900000, 0x00000007c0000000)
  eden space 171008K, 100% used [0x000000076c180000,0x0000000776880000,0x0000000776880000)
  from space 19456K, 99% used [0x0000000776880000,0x0000000777b7f930,0x0000000777b80000)
  to   space 24064K, 0% used [0x000000077f180000,0x000000077f180000,0x0000000780900000)
 ParOldGen       total 88064K, used 29204K [0x00000006c4400000, 0x00000006c9a00000, 0x000000076c180000)
  object space 88064K, 33% used [0x00000006c4400000,0x00000006c60850a8,0x00000006c9a00000)
 Metaspace       used 30396K, capacity 30645K, committed 31024K, reserved 1077248K
  class space    used 4022K, capacity 4099K, committed 4144K, reserved 1048576K
Event: 3.912 GC heap after
Heap after GC invocations=9 (full 1):
 PSYoungGen      total 309248K, used 18526K [0x000000076c180000, 0x0000000781100000, 0x00000007c0000000)
  eden space 285184K, 0% used [0x000000076c180000,0x000000076c180000,0x000000077d800000)
  from space 24064K, 76% used [0x000000077f180000,0x0000000780397900,0x0000000780900000)
  to   space 26112K, 0% used [0x000000077d800000,0x000000077d800000,0x000000077f180000)
 ParOldGen       total 88064K, used 30476K [0x00000006c4400000, 0x00000006c9a00000, 0x000000076c180000)
  object space 88064K, 34% used [0x00000006c4400000,0x00000006c61c30c8,0x00000006c9a00000)
 Metaspace       used 30396K, capacity 30645K, committed 31024K, reserved 1077248K
  class space    used 4022K, capacity 4099K, committed 4144K, reserved 1048576K
}
Event: 4.265 GC heap before
{Heap before GC invocations=10 (full 1):
 PSYoungGen      total 309248K, used 303710K [0x000000076c180000, 0x0000000781100000, 0x00000007c0000000)
  eden space 285184K, 100% used [0x000000076c180000,0x000000077d800000,0x000000077d800000)
  from space 24064K, 76% used [0x000000077f180000,0x0000000780397900,0x0000000780900000)
  to   space 26112K, 0% used [0x000000077d800000,0x000000077d800000,0x000000077f180000)
 ParOldGen       total 88064K, used 30476K [0x00000006c4400000, 0x00000006c9a00000, 0x000000076c180000)
  object space 88064K, 34% used [0x00000006c4400000,0x00000006c61c30c8,0x00000006c9a00000)
 Metaspace       used 30674K, capacity 30901K, committed 31280K, reserved 1077248K
  class space    used 4036K, capacity 4099K, committed 4144K, reserved 1048576K
Event: 4.279 GC heap after
Heap after GC invocations=10 (full 1):
 PSYoungGen      total 311296K, used 15832K [0x000000076c180000, 0x0000000788080000, 0x00000007c0000000)
  eden space 285184K, 0% used [0x000000076c180000,0x000000076c180000,0x000000077d800000)
  from space 26112K, 60% used [0x000000077d800000,0x000000077e776200,0x000000077f180000)
  to   space 26112K, 0% used [0x0000000786700000,0x0000000786700000,0x0000000788080000)
 ParOldGen       total 88064K, used 40184K [0x00000006c4400000, 0x00000006c9a00000, 0x000000076c180000)
  object space 88064K, 45% used [0x00000006c4400000,0x00000006c6b3e0d8,0x00000006c9a00000)
 Metaspace       used 30674K, capacity 30901K, committed 31280K, reserved 1077248K
  class space    used 4036K, capacity 4099K, committed 4144K, reserved 1048576K
}
Event: 4.573 GC heap before
{Heap before GC invocations=11 (full 1):
 PSYoungGen      total 311296K, used 301016K [0x000000076c180000, 0x0000000788080000, 0x00000007c0000000)
  eden space 285184K, 100% used [0x000000076c180000,0x000000077d800000,0x000000077d800000)
  from space 26112K, 60% used [0x000000077d800000,0x000000077e776200,0x000000077f180000)
  to   space 26112K, 0% used [0x0000000786700000,0x0000000786700000,0x0000000788080000)
 ParOldGen       total 88064K, used 40184K [0x00000006c4400000, 0x00000006c9a00000, 0x000000076c180000)
  object space 88064K, 45% used [0x00000006c4400000,0x00000006c6b3e0d8,0x00000006c9a00000)
 Metaspace       used 30741K, capacity 30965K, committed 31280K, reserved 1077248K
  class space    used 4036K, capacity 4099K, committed 4144K, reserved 1048576K
Event: 4.582 GC heap after
Heap after GC invocations=11 (full 1):
 PSYoungGen      total 427520K, used 6432K [0x000000076c180000, 0x0000000787e00000, 0x00000007c0000000)
  eden space 403968K, 0% used [0x000000076c180000,0x000000076c180000,0x0000000784c00000)
  from space 23552K, 27% used [0x0000000786700000,0x0000000786d48040,0x0000000787e00000)
  to   space 25600K, 0% used [0x0000000784c00000,0x0000000784c00000,0x0000000786500000)
 ParOldGen       total 88064K, used 51026K [0x00000006c4400000, 0x00000006c9a00000, 0x000000076c180000)
  object space 88064K, 57% used [0x00000006c4400000,0x00000006c75d4968,0x00000006c9a00000)
 Metaspace       used 30741K, capacity 30965K, committed 31280K, reserved 1077248K
  class space    used 4036K, capacity 4099K, committed 4144K, reserved 1048576K
}
Event: 5.085 GC heap before
{Heap before GC invocations=12 (full 1):
 PSYoungGen      total 427520K, used 410400K [0x000000076c180000, 0x0000000787e00000, 0x00000007c0000000)
  eden space 403968K, 100% used [0x000000076c180000,0x0000000784c00000,0x0000000784c00000)
  from space 23552K, 27% used [0x0000000786700000,0x0000000786d48040,0x0000000787e00000)
  to   space 25600K, 0% used [0x0000000784c00000,0x0000000784c00000,0x0000000786500000)
 ParOldGen       total 88064K, used 51026K [0x00000006c4400000, 0x00000006c9a00000, 0x000000076c180000)
  object space 88064K, 57% used [0x00000006c4400000,0x00000006c75d4968,0x00000006c9a00000)
 Metaspace       used 30934K, capacity 31157K, committed 31536K, reserved 1077248K
  class space    used 4040K, capacity 4099K, committed 4144K, reserved 1048576K
Event: 5.092 GC heap after
Heap after GC invocations=12 (full 1):
 PSYoungGen      total 429568K, used 3168K [0x000000076c180000, 0x0000000791780000, 0x00000007c0000000)
  eden space 403968K, 0% used [0x000000076c180000,0x000000076c180000,0x0000000784c00000)
  from space 25600K, 12% used [0x0000000784c00000,0x0000000784f18000,0x0000000786500000)
  to   space 25600K, 0% used [0x000000078fe80000,0x000000078fe80000,0x0000000791780000)
 ParOldGen       total 88064K, used 56602K [0x00000006c4400000, 0x00000006c9a00000, 0x000000076c180000)
  object space 88064K, 64% used [0x00000006c4400000,0x00000006c7b469e8,0x00000006c9a00000)
 Metaspace       used 30934K, capacity 31157K, committed 31536K, reserved 1077248K
  class space    used 4040K, capacity 4099K, committed 4144K, reserved 1048576K
}
Event: 19.156 GC heap before
{Heap before GC invocations=13 (full 1):
 PSYoungGen      total 429568K, used 393267K [0x000000076c180000, 0x0000000791780000, 0x00000007c0000000)
  eden space 403968K, 96% used [0x000000076c180000,0x0000000783e74c30,0x0000000784c00000)
  from space 25600K, 12% used [0x0000000784c00000,0x0000000784f18000,0x0000000786500000)
  to   space 25600K, 0% used [0x000000078fe80000,0x000000078fe80000,0x0000000791780000)
 ParOldGen       total 88064K, used 56602K [0x00000006c4400000, 0x00000006c9a00000, 0x000000076c180000)
  object space 88064K, 64% used [0x00000006c4400000,0x00000006c7b469e8,0x00000006c9a00000)
 Metaspace       used 32564K, capacity 32795K, committed 33200K, reserved 1079296K
  class space    used 4174K, capacity 4242K, committed 4272K, reserved 1048576K
Event: 19.164 GC heap after
Heap after GC invocations=13 (full 1):
 PSYoungGen      total 562176K, used 16723K [0x000000076c180000, 0x0000000790f00000, 0x00000007c0000000)
  eden space 545280K, 0% used [0x000000076c180000,0x000000076c180000,0x000000078d600000)
  from space 16896K, 98% used [0x000000078fe80000,0x0000000790ed4ef8,0x0000000790f00000)
  to   space 26624K, 0% used [0x000000078db00000,0x000000078db00000,0x000000078f500000)
 ParOldGen       total 88064K, used 57951K [0x00000006c4400000, 0x00000006c9a00000, 0x000000076c180000)
  object space 88064K, 65% used [0x00000006c4400000,0x00000006c7c97ce8,0x00000006c9a00000)
 Metaspace       used 32564K, capacity 32795K, committed 33200K, reserved 1079296K
  class space    used 4174K, capacity 4242K, committed 4272K, reserved 1048576K
}

