# JRE version: Java(TM) SE Runtime Environment (8.0) (build 1.8.0_401-b10)
# Java VM: Java HotSpot(TM) Client VM (25.401-b10 mixed mode, sharing windows-x86 )
Heap:
 def new generation   total 45248K, used 11473K [0x04c00000, 0x07d10000, 0x0a150000)
  eden space 40256K,  27% used [0x04c00000, 0x05700630, 0x07350000)
  from space 4992K,   4% used [0x07350000, 0x073841a0, 0x07830000)
  to   space 4992K,   0% used [0x07830000, 0x07830000, 0x07d10000)
 tenured generation   total 100360K, used 63047K [0x0a150000, 0x10352000, 0x14c00000)
   the space 100360K,  62% used [0x0a150000, 0x0dee1ea0, 0x0dee2000, 0x10352000)
 Metaspace       used 15278K, capacity 15476K, committed 15488K, reserved 15744K
GC Heap History (10 events):
Event: 2.235 GC heap before
{Heap before GC invocations=79 (full 4):
 def new generation   total 45248K, used 40256K [0x04c00000, 0x07d10000, 0x0a150000)
  eden space 40256K, 100% used [0x04c00000, 0x07350000, 0x07350000)
  from space 4992K,   0% used [0x07350000, 0x07350000, 0x07830000)
  to   space 4992K,   0% used [0x07830000, 0x07830000, 0x07d10000)
 tenured generation   total 100360K, used 60214K [0x0a150000, 0x10352000, 0x14c00000)
   the space 100360K,  59% used [0x0a150000, 0x0dc1db58, 0x0dc1dc00, 0x10352000)
 Metaspace       used 15174K, capacity 15380K, committed 15488K, reserved 15744K
Event: 2.237 GC heap after
Heap after GC invocations=80 (full 4):
 def new generation   total 45248K, used 3006K [0x04c00000, 0x07d10000, 0x0a150000)
  eden space 40256K,   0% used [0x04c00000, 0x04c00000, 0x07350000)
  from space 4992K,  60% used [0x07830000, 0x07b1f9b0, 0x07d10000)
  to   space 4992K,   0% used [0x07350000, 0x07350000, 0x07830000)
 tenured generation   total 100360K, used 60214K [0x0a150000, 0x10352000, 0x14c00000)
   the space 100360K,  59% used [0x0a150000, 0x0dc1db58, 0x0dc1dc00, 0x10352000)
 Metaspace       used 15174K, capacity 15380K, committed 15488K, reserved 15744K
}
Event: 2.276 GC heap before
{Heap before GC invocations=80 (full 4):
 def new generation   total 45248K, used 43262K [0x04c00000, 0x07d10000, 0x0a150000)
  eden space 40256K, 100% used [0x04c00000, 0x07350000, 0x07350000)
  from space 4992K,  60% used [0x07830000, 0x07b1f9b0, 0x07d10000)
  to   space 4992K,   0% used [0x07350000, 0x07350000, 0x07830000)
 tenured generation   total 100360K, used 60214K [0x0a150000, 0x10352000, 0x14c00000)
   the space 100360K,  59% used [0x0a150000, 0x0dc1db58, 0x0dc1dc00, 0x10352000)
 Metaspace       used 15174K, capacity 15380K, committed 15488K, reserved 15744K
Event: 2.278 GC heap after
Heap after GC invocations=81 (full 4):
 def new generation   total 45248K, used 22K [0x04c00000, 0x07d10000, 0x0a150000)
  eden space 40256K,   0% used [0x04c00000, 0x04c00000, 0x07350000)
  from space 4992K,   0% used [0x07350000, 0x07355938, 0x07830000)
  to   space 4992K,   0% used [0x07830000, 0x07830000, 0x07d10000)
 tenured generation   total 100360K, used 63047K [0x0a150000, 0x10352000, 0x14c00000)
   the space 100360K,  62% used [0x0a150000, 0x0dee1ea0, 0x0dee2000, 0x10352000)
 Metaspace       used 15174K, capacity 15380K, committed 15488K, reserved 15744K
}
Event: 2.315 GC heap before
{Heap before GC invocations=81 (full 4):
 def new generation   total 45248K, used 40278K [0x04c00000, 0x07d10000, 0x0a150000)
  eden space 40256K, 100% used [0x04c00000, 0x07350000, 0x07350000)
  from space 4992K,   0% used [0x07350000, 0x07355938, 0x07830000)
  to   space 4992K,   0% used [0x07830000, 0x07830000, 0x07d10000)
 tenured generation   total 100360K, used 63047K [0x0a150000, 0x10352000, 0x14c00000)
   the space 100360K,  62% used [0x0a150000, 0x0dee1ea0, 0x0dee2000, 0x10352000)
 Metaspace       used 15174K, capacity 15380K, committed 15488K, reserved 15744K
Event: 2.316 GC heap after
Heap after GC invocations=82 (full 4):
 def new generation   total 45248K, used 36K [0x04c00000, 0x07d10000, 0x0a150000)
  eden space 40256K,   0% used [0x04c00000, 0x04c00000, 0x07350000)
  from space 4992K,   0% used [0x07830000, 0x078390f8, 0x07d10000)
  to   space 4992K,   0% used [0x07350000, 0x07350000, 0x07830000)
 tenured generation   total 100360K, used 63047K [0x0a150000, 0x10352000, 0x14c00000)
   the space 100360K,  62% used [0x0a150000, 0x0dee1ea0, 0x0dee2000, 0x10352000)
 Metaspace       used 15174K, capacity 15380K, committed 15488K, reserved 15744K
}
Event: 2.353 GC heap before
{Heap before GC invocations=82 (full 4):
 def new generation   total 45248K, used 40292K [0x04c00000, 0x07d10000, 0x0a150000)
  eden space 40256K, 100% used [0x04c00000, 0x07350000, 0x07350000)
  from space 4992K,   0% used [0x07830000, 0x078390f8, 0x07d10000)
  to   space 4992K,   0% used [0x07350000, 0x07350000, 0x07830000)
 tenured generation   total 100360K, used 63047K [0x0a150000, 0x10352000, 0x14c00000)
   the space 100360K,  62% used [0x0a150000, 0x0dee1ea0, 0x0dee2000, 0x10352000)
 Metaspace       used 15174K, capacity 15380K, committed 15488K, reserved 15744K
Event: 2.354 GC heap after
Heap after GC invocations=83 (full 4):
 def new generation   total 45248K, used 49K [0x04c00000, 0x07d10000, 0x0a150000)
  eden space 40256K,   0% used [0x04c00000, 0x04c00000, 0x07350000)
  from space 4992K,   0% used [0x07350000, 0x0735c668, 0x07830000)
  to   space 4992K,   0% used [0x07830000, 0x07830000, 0x07d10000)
 tenured generation   total 100360K, used 63047K [0x0a150000, 0x10352000, 0x14c00000)
   the space 100360K,  62% used [0x0a150000, 0x0dee1ea0, 0x0dee2000, 0x10352000)
 Metaspace       used 15174K, capacity 15380K, committed 15488K, reserved 15744K
}
Event: 2.394 GC heap before
{Heap before GC invocations=83 (full 4):
 def new generation   total 45248K, used 40305K [0x04c00000, 0x07d10000, 0x0a150000)
  eden space 40256K, 100% used [0x04c00000, 0x07350000, 0x07350000)
  from space 4992K,   0% used [0x07350000, 0x0735c668, 0x07830000)
  to   space 4992K,   0% used [0x07830000, 0x07830000, 0x07d10000)
 tenured generation   total 100360K, used 63047K [0x0a150000, 0x10352000, 0x14c00000)
   the space 100360K,  62% used [0x0a150000, 0x0dee1ea0, 0x0dee2000, 0x10352000)
 Metaspace       used 15174K, capacity 15380K, committed 15488K, reserved 15744K
Event: 2.394 GC heap after
Heap after GC invocations=84 (full 4):
 def new generation   total 45248K, used 64K [0x04c00000, 0x07d10000, 0x0a150000)
  eden space 40256K,   0% used [0x04c00000, 0x04c00000, 0x07350000)
  from space 4992K,   1% used [0x07830000, 0x07840030, 0x07d10000)
  to   space 4992K,   0% used [0x07350000, 0x07350000, 0x07830000)
 tenured generation   total 100360K, used 63047K [0x0a150000, 0x10352000, 0x14c00000)
   the space 100360K,  62% used [0x0a150000, 0x0dee1ea0, 0x0dee2000, 0x10352000)
 Metaspace       used 15174K, capacity 15380K, committed 15488K, reserved 15744K
}

