# JRE version: Java(TM) SE Runtime Environment (8.0_91-b14) (build 1.8.0_91-b14)
# Java VM: Java HotSpot(TM) 64-Bit Server VM (25.91-b14 mixed mode windows-amd64 compressed oops)
Heap:
 PSYoungGen      total 240128K, used 116123K [0x000000076c180000, 0x0000000781b80000, 0x00000007c0000000)
  eden space 210944K, 47% used [0x000000076c180000,0x000000077234ea40,0x0000000778f80000)
  from space 29184K, 54% used [0x0000000778f80000,0x0000000779f181c0,0x000000077ac00000)
  to   space 28672K, 0% used [0x000000077ff80000,0x000000077ff80000,0x0000000781b80000)
 ParOldGen       total 110592K, used 44067K [0x00000006c4400000, 0x00000006cb000000, 0x000000076c180000)
  object space 110592K, 39% used [0x00000006c4400000,0x00000006c6f08ed0,0x00000006cb000000)
 Metaspace       used 31687K, capacity 31897K, committed 32384K, reserved 1077248K
  class space    used 4068K, capacity 4131K, committed 4224K, reserved 1048576K
GC Heap History (10 events):
Event: 2.374 GC heap before
{Heap before GC invocations=6 (full 1):
 PSYoungGen      total 96256K, used 93716K [0x000000076c180000, 0x0000000772d80000, 0x00000007c0000000)
  eden space 85504K, 100% used [0x000000076c180000,0x0000000771500000,0x0000000771500000)
  from space 10752K, 76% used [0x0000000771f80000,0x0000000772785028,0x0000000772a00000)
  to   space 10752K, 0% used [0x0000000771500000,0x0000000771500000,0x0000000771f80000)
 ParOldGen       total 110592K, used 14207K [0x00000006c4400000, 0x00000006cb000000, 0x000000076c180000)
  object space 110592K, 12% used [0x00000006c4400000,0x00000006c51dfc10,0x00000006cb000000)
 Metaspace       used 26659K, capacity 26924K, committed 27136K, reserved 1073152K
  class space    used 3718K, capacity 3808K, committed 3840K, reserved 1048576K
Event: 2.378 GC heap after
Heap after GC invocations=6 (full 1):
 PSYoungGen      total 96256K, used 10736K [0x000000076c180000, 0x0000000775d00000, 0x00000007c0000000)
  eden space 85504K, 0% used [0x000000076c180000,0x000000076c180000,0x0000000771500000)
  from space 10752K, 99% used [0x0000000771500000,0x0000000771f7c020,0x0000000771f80000)
  to   space 13312K, 0% used [0x0000000775000000,0x0000000775000000,0x0000000775d00000)
 ParOldGen       total 110592K, used 16871K [0x00000006c4400000, 0x00000006cb000000, 0x000000076c180000)
  object space 110592K, 15% used [0x00000006c4400000,0x00000006c5479c10,0x00000006cb000000)
 Metaspace       used 26659K, capacity 26924K, committed 27136K, reserved 1073152K
  class space    used 3718K, capacity 3808K, committed 3840K, reserved 1048576K
}
Event: 2.438 GC heap before
{Heap before GC invocations=7 (full 1):
 PSYoungGen      total 96256K, used 96240K [0x000000076c180000, 0x0000000775d00000, 0x00000007c0000000)
  eden space 85504K, 100% used [0x000000076c180000,0x0000000771500000,0x0000000771500000)
  from space 10752K, 99% used [0x0000000771500000,0x0000000771f7c020,0x0000000771f80000)
  to   space 13312K, 0% used [0x0000000775000000,0x0000000775000000,0x0000000775d00000)
 ParOldGen       total 110592K, used 16871K [0x00000006c4400000, 0x00000006cb000000, 0x000000076c180000)
  object space 110592K, 15% used [0x00000006c4400000,0x00000006c5479c10,0x00000006cb000000)
 Metaspace       used 26789K, capacity 27052K, committed 27392K, reserved 1073152K
  class space    used 3726K, capacity 3808K, committed 3840K, reserved 1048576K
Event: 2.446 GC heap after
Heap after GC invocations=7 (full 1):
 PSYoungGen      total 139264K, used 13280K [0x000000076c180000, 0x0000000777900000, 0x00000007c0000000)
  eden space 125952K, 0% used [0x000000076c180000,0x000000076c180000,0x0000000773c80000)
  from space 13312K, 99% used [0x0000000775000000,0x0000000775cf8010,0x0000000775d00000)
  to   space 19968K, 0% used [0x0000000773c80000,0x0000000773c80000,0x0000000775000000)
 ParOldGen       total 110592K, used 23975K [0x00000006c4400000, 0x00000006cb000000, 0x000000076c180000)
  object space 110592K, 21% used [0x00000006c4400000,0x00000006c5b69c10,0x00000006cb000000)
 Metaspace       used 26789K, capacity 27052K, committed 27392K, reserved 1073152K
  class space    used 3726K, capacity 3808K, committed 3840K, reserved 1048576K
}
Event: 3.311 GC heap before
{Heap before GC invocations=8 (full 1):
 PSYoungGen      total 139264K, used 139232K [0x000000076c180000, 0x0000000777900000, 0x00000007c0000000)
  eden space 125952K, 100% used [0x000000076c180000,0x0000000773c80000,0x0000000773c80000)
  from space 13312K, 99% used [0x0000000775000000,0x0000000775cf8010,0x0000000775d00000)
  to   space 19968K, 0% used [0x0000000773c80000,0x0000000773c80000,0x0000000775000000)
 ParOldGen       total 110592K, used 23975K [0x00000006c4400000, 0x00000006cb000000, 0x000000076c180000)
  object space 110592K, 21% used [0x00000006c4400000,0x00000006c5b69c10,0x00000006cb000000)
 Metaspace       used 30504K, capacity 30745K, committed 30976K, reserved 1077248K
  class space    used 4006K, capacity 4067K, committed 4096K, reserved 1048576K
Event: 3.321 GC heap after
Heap after GC invocations=8 (full 1):
 PSYoungGen      total 145920K, used 19936K [0x000000076c180000, 0x000000077c700000, 0x00000007c0000000)
  eden space 125952K, 0% used [0x000000076c180000,0x000000076c180000,0x0000000773c80000)
  from space 19968K, 99% used [0x0000000773c80000,0x0000000774ff80c0,0x0000000775000000)
  to   space 27648K, 0% used [0x000000077ac00000,0x000000077ac00000,0x000000077c700000)
 ParOldGen       total 110592K, used 30783K [0x00000006c4400000, 0x00000006cb000000, 0x000000076c180000)
  object space 110592K, 27% used [0x00000006c4400000,0x00000006c620fea0,0x00000006cb000000)
 Metaspace       used 30504K, capacity 30745K, committed 30976K, reserved 1077248K
  class space    used 4006K, capacity 4067K, committed 4096K, reserved 1048576K
}
Event: 3.590 GC heap before
{Heap before GC invocations=9 (full 1):
 PSYoungGen      total 145920K, used 145888K [0x000000076c180000, 0x000000077c700000, 0x00000007c0000000)
  eden space 125952K, 100% used [0x000000076c180000,0x0000000773c80000,0x0000000773c80000)
  from space 19968K, 99% used [0x0000000773c80000,0x0000000774ff80c0,0x0000000775000000)
  to   space 27648K, 0% used [0x000000077ac00000,0x000000077ac00000,0x000000077c700000)
 ParOldGen       total 110592K, used 30783K [0x00000006c4400000, 0x00000006cb000000, 0x000000076c180000)
  object space 110592K, 27% used [0x00000006c4400000,0x00000006c620fea0,0x00000006cb000000)
 Metaspace       used 30811K, capacity 31033K, committed 31360K, reserved 1077248K
  class space    used 4022K, capacity 4099K, committed 4224K, reserved 1048576K
Event: 3.600 GC heap after
Heap after GC invocations=9 (full 1):
 PSYoungGen      total 238592K, used 19328K [0x000000076c180000, 0x000000077ca00000, 0x00000007c0000000)
  eden space 210944K, 0% used [0x000000076c180000,0x000000076c180000,0x0000000778f80000)
  from space 27648K, 69% used [0x000000077ac00000,0x000000077bee00b0,0x000000077c700000)
  to   space 29184K, 0% used [0x0000000778f80000,0x0000000778f80000,0x000000077ac00000)
 ParOldGen       total 110592K, used 36311K [0x00000006c4400000, 0x00000006cb000000, 0x000000076c180000)
  object space 110592K, 32% used [0x00000006c4400000,0x00000006c6775ec0,0x00000006cb000000)
 Metaspace       used 30811K, capacity 31033K, committed 31360K, reserved 1077248K
  class space    used 4022K, capacity 4099K, committed 4224K, reserved 1048576K
}
Event: 4.279 GC heap before
{Heap before GC invocations=10 (full 1):
 PSYoungGen      total 238592K, used 230272K [0x000000076c180000, 0x000000077ca00000, 0x00000007c0000000)
  eden space 210944K, 100% used [0x000000076c180000,0x0000000778f80000,0x0000000778f80000)
  from space 27648K, 69% used [0x000000077ac00000,0x000000077bee00b0,0x000000077c700000)
  to   space 29184K, 0% used [0x0000000778f80000,0x0000000778f80000,0x000000077ac00000)
 ParOldGen       total 110592K, used 36311K [0x00000006c4400000, 0x00000006cb000000, 0x000000076c180000)
  object space 110592K, 32% used [0x00000006c4400000,0x00000006c6775ec0,0x00000006cb000000)
 Metaspace       used 31143K, capacity 31353K, committed 31872K, reserved 1077248K
  class space    used 4030K, capacity 4099K, committed 4224K, reserved 1048576K
Event: 4.299 GC heap after
Heap after GC invocations=10 (full 1):
 PSYoungGen      total 240128K, used 15968K [0x000000076c180000, 0x0000000781b80000, 0x00000007c0000000)
  eden space 210944K, 0% used [0x000000076c180000,0x000000076c180000,0x0000000778f80000)
  from space 29184K, 54% used [0x0000000778f80000,0x0000000779f181c0,0x000000077ac00000)
  to   space 28672K, 0% used [0x000000077ff80000,0x000000077ff80000,0x0000000781b80000)
 ParOldGen       total 110592K, used 44067K [0x00000006c4400000, 0x00000006cb000000, 0x000000076c180000)
  object space 110592K, 39% used [0x00000006c4400000,0x00000006c6f08ed0,0x00000006cb000000)
 Metaspace       used 31143K, capacity 31353K, committed 31872K, reserved 1077248K
  class space    used 4030K, capacity 4099K, committed 4224K, reserved 1048576K
}

