# JRE version: Java(TM) SE Runtime Environment (8.0_91-b14) (build 1.8.0_91-b14)
# Java VM: Java HotSpot(TM) 64-Bit Server VM (25.91-b14 mixed mode windows-amd64 compressed oops)
Heap:
 PSYoungGen      total 239104K, used 107642K [0x000000076c180000, 0x0000000780f80000, 0x00000007c0000000)
  eden space 209920K, 43% used [0x000000076c180000,0x0000000771a92ad0,0x0000000778e80000)
  from space 29184K, 56% used [0x0000000778e80000,0x0000000779e8c090,0x000000077ab00000)
  to   space 28672K, 0% used [0x000000077f380000,0x000000077f380000,0x0000000780f80000)
 ParOldGen       total 109568K, used 45383K [0x00000006c4400000, 0x00000006caf00000, 0x000000076c180000)
  object space 109568K, 41% used [0x00000006c4400000,0x00000006c7051c58,0x00000006caf00000)
 Metaspace       used 31682K, capacity 31897K, committed 32384K, reserved 1077248K
  class space    used 4067K, capacity 4131K, committed 4224K, reserved 1048576K
GC Heap History (10 events):
Event: 2.533 GC heap before
{Heap before GC invocations=6 (full 1):
 PSYoungGen      total 99840K, used 97301K [0x000000076c180000, 0x0000000773000000, 0x00000007c0000000)
  eden space 89088K, 100% used [0x000000076c180000,0x0000000771880000,0x0000000771880000)
  from space 10752K, 76% used [0x0000000772300000,0x0000000772b05520,0x0000000772d80000)
  to   space 10752K, 0% used [0x0000000771880000,0x0000000771880000,0x0000000772300000)
 ParOldGen       total 109568K, used 14207K [0x00000006c4400000, 0x00000006caf00000, 0x000000076c180000)
  object space 109568K, 12% used [0x00000006c4400000,0x00000006c51dfc38,0x00000006caf00000)
 Metaspace       used 26656K, capacity 26924K, committed 27136K, reserved 1073152K
  class space    used 3718K, capacity 3808K, committed 3840K, reserved 1048576K
Event: 2.537 GC heap after
Heap after GC invocations=6 (full 1):
 PSYoungGen      total 99840K, used 10736K [0x000000076c180000, 0x0000000776180000, 0x00000007c0000000)
  eden space 89088K, 0% used [0x000000076c180000,0x000000076c180000,0x0000000771880000)
  from space 10752K, 99% used [0x0000000771880000,0x00000007722fc020,0x0000000772300000)
  to   space 13312K, 0% used [0x0000000775480000,0x0000000775480000,0x0000000776180000)
 ParOldGen       total 109568K, used 17119K [0x00000006c4400000, 0x00000006caf00000, 0x000000076c180000)
  object space 109568K, 15% used [0x00000006c4400000,0x00000006c54b7c38,0x00000006caf00000)
 Metaspace       used 26656K, capacity 26924K, committed 27136K, reserved 1073152K
  class space    used 3718K, capacity 3808K, committed 3840K, reserved 1048576K
}
Event: 2.627 GC heap before
{Heap before GC invocations=7 (full 1):
 PSYoungGen      total 99840K, used 99824K [0x000000076c180000, 0x0000000776180000, 0x00000007c0000000)
  eden space 89088K, 100% used [0x000000076c180000,0x0000000771880000,0x0000000771880000)
  from space 10752K, 99% used [0x0000000771880000,0x00000007722fc020,0x0000000772300000)
  to   space 13312K, 0% used [0x0000000775480000,0x0000000775480000,0x0000000776180000)
 ParOldGen       total 109568K, used 17119K [0x00000006c4400000, 0x00000006caf00000, 0x000000076c180000)
  object space 109568K, 15% used [0x00000006c4400000,0x00000006c54b7c38,0x00000006caf00000)
 Metaspace       used 26805K, capacity 27052K, committed 27392K, reserved 1073152K
  class space    used 3728K, capacity 3808K, committed 3840K, reserved 1048576K
Event: 2.635 GC heap after
Heap after GC invocations=7 (full 1):
 PSYoungGen      total 143360K, used 13280K [0x000000076c180000, 0x0000000777a80000, 0x00000007c0000000)
  eden space 130048K, 0% used [0x000000076c180000,0x000000076c180000,0x0000000774080000)
  from space 13312K, 99% used [0x0000000775480000,0x0000000776178010,0x0000000776180000)
  to   space 20480K, 0% used [0x0000000774080000,0x0000000774080000,0x0000000775480000)
 ParOldGen       total 109568K, used 24951K [0x00000006c4400000, 0x00000006caf00000, 0x000000076c180000)
  object space 109568K, 22% used [0x00000006c4400000,0x00000006c5c5dc38,0x00000006caf00000)
 Metaspace       used 26805K, capacity 27052K, committed 27392K, reserved 1073152K
  class space    used 3728K, capacity 3808K, committed 3840K, reserved 1048576K
}
Event: 3.566 GC heap before
{Heap before GC invocations=8 (full 1):
 PSYoungGen      total 143360K, used 143328K [0x000000076c180000, 0x0000000777a80000, 0x00000007c0000000)
  eden space 130048K, 100% used [0x000000076c180000,0x0000000774080000,0x0000000774080000)
  from space 13312K, 99% used [0x0000000775480000,0x0000000776178010,0x0000000776180000)
  to   space 20480K, 0% used [0x0000000774080000,0x0000000774080000,0x0000000775480000)
 ParOldGen       total 109568K, used 24951K [0x00000006c4400000, 0x00000006caf00000, 0x000000076c180000)
  object space 109568K, 22% used [0x00000006c4400000,0x00000006c5c5dc38,0x00000006caf00000)
 Metaspace       used 30508K, capacity 30745K, committed 30976K, reserved 1077248K
  class space    used 4005K, capacity 4067K, committed 4096K, reserved 1048576K
Event: 3.576 GC heap after
Heap after GC invocations=8 (full 1):
 PSYoungGen      total 150528K, used 20448K [0x000000076c180000, 0x000000077c680000, 0x00000007c0000000)
  eden space 130048K, 0% used [0x000000076c180000,0x000000076c180000,0x0000000774080000)
  from space 20480K, 99% used [0x0000000774080000,0x0000000775478080,0x0000000775480000)
  to   space 28160K, 0% used [0x000000077ab00000,0x000000077ab00000,0x000000077c680000)
 ParOldGen       total 109568K, used 32211K [0x00000006c4400000, 0x00000006caf00000, 0x000000076c180000)
  object space 109568K, 29% used [0x00000006c4400000,0x00000006c6374c18,0x00000006caf00000)
 Metaspace       used 30508K, capacity 30745K, committed 30976K, reserved 1077248K
  class space    used 4005K, capacity 4067K, committed 4096K, reserved 1048576K
}
Event: 3.890 GC heap before
{Heap before GC invocations=9 (full 1):
 PSYoungGen      total 150528K, used 150496K [0x000000076c180000, 0x000000077c680000, 0x00000007c0000000)
  eden space 130048K, 100% used [0x000000076c180000,0x0000000774080000,0x0000000774080000)
  from space 20480K, 99% used [0x0000000774080000,0x0000000775478080,0x0000000775480000)
  to   space 28160K, 0% used [0x000000077ab00000,0x000000077ab00000,0x000000077c680000)
 ParOldGen       total 109568K, used 32211K [0x00000006c4400000, 0x00000006caf00000, 0x000000076c180000)
  object space 109568K, 29% used [0x00000006c4400000,0x00000006c6374c18,0x00000006caf00000)
 Metaspace       used 30862K, capacity 31097K, committed 31616K, reserved 1077248K
  class space    used 4024K, capacity 4099K, committed 4224K, reserved 1048576K
Event: 3.901 GC heap after
Heap after GC invocations=9 (full 1):
 PSYoungGen      total 238080K, used 18300K [0x000000076c180000, 0x000000077c980000, 0x00000007c0000000)
  eden space 209920K, 0% used [0x000000076c180000,0x000000076c180000,0x0000000778e80000)
  from space 28160K, 64% used [0x000000077ab00000,0x000000077bcdf030,0x000000077c680000)
  to   space 29184K, 0% used [0x0000000778e80000,0x0000000778e80000,0x000000077ab00000)
 ParOldGen       total 109568K, used 37683K [0x00000006c4400000, 0x00000006caf00000, 0x000000076c180000)
  object space 109568K, 34% used [0x00000006c4400000,0x00000006c68ccc48,0x00000006caf00000)
 Metaspace       used 30862K, capacity 31097K, committed 31616K, reserved 1077248K
  class space    used 4024K, capacity 4099K, committed 4224K, reserved 1048576K
}
Event: 4.598 GC heap before
{Heap before GC invocations=10 (full 1):
 PSYoungGen      total 238080K, used 228220K [0x000000076c180000, 0x000000077c980000, 0x00000007c0000000)
  eden space 209920K, 100% used [0x000000076c180000,0x0000000778e80000,0x0000000778e80000)
  from space 28160K, 64% used [0x000000077ab00000,0x000000077bcdf030,0x000000077c680000)
  to   space 29184K, 0% used [0x0000000778e80000,0x0000000778e80000,0x000000077ab00000)
 ParOldGen       total 109568K, used 37683K [0x00000006c4400000, 0x00000006caf00000, 0x000000076c180000)
  object space 109568K, 34% used [0x00000006c4400000,0x00000006c68ccc48,0x00000006caf00000)
 Metaspace       used 31219K, capacity 31417K, committed 31872K, reserved 1077248K
  class space    used 4036K, capacity 4099K, committed 4224K, reserved 1048576K
Event: 4.608 GC heap after
Heap after GC invocations=10 (full 1):
 PSYoungGen      total 239104K, used 16432K [0x000000076c180000, 0x0000000780f80000, 0x00000007c0000000)
  eden space 209920K, 0% used [0x000000076c180000,0x000000076c180000,0x0000000778e80000)
  from space 29184K, 56% used [0x0000000778e80000,0x0000000779e8c090,0x000000077ab00000)
  to   space 28672K, 0% used [0x000000077f380000,0x000000077f380000,0x0000000780f80000)
 ParOldGen       total 109568K, used 45383K [0x00000006c4400000, 0x00000006caf00000, 0x000000076c180000)
  object space 109568K, 41% used [0x00000006c4400000,0x00000006c7051c58,0x00000006caf00000)
 Metaspace       used 31219K, capacity 31417K, committed 31872K, reserved 1077248K
  class space    used 4036K, capacity 4099K, committed 4224K, reserved 1048576K
}

