# JRE version: Java(TM) SE Runtime Environment (8.0_91-b14) (build 1.8.0_91-b14)
# Java VM: Java HotSpot(TM) 64-Bit Server VM (25.91-b14 mixed mode windows-amd64 compressed oops)
Heap:
 PSYoungGen      total 438272K, used 339484K [0x000000076c180000, 0x0000000792300000, 0x00000007c0000000)
  eden space 414720K, 81% used [0x000000076c180000,0x00000007809bf1f0,0x0000000785680000)
  from space 23552K, 14% used [0x0000000785680000,0x00000007859c8000,0x0000000786d80000)
  to   space 23552K, 0% used [0x0000000790c00000,0x0000000790c00000,0x0000000792300000)
 ParOldGen       total 87552K, used 52824K [0x00000006c4400000, 0x00000006c9980000, 0x000000076c180000)
  object space 87552K, 60% used [0x00000006c4400000,0x00000006c77963b8,0x00000006c9980000)
 Metaspace       used 32534K, capacity 32795K, committed 33200K, reserved 1079296K
  class space    used 4174K, capacity 4242K, committed 4272K, reserved 1048576K
GC Heap History (10 events):
Event: 3.111 GC heap before
{Heap before GC invocations=8 (full 1):
 PSYoungGen      total 183808K, used 183776K [0x000000076c180000, 0x000000077b500000, 0x00000007c0000000)
  eden space 173056K, 100% used [0x000000076c180000,0x0000000776a80000,0x0000000776a80000)
  from space 10752K, 99% used [0x0000000777c80000,0x00000007786f8010,0x0000000778700000)
  to   space 18432K, 0% used [0x0000000776a80000,0x0000000776a80000,0x0000000777c80000)
 ParOldGen       total 87552K, used 26237K [0x00000006c4400000, 0x00000006c9980000, 0x000000076c180000)
  object space 87552K, 29% used [0x00000006c4400000,0x00000006c5d9f428,0x00000006c9980000)
 Metaspace       used 30238K, capacity 30485K, committed 30768K, reserved 1075200K
  class space    used 4008K, capacity 4067K, committed 4144K, reserved 1048576K
Event: 3.118 GC heap after
Heap after GC invocations=8 (full 1):
 PSYoungGen      total 191488K, used 18417K [0x000000076c180000, 0x0000000780d80000, 0x00000007c0000000)
  eden space 173056K, 0% used [0x000000076c180000,0x000000076c180000,0x0000000776a80000)
  from space 18432K, 99% used [0x0000000776a80000,0x0000000777c7c4f0,0x0000000777c80000)
  to   space 23040K, 0% used [0x000000077f700000,0x000000077f700000,0x0000000780d80000)
 ParOldGen       total 87552K, used 28697K [0x00000006c4400000, 0x00000006c9980000, 0x000000076c180000)
  object space 87552K, 32% used [0x00000006c4400000,0x00000006c6006550,0x00000006c9980000)
 Metaspace       used 30238K, capacity 30485K, committed 30768K, reserved 1075200K
  class space    used 4008K, capacity 4067K, committed 4144K, reserved 1048576K
}
Event: 3.232 GC heap before
{Heap before GC invocations=9 (full 1):
 PSYoungGen      total 191488K, used 191473K [0x000000076c180000, 0x0000000780d80000, 0x00000007c0000000)
  eden space 173056K, 100% used [0x000000076c180000,0x0000000776a80000,0x0000000776a80000)
  from space 18432K, 99% used [0x0000000776a80000,0x0000000777c7c4f0,0x0000000777c80000)
  to   space 23040K, 0% used [0x000000077f700000,0x000000077f700000,0x0000000780d80000)
 ParOldGen       total 87552K, used 28697K [0x00000006c4400000, 0x00000006c9980000, 0x000000076c180000)
  object space 87552K, 32% used [0x00000006c4400000,0x00000006c6006550,0x00000006c9980000)
 Metaspace       used 30388K, capacity 30645K, committed 31024K, reserved 1077248K
  class space    used 4020K, capacity 4099K, committed 4144K, reserved 1048576K
Event: 3.239 GC heap after
Heap after GC invocations=9 (full 1):
 PSYoungGen      total 315392K, used 17521K [0x000000076c180000, 0x0000000781680000, 0x00000007c0000000)
  eden space 292352K, 0% used [0x000000076c180000,0x000000076c180000,0x000000077df00000)
  from space 23040K, 76% used [0x000000077f700000,0x000000078081c4e0,0x0000000780d80000)
  to   space 24576K, 0% used [0x000000077df00000,0x000000077df00000,0x000000077f700000)
 ParOldGen       total 87552K, used 29982K [0x00000006c4400000, 0x00000006c9980000, 0x000000076c180000)
  object space 87552K, 34% used [0x00000006c4400000,0x00000006c61478c8,0x00000006c9980000)
 Metaspace       used 30388K, capacity 30645K, committed 31024K, reserved 1077248K
  class space    used 4020K, capacity 4099K, committed 4144K, reserved 1048576K
}
Event: 3.574 GC heap before
{Heap before GC invocations=10 (full 1):
 PSYoungGen      total 315392K, used 309873K [0x000000076c180000, 0x0000000781680000, 0x00000007c0000000)
  eden space 292352K, 100% used [0x000000076c180000,0x000000077df00000,0x000000077df00000)
  from space 23040K, 76% used [0x000000077f700000,0x000000078081c4e0,0x0000000780d80000)
  to   space 24576K, 0% used [0x000000077df00000,0x000000077df00000,0x000000077f700000)
 ParOldGen       total 87552K, used 29982K [0x00000006c4400000, 0x00000006c9980000, 0x000000076c180000)
  object space 87552K, 34% used [0x00000006c4400000,0x00000006c61478c8,0x00000006c9980000)
 Metaspace       used 30694K, capacity 30965K, committed 31280K, reserved 1077248K
  class space    used 4036K, capacity 4099K, committed 4144K, reserved 1048576K
Event: 3.582 GC heap after
Heap after GC invocations=10 (full 1):
 PSYoungGen      total 316928K, used 13085K [0x000000076c180000, 0x0000000788800000, 0x00000007c0000000)
  eden space 292352K, 0% used [0x000000076c180000,0x000000076c180000,0x000000077df00000)
  from space 24576K, 53% used [0x000000077df00000,0x000000077ebc7500,0x000000077f700000)
  to   space 24064K, 0% used [0x0000000787080000,0x0000000787080000,0x0000000788800000)
 ParOldGen       total 87552K, used 39186K [0x00000006c4400000, 0x00000006c9980000, 0x000000076c180000)
  object space 87552K, 44% used [0x00000006c4400000,0x00000006c6a448e8,0x00000006c9980000)
 Metaspace       used 30694K, capacity 30965K, committed 31280K, reserved 1077248K
  class space    used 4036K, capacity 4099K, committed 4144K, reserved 1048576K
}
Event: 3.855 GC heap before
{Heap before GC invocations=11 (full 1):
 PSYoungGen      total 316928K, used 305437K [0x000000076c180000, 0x0000000788800000, 0x00000007c0000000)
  eden space 292352K, 100% used [0x000000076c180000,0x000000077df00000,0x000000077df00000)
  from space 24576K, 53% used [0x000000077df00000,0x000000077ebc7500,0x000000077f700000)
  to   space 24064K, 0% used [0x0000000787080000,0x0000000787080000,0x0000000788800000)
 ParOldGen       total 87552K, used 39186K [0x00000006c4400000, 0x00000006c9980000, 0x000000076c180000)
  object space 87552K, 44% used [0x00000006c4400000,0x00000006c6a448e8,0x00000006c9980000)
 Metaspace       used 30738K, capacity 30965K, committed 31280K, reserved 1077248K
  class space    used 4036K, capacity 4099K, committed 4144K, reserved 1048576K
Event: 3.862 GC heap after
Heap after GC invocations=11 (full 1):
 PSYoungGen      total 435200K, used 6512K [0x000000076c180000, 0x0000000788480000, 0x00000007c0000000)
  eden space 414720K, 0% used [0x000000076c180000,0x000000076c180000,0x0000000785680000)
  from space 20480K, 31% used [0x0000000787080000,0x00000007876dc050,0x0000000788480000)
  to   space 23552K, 0% used [0x0000000785680000,0x0000000785680000,0x0000000786d80000)
 ParOldGen       total 87552K, used 47152K [0x00000006c4400000, 0x00000006c9980000, 0x000000076c180000)
  object space 87552K, 53% used [0x00000006c4400000,0x00000006c720c338,0x00000006c9980000)
 Metaspace       used 30738K, capacity 30965K, committed 31280K, reserved 1077248K
  class space    used 4036K, capacity 4099K, committed 4144K, reserved 1048576K
}
Event: 4.314 GC heap before
{Heap before GC invocations=12 (full 1):
 PSYoungGen      total 435200K, used 421232K [0x000000076c180000, 0x0000000788480000, 0x00000007c0000000)
  eden space 414720K, 100% used [0x000000076c180000,0x0000000785680000,0x0000000785680000)
  from space 20480K, 31% used [0x0000000787080000,0x00000007876dc050,0x0000000788480000)
  to   space 23552K, 0% used [0x0000000785680000,0x0000000785680000,0x0000000786d80000)
 ParOldGen       total 87552K, used 47152K [0x00000006c4400000, 0x00000006c9980000, 0x000000076c180000)
  object space 87552K, 53% used [0x00000006c4400000,0x00000006c720c338,0x00000006c9980000)
 Metaspace       used 30954K, capacity 31221K, committed 31536K, reserved 1077248K
  class space    used 4041K, capacity 4099K, committed 4144K, reserved 1048576K
Event: 4.319 GC heap after
Heap after GC invocations=12 (full 1):
 PSYoungGen      total 438272K, used 3360K [0x000000076c180000, 0x0000000792300000, 0x00000007c0000000)
  eden space 414720K, 0% used [0x000000076c180000,0x000000076c180000,0x0000000785680000)
  from space 23552K, 14% used [0x0000000785680000,0x00000007859c8000,0x0000000786d80000)
  to   space 23552K, 0% used [0x0000000790c00000,0x0000000790c00000,0x0000000792300000)
 ParOldGen       total 87552K, used 52824K [0x00000006c4400000, 0x00000006c9980000, 0x000000076c180000)
  object space 87552K, 60% used [0x00000006c4400000,0x00000006c77963b8,0x00000006c9980000)
 Metaspace       used 30954K, capacity 31221K, committed 31536K, reserved 1077248K
  class space    used 4041K, capacity 4099K, committed 4144K, reserved 1048576K
}

