# JRE version: Java(TM) SE Runtime Environment (8.0_91-b14) (build 1.8.0_91-b14)
# Java VM: Java HotSpot(TM) 64-Bit Server VM (25.91-b14 mixed mode windows-amd64 compressed oops)
Heap:
 PSYoungGen      total 480768K, used 414025K [0x000000076c180000, 0x000000078b600000, 0x00000007c0000000)
  eden space 467456K, 86% used [0x000000076c180000,0x0000000784a8a678,0x0000000788a00000)
  from space 13312K, 86% used [0x000000078a900000,0x000000078b448000,0x000000078b600000)
  to   space 22528K, 0% used [0x0000000788a00000,0x0000000788a00000,0x000000078a000000)
 ParOldGen       total 102912K, used 52968K [0x00000006c4400000, 0x00000006ca880000, 0x000000076c180000)
  object space 102912K, 51% used [0x00000006c4400000,0x00000006c77ba1e8,0x00000006ca880000)
 Metaspace       used 32930K, capacity 33215K, committed 33792K, reserved 1079296K
  class space    used 4176K, capacity 4274K, committed 4352K, reserved 1048576K
GC Heap History (10 events):
Event: 4.071 GC heap before
{Heap before GC invocations=9 (full 1):
 PSYoungGen      total 163328K, used 163297K [0x000000076c180000, 0x000000077d900000, 0x00000007c0000000)
  eden space 146432K, 100% used [0x000000076c180000,0x0000000775080000,0x0000000775080000)
  from space 16896K, 99% used [0x0000000775080000,0x00000007760f8520,0x0000000776100000)
  to   space 22528K, 0% used [0x000000077c300000,0x000000077c300000,0x000000077d900000)
 ParOldGen       total 102912K, used 29985K [0x00000006c4400000, 0x00000006ca880000, 0x000000076c180000)
  object space 102912K, 29% used [0x00000006c4400000,0x00000006c61485c0,0x00000006ca880000)
 Metaspace       used 30400K, capacity 30617K, committed 30976K, reserved 1077248K
  class space    used 3997K, capacity 4067K, committed 4096K, reserved 1048576K
Event: 4.077 GC heap after
Heap after GC invocations=9 (full 1):
 PSYoungGen      total 262656K, used 15857K [0x000000076c180000, 0x000000077e500000, 0x00000007c0000000)
  eden space 240128K, 0% used [0x000000076c180000,0x000000076c180000,0x000000077ac00000)
  from space 22528K, 70% used [0x000000077c300000,0x000000077d27c4e0,0x000000077d900000)
  to   space 23552K, 0% used [0x000000077ac00000,0x000000077ac00000,0x000000077c300000)
 ParOldGen       total 102912K, used 31217K [0x00000006c4400000, 0x00000006ca880000, 0x000000076c180000)
  object space 102912K, 30% used [0x00000006c4400000,0x00000006c627c5f0,0x00000006ca880000)
 Metaspace       used 30400K, capacity 30617K, committed 30976K, reserved 1077248K
  class space    used 3997K, capacity 4067K, committed 4096K, reserved 1048576K
}
Event: 4.327 GC heap before
{Heap before GC invocations=10 (full 1):
 PSYoungGen      total 262656K, used 255985K [0x000000076c180000, 0x000000077e500000, 0x00000007c0000000)
  eden space 240128K, 100% used [0x000000076c180000,0x000000077ac00000,0x000000077ac00000)
  from space 22528K, 70% used [0x000000077c300000,0x000000077d27c4e0,0x000000077d900000)
  to   space 23552K, 0% used [0x000000077ac00000,0x000000077ac00000,0x000000077c300000)
 ParOldGen       total 102912K, used 31217K [0x00000006c4400000, 0x00000006ca880000, 0x000000076c180000)
  object space 102912K, 30% used [0x00000006c4400000,0x00000006c627c5f0,0x00000006ca880000)
 Metaspace       used 30802K, capacity 31033K, committed 31360K, reserved 1077248K
  class space    used 4024K, capacity 4099K, committed 4224K, reserved 1048576K
Event: 4.335 GC heap after
Heap after GC invocations=10 (full 1):
 PSYoungGen      total 263680K, used 13355K [0x000000076c180000, 0x0000000783e80000, 0x00000007c0000000)
  eden space 240128K, 0% used [0x000000076c180000,0x000000076c180000,0x000000077ac00000)
  from space 23552K, 56% used [0x000000077ac00000,0x000000077b90ae00,0x000000077c300000)
  to   space 23040K, 0% used [0x0000000782800000,0x0000000782800000,0x0000000783e80000)
 ParOldGen       total 102912K, used 39933K [0x00000006c4400000, 0x00000006ca880000, 0x000000076c180000)
  object space 102912K, 38% used [0x00000006c4400000,0x00000006c6aff600,0x00000006ca880000)
 Metaspace       used 30802K, capacity 31033K, committed 31360K, reserved 1077248K
  class space    used 4024K, capacity 4099K, committed 4224K, reserved 1048576K
}
Event: 4.688 GC heap before
{Heap before GC invocations=11 (full 1):
 PSYoungGen      total 263680K, used 253483K [0x000000076c180000, 0x0000000783e80000, 0x00000007c0000000)
  eden space 240128K, 100% used [0x000000076c180000,0x000000077ac00000,0x000000077ac00000)
  from space 23552K, 56% used [0x000000077ac00000,0x000000077b90ae00,0x000000077c300000)
  to   space 23040K, 0% used [0x0000000782800000,0x0000000782800000,0x0000000783e80000)
 ParOldGen       total 102912K, used 39933K [0x00000006c4400000, 0x00000006ca880000, 0x000000076c180000)
  object space 102912K, 38% used [0x00000006c4400000,0x00000006c6aff600,0x00000006ca880000)
 Metaspace       used 30900K, capacity 31097K, committed 31616K, reserved 1077248K
  class space    used 4024K, capacity 4099K, committed 4224K, reserved 1048576K
Event: 4.694 GC heap after
Heap after GC invocations=11 (full 1):
 PSYoungGen      total 359936K, used 5872K [0x000000076c180000, 0x0000000783b00000, 0x00000007c0000000)
  eden space 340480K, 0% used [0x000000076c180000,0x000000076c180000,0x0000000780e00000)
  from space 19456K, 30% used [0x0000000782800000,0x0000000782dbc050,0x0000000783b00000)
  to   space 23040K, 0% used [0x0000000780e00000,0x0000000780e00000,0x0000000782480000)
 ParOldGen       total 102912K, used 46828K [0x00000006c4400000, 0x00000006ca880000, 0x000000076c180000)
  object space 102912K, 45% used [0x00000006c4400000,0x00000006c71bb158,0x00000006ca880000)
 Metaspace       used 30900K, capacity 31097K, committed 31616K, reserved 1077248K
  class space    used 4024K, capacity 4099K, committed 4224K, reserved 1048576K
}
Event: 5.086 GC heap before
{Heap before GC invocations=12 (full 1):
 PSYoungGen      total 359936K, used 346352K [0x000000076c180000, 0x0000000783b00000, 0x00000007c0000000)
  eden space 340480K, 100% used [0x000000076c180000,0x0000000780e00000,0x0000000780e00000)
  from space 19456K, 30% used [0x0000000782800000,0x0000000782dbc050,0x0000000783b00000)
  to   space 23040K, 0% used [0x0000000780e00000,0x0000000780e00000,0x0000000782480000)
 ParOldGen       total 102912K, used 46828K [0x00000006c4400000, 0x00000006ca880000, 0x000000076c180000)
  object space 102912K, 45% used [0x00000006c4400000,0x00000006c71bb158,0x00000006ca880000)
 Metaspace       used 30916K, capacity 31161K, committed 31616K, reserved 1077248K
  class space    used 4024K, capacity 4099K, committed 4224K, reserved 1048576K
Event: 5.092 GC heap after
Heap after GC invocations=12 (full 1):
 PSYoungGen      total 363520K, used 2288K [0x000000076c180000, 0x000000078bf80000, 0x00000007c0000000)
  eden space 340480K, 0% used [0x000000076c180000,0x000000076c180000,0x0000000780e00000)
  from space 23040K, 9% used [0x0000000780e00000,0x000000078103c010,0x0000000782480000)
  to   space 23040K, 0% used [0x000000078a900000,0x000000078a900000,0x000000078bf80000)
 ParOldGen       total 102912K, used 51916K [0x00000006c4400000, 0x00000006ca880000, 0x000000076c180000)
  object space 102912K, 50% used [0x00000006c4400000,0x00000006c76b31c8,0x00000006ca880000)
 Metaspace       used 30916K, capacity 31161K, committed 31616K, reserved 1077248K
  class space    used 4024K, capacity 4099K, committed 4224K, reserved 1048576K
}
Event: 5.737 GC heap before
{Heap before GC invocations=13 (full 1):
 PSYoungGen      total 363520K, used 342768K [0x000000076c180000, 0x000000078bf80000, 0x00000007c0000000)
  eden space 340480K, 100% used [0x000000076c180000,0x0000000780e00000,0x0000000780e00000)
  from space 23040K, 9% used [0x0000000780e00000,0x000000078103c010,0x0000000782480000)
  to   space 23040K, 0% used [0x000000078a900000,0x000000078a900000,0x000000078bf80000)
 ParOldGen       total 102912K, used 51916K [0x00000006c4400000, 0x00000006ca880000, 0x000000076c180000)
  object space 102912K, 50% used [0x00000006c4400000,0x00000006c76b31c8,0x00000006ca880000)
 Metaspace       used 31257K, capacity 31481K, committed 31872K, reserved 1077248K
  class space    used 4037K, capacity 4099K, committed 4224K, reserved 1048576K
Event: 5.742 GC heap after
Heap after GC invocations=13 (full 1):
 PSYoungGen      total 480768K, used 11552K [0x000000076c180000, 0x000000078b600000, 0x00000007c0000000)
  eden space 467456K, 0% used [0x000000076c180000,0x000000076c180000,0x0000000788a00000)
  from space 13312K, 86% used [0x000000078a900000,0x000000078b448000,0x000000078b600000)
  to   space 22528K, 0% used [0x0000000788a00000,0x0000000788a00000,0x000000078a000000)
 ParOldGen       total 102912K, used 52968K [0x00000006c4400000, 0x00000006ca880000, 0x000000076c180000)
  object space 102912K, 51% used [0x00000006c4400000,0x00000006c77ba1e8,0x00000006ca880000)
 Metaspace       used 31257K, capacity 31481K, committed 31872K, reserved 1077248K
  class space    used 4037K, capacity 4099K, committed 4224K, reserved 1048576K
}

