# JRE version: Java(TM) SE Runtime Environment (8.0_91-b14) (build 1.8.0_91-b14)
# Java VM: Java HotSpot(TM) 64-Bit Server VM (25.91-b14 mixed mode windows-amd64 compressed oops)
Heap:
 PSYoungGen      total 398848K, used 38736K [0x000000076c180000, 0x0000000786300000, 0x00000007c0000000)
  eden space 375296K, 6% used [0x000000076c180000,0x000000076dab81c0,0x0000000783000000)
  from space 23552K, 54% used [0x0000000784c00000,0x000000078589c218,0x0000000786300000)
  to   space 26112K, 0% used [0x0000000783000000,0x0000000783000000,0x0000000784980000)
 ParOldGen       total 69120K, used 48073K [0x00000006c4400000, 0x00000006c8780000, 0x000000076c180000)
  object space 69120K, 69% used [0x00000006c4400000,0x00000006c72f26e0,0x00000006c8780000)
 Metaspace       used 31815K, capacity 32057K, committed 32432K, reserved 1077248K
  class space    used 4105K, capacity 4209K, committed 4272K, reserved 1048576K
GC Heap History (10 events):
Event: 301.809 GC heap before
{Heap before GC invocations=7 (full 1):
 PSYoungGen      total 75264K, used 75232K [0x000000076c180000, 0x0000000775480000, 0x00000007c0000000)
  eden space 64512K, 100% used [0x000000076c180000,0x0000000770080000,0x0000000770080000)
  from space 10752K, 99% used [0x0000000770080000,0x0000000770af8010,0x0000000770b00000)
  to   space 12288K, 0% used [0x0000000774880000,0x0000000774880000,0x0000000775480000)
 ParOldGen       total 69120K, used 15846K [0x00000006c4400000, 0x00000006c8780000, 0x000000076c180000)
  object space 69120K, 22% used [0x00000006c4400000,0x00000006c5379a20,0x00000006c8780000)
 Metaspace       used 26539K, capacity 26796K, committed 27184K, reserved 1073152K
  class space    used 3723K, capacity 3808K, committed 3888K, reserved 1048576K
Event: 301.816 GC heap after
Heap after GC invocations=7 (full 1):
 PSYoungGen      total 134144K, used 12256K [0x000000076c180000, 0x0000000775e00000, 0x00000007c0000000)
  eden space 121856K, 0% used [0x000000076c180000,0x000000076c180000,0x0000000773880000)
  from space 12288K, 99% used [0x0000000774880000,0x0000000775478010,0x0000000775480000)
  to   space 16384K, 0% used [0x0000000773880000,0x0000000773880000,0x0000000774880000)
 ParOldGen       total 69120K, used 18934K [0x00000006c4400000, 0x00000006c8780000, 0x000000076c180000)
  object space 69120K, 27% used [0x00000006c4400000,0x00000006c567da30,0x00000006c8780000)
 Metaspace       used 26539K, capacity 26796K, committed 27184K, reserved 1073152K
  class space    used 3723K, capacity 3808K, committed 3888K, reserved 1048576K
}
Event: 302.914 GC heap before
{Heap before GC invocations=8 (full 1):
 PSYoungGen      total 134144K, used 134112K [0x000000076c180000, 0x0000000775e00000, 0x00000007c0000000)
  eden space 121856K, 100% used [0x000000076c180000,0x0000000773880000,0x0000000773880000)
  from space 12288K, 99% used [0x0000000774880000,0x0000000775478010,0x0000000775480000)
  to   space 16384K, 0% used [0x0000000773880000,0x0000000773880000,0x0000000774880000)
 ParOldGen       total 69120K, used 18934K [0x00000006c4400000, 0x00000006c8780000, 0x000000076c180000)
  object space 69120K, 27% used [0x00000006c4400000,0x00000006c567da30,0x00000006c8780000)
 Metaspace       used 30261K, capacity 30489K, committed 30768K, reserved 1075200K
  class space    used 4000K, capacity 4067K, committed 4144K, reserved 1048576K
Event: 302.925 GC heap after
Heap after GC invocations=8 (full 1):
 PSYoungGen      total 138240K, used 16359K [0x000000076c180000, 0x000000077dd00000, 0x00000007c0000000)
  eden space 121856K, 0% used [0x000000076c180000,0x000000076c180000,0x0000000773880000)
  from space 16384K, 99% used [0x0000000773880000,0x0000000774879ce0,0x0000000774880000)
  to   space 25088K, 0% used [0x000000077c480000,0x000000077c480000,0x000000077dd00000)
 ParOldGen       total 69120K, used 29854K [0x00000006c4400000, 0x00000006c8780000, 0x000000076c180000)
  object space 69120K, 43% used [0x00000006c4400000,0x00000006c6127980,0x00000006c8780000)
 Metaspace       used 30261K, capacity 30489K, committed 30768K, reserved 1075200K
  class space    used 4000K, capacity 4067K, committed 4144K, reserved 1048576K
}
Event: 303.192 GC heap before
{Heap before GC invocations=9 (full 1):
 PSYoungGen      total 138240K, used 138215K [0x000000076c180000, 0x000000077dd00000, 0x00000007c0000000)
  eden space 121856K, 100% used [0x000000076c180000,0x0000000773880000,0x0000000773880000)
  from space 16384K, 99% used [0x0000000773880000,0x0000000774879ce0,0x0000000774880000)
  to   space 25088K, 0% used [0x000000077c480000,0x000000077c480000,0x000000077dd00000)
 ParOldGen       total 69120K, used 29854K [0x00000006c4400000, 0x00000006c8780000, 0x000000076c180000)
  object space 69120K, 43% used [0x00000006c4400000,0x00000006c6127980,0x00000006c8780000)
 Metaspace       used 30637K, capacity 30841K, committed 31280K, reserved 1077248K
  class space    used 4024K, capacity 4099K, committed 4144K, reserved 1048576K
Event: 303.200 GC heap after
Heap after GC invocations=9 (full 1):
 PSYoungGen      total 263680K, used 17927K [0x000000076c180000, 0x000000077e000000, 0x00000007c0000000)
  eden space 238592K, 0% used [0x000000076c180000,0x000000076c180000,0x000000077aa80000)
  from space 25088K, 71% used [0x000000077c480000,0x000000077d601d10,0x000000077dd00000)
  to   space 26624K, 0% used [0x000000077aa80000,0x000000077aa80000,0x000000077c480000)
 ParOldGen       total 69120K, used 33526K [0x00000006c4400000, 0x00000006c8780000, 0x000000076c180000)
  object space 69120K, 48% used [0x00000006c4400000,0x00000006c64bd990,0x00000006c8780000)
 Metaspace       used 30637K, capacity 30841K, committed 31280K, reserved 1077248K
  class space    used 4024K, capacity 4099K, committed 4144K, reserved 1048576K
}
Event: 303.854 GC heap before
{Heap before GC invocations=10 (full 1):
 PSYoungGen      total 263680K, used 256519K [0x000000076c180000, 0x000000077e000000, 0x00000007c0000000)
  eden space 238592K, 100% used [0x000000076c180000,0x000000077aa80000,0x000000077aa80000)
  from space 25088K, 71% used [0x000000077c480000,0x000000077d601d10,0x000000077dd00000)
  to   space 26624K, 0% used [0x000000077aa80000,0x000000077aa80000,0x000000077c480000)
 ParOldGen       total 69120K, used 33526K [0x00000006c4400000, 0x00000006c8780000, 0x000000076c180000)
  object space 69120K, 48% used [0x00000006c4400000,0x00000006c64bd990,0x00000006c8780000)
 Metaspace       used 30896K, capacity 31161K, committed 31536K, reserved 1077248K
  class space    used 4031K, capacity 4099K, committed 4144K, reserved 1048576K
Event: 303.865 GC heap after
Heap after GC invocations=10 (full 1):
 PSYoungGen      total 265216K, used 17777K [0x000000076c180000, 0x0000000786680000, 0x00000007c0000000)
  eden space 238592K, 0% used [0x000000076c180000,0x000000076c180000,0x000000077aa80000)
  from space 26624K, 66% used [0x000000077aa80000,0x000000077bbdc5d0,0x000000077c480000)
  to   space 27136K, 0% used [0x0000000784c00000,0x0000000784c00000,0x0000000786680000)
 ParOldGen       total 69120K, used 39898K [0x00000006c4400000, 0x00000006c8780000, 0x000000076c180000)
  object space 69120K, 57% used [0x00000006c4400000,0x00000006c6af69a0,0x00000006c8780000)
 Metaspace       used 30896K, capacity 31161K, committed 31536K, reserved 1077248K
  class space    used 4031K, capacity 4099K, committed 4144K, reserved 1048576K
}
Event: 312.221 GC heap before
{Heap before GC invocations=11 (full 1):
 PSYoungGen      total 265216K, used 243115K [0x000000076c180000, 0x0000000786680000, 0x00000007c0000000)
  eden space 238592K, 94% used [0x000000076c180000,0x0000000779d8e8c8,0x000000077aa80000)
  from space 26624K, 66% used [0x000000077aa80000,0x000000077bbdc5d0,0x000000077c480000)
  to   space 27136K, 0% used [0x0000000784c00000,0x0000000784c00000,0x0000000786680000)
 ParOldGen       total 69120K, used 39898K [0x00000006c4400000, 0x00000006c8780000, 0x000000076c180000)
  object space 69120K, 57% used [0x00000006c4400000,0x00000006c6af69a0,0x00000006c8780000)
 Metaspace       used 31815K, capacity 32057K, committed 32432K, reserved 1077248K
  class space    used 4105K, capacity 4209K, committed 4272K, reserved 1048576K
Event: 312.231 GC heap after
Heap after GC invocations=11 (full 1):
 PSYoungGen      total 398848K, used 12912K [0x000000076c180000, 0x0000000786300000, 0x00000007c0000000)
  eden space 375296K, 0% used [0x000000076c180000,0x000000076c180000,0x0000000783000000)
  from space 23552K, 54% used [0x0000000784c00000,0x000000078589c218,0x0000000786300000)
  to   space 26112K, 0% used [0x0000000783000000,0x0000000783000000,0x0000000784980000)
 ParOldGen       total 69120K, used 48073K [0x00000006c4400000, 0x00000006c8780000, 0x000000076c180000)
  object space 69120K, 69% used [0x00000006c4400000,0x00000006c72f26e0,0x00000006c8780000)
 Metaspace       used 31815K, capacity 32057K, committed 32432K, reserved 1077248K
  class space    used 4105K, capacity 4209K, committed 4272K, reserved 1048576K
}

