# JRE version: Java(TM) SE Runtime Environment (8.0_91-b14) (build 1.8.0_91-b14)
# Java VM: Java HotSpot(TM) 64-Bit Server VM (25.91-b14 mixed mode windows-amd64 compressed oops)
Heap:
 PSYoungGen      total 451584K, used 445971K [0x000000076c180000, 0x0000000789a00000, 0x00000007c0000000)
  eden space 433664K, 99% used [0x000000076c180000,0x000000078658cc90,0x0000000786900000)
  from space 17920K, 88% used [0x0000000788880000,0x00000007897f8130,0x0000000789a00000)
  to   space 25088K, 0% used [0x0000000786900000,0x0000000786900000,0x0000000788180000)
 ParOldGen       total 93184K, used 55463K [0x00000006c4400000, 0x00000006c9f00000, 0x000000076c180000)
  object space 93184K, 59% used [0x00000006c4400000,0x00000006c7a29ff0,0x00000006c9f00000)
 Metaspace       used 32634K, capacity 32891K, committed 33328K, reserved 1079296K
  class space    used 4175K, capacity 4274K, committed 4400K, reserved 1048576K
GC Heap History (10 events):
Event: 3.273 GC heap before
{Heap before GC invocations=9 (full 1):
 PSYoungGen      total 171008K, used 170977K [0x000000076c180000, 0x000000077dd80000, 0x00000007c0000000)
  eden space 153088K, 100% used [0x000000076c180000,0x0000000775700000,0x0000000775700000)
  from space 17920K, 99% used [0x0000000775700000,0x0000000776878500,0x0000000776880000)
  to   space 23040K, 0% used [0x000000077c700000,0x000000077c700000,0x000000077dd80000)
 ParOldGen       total 93184K, used 28950K [0x00000006c4400000, 0x00000006c9f00000, 0x000000076c180000)
  object space 93184K, 31% used [0x00000006c4400000,0x00000006c6045ac8,0x00000006c9f00000)
 Metaspace       used 30240K, capacity 30421K, committed 30768K, reserved 1075200K
  class space    used 4008K, capacity 4067K, committed 4144K, reserved 1048576K
Event: 3.279 GC heap after
Heap after GC invocations=9 (full 1):
 PSYoungGen      total 266240K, used 16817K [0x000000076c180000, 0x000000077e580000, 0x00000007c0000000)
  eden space 243200K, 0% used [0x000000076c180000,0x000000076c180000,0x000000077af00000)
  from space 23040K, 72% used [0x000000077c700000,0x000000077d76c4e0,0x000000077dd80000)
  to   space 24576K, 0% used [0x000000077af00000,0x000000077af00000,0x000000077c700000)
 ParOldGen       total 93184K, used 30210K [0x00000006c4400000, 0x00000006c9f00000, 0x000000076c180000)
  object space 93184K, 32% used [0x00000006c4400000,0x00000006c6180af8,0x00000006c9f00000)
 Metaspace       used 30240K, capacity 30421K, committed 30768K, reserved 1075200K
  class space    used 4008K, capacity 4067K, committed 4144K, reserved 1048576K
}
Event: 3.523 GC heap before
{Heap before GC invocations=10 (full 1):
 PSYoungGen      total 266240K, used 260017K [0x000000076c180000, 0x000000077e580000, 0x00000007c0000000)
  eden space 243200K, 100% used [0x000000076c180000,0x000000077af00000,0x000000077af00000)
  from space 23040K, 72% used [0x000000077c700000,0x000000077d76c4e0,0x000000077dd80000)
  to   space 24576K, 0% used [0x000000077af00000,0x000000077af00000,0x000000077c700000)
 ParOldGen       total 93184K, used 30210K [0x00000006c4400000, 0x00000006c9f00000, 0x000000076c180000)
  object space 93184K, 32% used [0x00000006c4400000,0x00000006c6180af8,0x00000006c9f00000)
 Metaspace       used 30650K, capacity 30837K, committed 31280K, reserved 1077248K
  class space    used 4035K, capacity 4099K, committed 4144K, reserved 1048576K
Event: 3.532 GC heap after
Heap after GC invocations=10 (full 1):
 PSYoungGen      total 267776K, used 14395K [0x000000076c180000, 0x0000000783700000, 0x00000007c0000000)
  eden space 243200K, 0% used [0x000000076c180000,0x000000076c180000,0x000000077af00000)
  from space 24576K, 58% used [0x000000077af00000,0x000000077bd0ede0,0x000000077c700000)
  to   space 24064K, 0% used [0x0000000781f80000,0x0000000781f80000,0x0000000783700000)
 ParOldGen       total 93184K, used 39358K [0x00000006c4400000, 0x00000006c9f00000, 0x000000076c180000)
  object space 93184K, 42% used [0x00000006c4400000,0x00000006c6a6fb08,0x00000006c9f00000)
 Metaspace       used 30650K, capacity 30837K, committed 31280K, reserved 1077248K
  class space    used 4035K, capacity 4099K, committed 4144K, reserved 1048576K
}
Event: 3.763 GC heap before
{Heap before GC invocations=11 (full 1):
 PSYoungGen      total 267776K, used 257595K [0x000000076c180000, 0x0000000783700000, 0x00000007c0000000)
  eden space 243200K, 100% used [0x000000076c180000,0x000000077af00000,0x000000077af00000)
  from space 24576K, 58% used [0x000000077af00000,0x000000077bd0ede0,0x000000077c700000)
  to   space 24064K, 0% used [0x0000000781f80000,0x0000000781f80000,0x0000000783700000)
 ParOldGen       total 93184K, used 39358K [0x00000006c4400000, 0x00000006c9f00000, 0x000000076c180000)
  object space 93184K, 42% used [0x00000006c4400000,0x00000006c6a6fb08,0x00000006c9f00000)
 Metaspace       used 30738K, capacity 30965K, committed 31280K, reserved 1077248K
  class space    used 4036K, capacity 4099K, committed 4144K, reserved 1048576K
Event: 3.769 GC heap after
Heap after GC invocations=11 (full 1):
 PSYoungGen      total 351232K, used 6048K [0x000000076c180000, 0x0000000783380000, 0x00000007c0000000)
  eden space 330752K, 0% used [0x000000076c180000,0x000000076c180000,0x0000000780480000)
  from space 20480K, 29% used [0x0000000781f80000,0x0000000782568040,0x0000000783380000)
  to   space 24064K, 0% used [0x0000000780480000,0x0000000780480000,0x0000000781c00000)
 ParOldGen       total 93184K, used 49147K [0x00000006c4400000, 0x00000006c9f00000, 0x000000076c180000)
  object space 93184K, 52% used [0x00000006c4400000,0x00000006c73fef50,0x00000006c9f00000)
 Metaspace       used 30738K, capacity 30965K, committed 31280K, reserved 1077248K
  class space    used 4036K, capacity 4099K, committed 4144K, reserved 1048576K
}
Event: 4.095 GC heap before
{Heap before GC invocations=12 (full 1):
 PSYoungGen      total 351232K, used 336800K [0x000000076c180000, 0x0000000783380000, 0x00000007c0000000)
  eden space 330752K, 100% used [0x000000076c180000,0x0000000780480000,0x0000000780480000)
  from space 20480K, 29% used [0x0000000781f80000,0x0000000782568040,0x0000000783380000)
  to   space 24064K, 0% used [0x0000000780480000,0x0000000780480000,0x0000000781c00000)
 ParOldGen       total 93184K, used 49147K [0x00000006c4400000, 0x00000006c9f00000, 0x000000076c180000)
  object space 93184K, 52% used [0x00000006c4400000,0x00000006c73fef50,0x00000006c9f00000)
 Metaspace       used 30749K, capacity 30965K, committed 31280K, reserved 1077248K
  class space    used 4036K, capacity 4099K, committed 4144K, reserved 1048576K
Event: 4.100 GC heap after
Heap after GC invocations=12 (full 1):
 PSYoungGen      total 354816K, used 2272K [0x000000076c180000, 0x000000078a000000, 0x00000007c0000000)
  eden space 330752K, 0% used [0x000000076c180000,0x000000076c180000,0x0000000780480000)
  from space 24064K, 9% used [0x0000000780480000,0x00000007806b8020,0x0000000781c00000)
  to   space 24064K, 0% used [0x0000000788880000,0x0000000788880000,0x000000078a000000)
 ParOldGen       total 93184K, used 54355K [0x00000006c4400000, 0x00000006c9f00000, 0x000000076c180000)
  object space 93184K, 58% used [0x00000006c4400000,0x00000006c7914fc0,0x00000006c9f00000)
 Metaspace       used 30749K, capacity 30965K, committed 31280K, reserved 1077248K
  class space    used 4036K, capacity 4099K, committed 4144K, reserved 1048576K
}
Event: 4.709 GC heap before
{Heap before GC invocations=13 (full 1):
 PSYoungGen      total 354816K, used 319766K [0x000000076c180000, 0x000000078a000000, 0x00000007c0000000)
  eden space 330752K, 95% used [0x000000076c180000,0x000000077f78db18,0x0000000780480000)
  from space 24064K, 9% used [0x0000000780480000,0x00000007806b8020,0x0000000781c00000)
  to   space 24064K, 0% used [0x0000000788880000,0x0000000788880000,0x000000078a000000)
 ParOldGen       total 93184K, used 54355K [0x00000006c4400000, 0x00000006c9f00000, 0x000000076c180000)
  object space 93184K, 58% used [0x00000006c4400000,0x00000006c7914fc0,0x00000006c9f00000)
 Metaspace       used 31348K, capacity 31573K, committed 31792K, reserved 1077248K
  class space    used 4061K, capacity 4131K, committed 4144K, reserved 1048576K
Event: 4.715 GC heap after
Heap after GC invocations=13 (full 1):
 PSYoungGen      total 451584K, used 15840K [0x000000076c180000, 0x0000000789a00000, 0x00000007c0000000)
  eden space 433664K, 0% used [0x000000076c180000,0x000000076c180000,0x0000000786900000)
  from space 17920K, 88% used [0x0000000788880000,0x00000007897f8130,0x0000000789a00000)
  to   space 25088K, 0% used [0x0000000786900000,0x0000000786900000,0x0000000788180000)
 ParOldGen       total 93184K, used 55463K [0x00000006c4400000, 0x00000006c9f00000, 0x000000076c180000)
  object space 93184K, 59% used [0x00000006c4400000,0x00000006c7a29ff0,0x00000006c9f00000)
 Metaspace       used 31348K, capacity 31573K, committed 31792K, reserved 1077248K
  class space    used 4061K, capacity 4131K, committed 4144K, reserved 1048576K
}

