# JRE version: Java(TM) SE Runtime Environment (8.0_91-b14) (build 1.8.0_91-b14)
# Java VM: Java HotSpot(TM) 64-Bit Server VM (25.91-b14 mixed mode windows-amd64 compressed oops)
Heap:
 PSYoungGen      total 227328K, used 126225K [0x000000076c180000, 0x000000077fc80000, 0x00000007c0000000)
  eden space 199168K, 55% used [0x000000076c180000,0x0000000772e62ab0,0x0000000778400000)
  from space 28160K, 52% used [0x0000000778400000,0x0000000779261ca0,0x0000000779f80000)
  to   space 27136K, 0% used [0x000000077e200000,0x000000077e200000,0x000000077fc80000)
 ParOldGen       total 114688K, used 42077K [0x00000006c4400000, 0x00000006cb400000, 0x000000076c180000)
  object space 114688K, 36% used [0x00000006c4400000,0x00000006c6d17668,0x00000006cb400000)
 Metaspace       used 31608K, capacity 31833K, committed 32128K, reserved 1077248K
  class space    used 4066K, capacity 4131K, committed 4224K, reserved 1048576K
GC Heap History (10 events):
Event: 2.339 GC heap before
{Heap before GC invocations=6 (full 1):
 PSYoungGen      total 97792K, used 95204K [0x000000076c180000, 0x0000000772e80000, 0x00000007c0000000)
  eden space 87040K, 100% used [0x000000076c180000,0x0000000771680000,0x0000000771680000)
  from space 10752K, 75% used [0x0000000772100000,0x00000007728f9148,0x0000000772b80000)
  to   space 10752K, 0% used [0x0000000771680000,0x0000000771680000,0x0000000772100000)
 ParOldGen       total 114688K, used 14208K [0x00000006c4400000, 0x00000006cb400000, 0x000000076c180000)
  object space 114688K, 12% used [0x00000006c4400000,0x00000006c51e0050,0x00000006cb400000)
 Metaspace       used 26657K, capacity 26924K, committed 27136K, reserved 1073152K
  class space    used 3718K, capacity 3808K, committed 3840K, reserved 1048576K
Event: 2.344 GC heap after
Heap after GC invocations=6 (full 1):
 PSYoungGen      total 97792K, used 10720K [0x000000076c180000, 0x0000000775c00000, 0x00000007c0000000)
  eden space 87040K, 0% used [0x000000076c180000,0x000000076c180000,0x0000000771680000)
  from space 10752K, 99% used [0x0000000771680000,0x00000007720f8010,0x0000000772100000)
  to   space 13312K, 0% used [0x0000000774f00000,0x0000000774f00000,0x0000000775c00000)
 ParOldGen       total 114688K, used 16992K [0x00000006c4400000, 0x00000006cb400000, 0x000000076c180000)
  object space 114688K, 14% used [0x00000006c4400000,0x00000006c5498050,0x00000006cb400000)
 Metaspace       used 26657K, capacity 26924K, committed 27136K, reserved 1073152K
  class space    used 3718K, capacity 3808K, committed 3840K, reserved 1048576K
}
Event: 2.411 GC heap before
{Heap before GC invocations=7 (full 1):
 PSYoungGen      total 97792K, used 97760K [0x000000076c180000, 0x0000000775c00000, 0x00000007c0000000)
  eden space 87040K, 100% used [0x000000076c180000,0x0000000771680000,0x0000000771680000)
  from space 10752K, 99% used [0x0000000771680000,0x00000007720f8010,0x0000000772100000)
  to   space 13312K, 0% used [0x0000000774f00000,0x0000000774f00000,0x0000000775c00000)
 ParOldGen       total 114688K, used 16992K [0x00000006c4400000, 0x00000006cb400000, 0x000000076c180000)
  object space 114688K, 14% used [0x00000006c4400000,0x00000006c5498050,0x00000006cb400000)
 Metaspace       used 26785K, capacity 27052K, committed 27392K, reserved 1073152K
  class space    used 3726K, capacity 3808K, committed 3840K, reserved 1048576K
Event: 2.419 GC heap after
Heap after GC invocations=7 (full 1):
 PSYoungGen      total 138240K, used 13280K [0x000000076c180000, 0x0000000777580000, 0x00000007c0000000)
  eden space 124928K, 0% used [0x000000076c180000,0x000000076c180000,0x0000000773b80000)
  from space 13312K, 99% used [0x0000000774f00000,0x0000000775bf8010,0x0000000775c00000)
  to   space 19968K, 0% used [0x0000000773b80000,0x0000000773b80000,0x0000000774f00000)
 ParOldGen       total 114688K, used 24328K [0x00000006c4400000, 0x00000006cb400000, 0x000000076c180000)
  object space 114688K, 21% used [0x00000006c4400000,0x00000006c5bc2050,0x00000006cb400000)
 Metaspace       used 26785K, capacity 27052K, committed 27392K, reserved 1073152K
  class space    used 3726K, capacity 3808K, committed 3840K, reserved 1048576K
}
Event: 3.372 GC heap before
{Heap before GC invocations=8 (full 1):
 PSYoungGen      total 138240K, used 138208K [0x000000076c180000, 0x0000000777580000, 0x00000007c0000000)
  eden space 124928K, 100% used [0x000000076c180000,0x0000000773b80000,0x0000000773b80000)
  from space 13312K, 99% used [0x0000000774f00000,0x0000000775bf8010,0x0000000775c00000)
  to   space 19968K, 0% used [0x0000000773b80000,0x0000000773b80000,0x0000000774f00000)
 ParOldGen       total 114688K, used 24328K [0x00000006c4400000, 0x00000006cb400000, 0x000000076c180000)
  object space 114688K, 21% used [0x00000006c4400000,0x00000006c5bc2050,0x00000006cb400000)
 Metaspace       used 30505K, capacity 30745K, committed 30976K, reserved 1077248K
  class space    used 4005K, capacity 4067K, committed 4096K, reserved 1048576K
Event: 3.382 GC heap after
Heap after GC invocations=8 (full 1):
 PSYoungGen      total 144896K, used 19959K [0x000000076c180000, 0x000000077b900000, 0x00000007c0000000)
  eden space 124928K, 0% used [0x000000076c180000,0x000000076c180000,0x0000000773b80000)
  from space 19968K, 99% used [0x0000000773b80000,0x0000000774efdca0,0x0000000774f00000)
  to   space 26112K, 0% used [0x0000000779f80000,0x0000000779f80000,0x000000077b900000)
 ParOldGen       total 114688K, used 28809K [0x00000006c4400000, 0x00000006cb400000, 0x000000076c180000)
  object space 114688K, 25% used [0x00000006c4400000,0x00000006c6022638,0x00000006cb400000)
 Metaspace       used 30505K, capacity 30745K, committed 30976K, reserved 1077248K
  class space    used 4005K, capacity 4067K, committed 4096K, reserved 1048576K
}
Event: 3.650 GC heap before
{Heap before GC invocations=9 (full 1):
 PSYoungGen      total 144896K, used 144887K [0x000000076c180000, 0x000000077b900000, 0x00000007c0000000)
  eden space 124928K, 100% used [0x000000076c180000,0x0000000773b80000,0x0000000773b80000)
  from space 19968K, 99% used [0x0000000773b80000,0x0000000774efdca0,0x0000000774f00000)
  to   space 26112K, 0% used [0x0000000779f80000,0x0000000779f80000,0x000000077b900000)
 ParOldGen       total 114688K, used 28809K [0x00000006c4400000, 0x00000006cb400000, 0x000000076c180000)
  object space 114688K, 25% used [0x00000006c4400000,0x00000006c6022638,0x00000006cb400000)
 Metaspace       used 30862K, capacity 31097K, committed 31616K, reserved 1077248K
  class space    used 4024K, capacity 4099K, committed 4224K, reserved 1048576K
Event: 3.661 GC heap after
Heap after GC invocations=9 (full 1):
 PSYoungGen      total 225280K, used 19187K [0x000000076c180000, 0x000000077bd80000, 0x00000007c0000000)
  eden space 199168K, 0% used [0x000000076c180000,0x000000076c180000,0x0000000778400000)
  from space 26112K, 73% used [0x0000000779f80000,0x000000077b23cc40,0x000000077b900000)
  to   space 28160K, 0% used [0x0000000778400000,0x0000000778400000,0x0000000779f80000)
 ParOldGen       total 114688K, used 34313K [0x00000006c4400000, 0x00000006cb400000, 0x000000076c180000)
  object space 114688K, 29% used [0x00000006c4400000,0x00000006c6582658,0x00000006cb400000)
 Metaspace       used 30862K, capacity 31097K, committed 31616K, reserved 1077248K
  class space    used 4024K, capacity 4099K, committed 4224K, reserved 1048576K
}
Event: 4.219 GC heap before
{Heap before GC invocations=10 (full 1):
 PSYoungGen      total 225280K, used 218355K [0x000000076c180000, 0x000000077bd80000, 0x00000007c0000000)
  eden space 199168K, 100% used [0x000000076c180000,0x0000000778400000,0x0000000778400000)
  from space 26112K, 73% used [0x0000000779f80000,0x000000077b23cc40,0x000000077b900000)
  to   space 28160K, 0% used [0x0000000778400000,0x0000000778400000,0x0000000779f80000)
 ParOldGen       total 114688K, used 34313K [0x00000006c4400000, 0x00000006cb400000, 0x000000076c180000)
  object space 114688K, 29% used [0x00000006c4400000,0x00000006c6582658,0x00000006cb400000)
 Metaspace       used 31097K, capacity 31289K, committed 31616K, reserved 1077248K
  class space    used 4029K, capacity 4099K, committed 4224K, reserved 1048576K
Event: 4.229 GC heap after
Heap after GC invocations=10 (full 1):
 PSYoungGen      total 227328K, used 14727K [0x000000076c180000, 0x000000077fc80000, 0x00000007c0000000)
  eden space 199168K, 0% used [0x000000076c180000,0x000000076c180000,0x0000000778400000)
  from space 28160K, 52% used [0x0000000778400000,0x0000000779261ca0,0x0000000779f80000)
  to   space 27136K, 0% used [0x000000077e200000,0x000000077e200000,0x000000077fc80000)
 ParOldGen       total 114688K, used 42077K [0x00000006c4400000, 0x00000006cb400000, 0x000000076c180000)
  object space 114688K, 36% used [0x00000006c4400000,0x00000006c6d17668,0x00000006cb400000)
 Metaspace       used 31097K, capacity 31289K, committed 31616K, reserved 1077248K
  class space    used 4029K, capacity 4099K, committed 4224K, reserved 1048576K
}

