# JRE version: Java(TM) SE Runtime Environment (8.0) (build 1.8.0_401-b10)
# Java VM: Java HotSpot(TM) Client VM (25.401-b10 mixed mode, sharing windows-x86 )
Heap:
 def new generation   total 46848K, used 31914K [0x04400000, 0x076d0000, 0x09950000)
  eden space 41664K,  76% used [0x04400000, 0x06319fd0, 0x06cb0000)
  from space 5184K,   1% used [0x06cb0000, 0x06cc08a8, 0x071c0000)
  to   space 5184K,   0% used [0x071c0000, 0x071c0000, 0x076d0000)
 tenured generation   total 104016K, used 62409K [0x09950000, 0x0fee4000, 0x14400000)
   the space 104016K,  59% used [0x09950000, 0x0d642458, 0x0d642600, 0x0fee4000)
 Metaspace       used 15278K, capacity 15476K, committed 15488K, reserved 15744K
GC Heap History (10 events):
Event: 2.125 GC heap before
{Heap before GC invocations=71 (full 3):
 def new generation   total 27712K, used 26495K [0x04400000, 0x06210000, 0x09950000)
  eden space 24640K, 100% used [0x04400000, 0x05c10000, 0x05c10000)
  from space 3072K,  60% used [0x05f10000, 0x060dfce8, 0x06210000)
  to   space 3072K,   0% used [0x05c10000, 0x05c10000, 0x05f10000)
 tenured generation   total 61440K, used 61149K [0x09950000, 0x0d550000, 0x14400000)
   the space 61440K,  99% used [0x09950000, 0x0d5074a0, 0x0d507600, 0x0d550000)
 Metaspace       used 15174K, capacity 15380K, committed 15488K, reserved 15744K
Event: 2.156 GC heap after
Heap after GC invocations=72 (full 4):
 def new generation   total 46848K, used 0K [0x04400000, 0x076d0000, 0x09950000)
  eden space 41664K,   0% used [0x04400000, 0x04400000, 0x06cb0000)
  from space 5184K,   0% used [0x06cb0000, 0x06cb0000, 0x071c0000)
  to   space 5184K,   0% used [0x071c0000, 0x071c0000, 0x076d0000)
 tenured generation   total 104016K, used 62409K [0x09950000, 0x0fee4000, 0x14400000)
   the space 104016K,  59% used [0x09950000, 0x0d642458, 0x0d642600, 0x0fee4000)
 Metaspace       used 15174K, capacity 15380K, committed 15488K, reserved 15744K
}
Event: 2.200 GC heap before
{Heap before GC invocations=72 (full 4):
 def new generation   total 46848K, used 41664K [0x04400000, 0x076d0000, 0x09950000)
  eden space 41664K, 100% used [0x04400000, 0x06cb0000, 0x06cb0000)
  from space 5184K,   0% used [0x06cb0000, 0x06cb0000, 0x071c0000)
  to   space 5184K,   0% used [0x071c0000, 0x071c0000, 0x076d0000)
 tenured generation   total 104016K, used 62409K [0x09950000, 0x0fee4000, 0x14400000)
   the space 104016K,  59% used [0x09950000, 0x0d642458, 0x0d642600, 0x0fee4000)
 Metaspace       used 15174K, capacity 15380K, committed 15488K, reserved 15744K
Event: 2.201 GC heap after
Heap after GC invocations=73 (full 4):
 def new generation   total 46848K, used 21K [0x04400000, 0x076d0000, 0x09950000)
  eden space 41664K,   0% used [0x04400000, 0x04400000, 0x06cb0000)
  from space 5184K,   0% used [0x071c0000, 0x071c5548, 0x076d0000)
  to   space 5184K,   0% used [0x06cb0000, 0x06cb0000, 0x071c0000)
 tenured generation   total 104016K, used 62409K [0x09950000, 0x0fee4000, 0x14400000)
   the space 104016K,  59% used [0x09950000, 0x0d642458, 0x0d642600, 0x0fee4000)
 Metaspace       used 15174K, capacity 15380K, committed 15488K, reserved 15744K
}
Event: 2.240 GC heap before
{Heap before GC invocations=73 (full 4):
 def new generation   total 46848K, used 41685K [0x04400000, 0x076d0000, 0x09950000)
  eden space 41664K, 100% used [0x04400000, 0x06cb0000, 0x06cb0000)
  from space 5184K,   0% used [0x071c0000, 0x071c5548, 0x076d0000)
  to   space 5184K,   0% used [0x06cb0000, 0x06cb0000, 0x071c0000)
 tenured generation   total 104016K, used 62409K [0x09950000, 0x0fee4000, 0x14400000)
   the space 104016K,  59% used [0x09950000, 0x0d642458, 0x0d642600, 0x0fee4000)
 Metaspace       used 15174K, capacity 15380K, committed 15488K, reserved 15744K
Event: 2.241 GC heap after
Heap after GC invocations=74 (full 4):
 def new generation   total 46848K, used 37K [0x04400000, 0x076d0000, 0x09950000)
  eden space 41664K,   0% used [0x04400000, 0x04400000, 0x06cb0000)
  from space 5184K,   0% used [0x06cb0000, 0x06cb9628, 0x071c0000)
  to   space 5184K,   0% used [0x071c0000, 0x071c0000, 0x076d0000)
 tenured generation   total 104016K, used 62409K [0x09950000, 0x0fee4000, 0x14400000)
   the space 104016K,  59% used [0x09950000, 0x0d642458, 0x0d642600, 0x0fee4000)
 Metaspace       used 15174K, capacity 15380K, committed 15488K, reserved 15744K
}
Event: 2.280 GC heap before
{Heap before GC invocations=74 (full 4):
 def new generation   total 46848K, used 41701K [0x04400000, 0x076d0000, 0x09950000)
  eden space 41664K, 100% used [0x04400000, 0x06cb0000, 0x06cb0000)
  from space 5184K,   0% used [0x06cb0000, 0x06cb9628, 0x071c0000)
  to   space 5184K,   0% used [0x071c0000, 0x071c0000, 0x076d0000)
 tenured generation   total 104016K, used 62409K [0x09950000, 0x0fee4000, 0x14400000)
   the space 104016K,  59% used [0x09950000, 0x0d642458, 0x0d642600, 0x0fee4000)
 Metaspace       used 15174K, capacity 15380K, committed 15488K, reserved 15744K
Event: 2.281 GC heap after
Heap after GC invocations=75 (full 4):
 def new generation   total 46848K, used 51K [0x04400000, 0x076d0000, 0x09950000)
  eden space 41664K,   0% used [0x04400000, 0x04400000, 0x06cb0000)
  from space 5184K,   0% used [0x071c0000, 0x071cce58, 0x076d0000)
  to   space 5184K,   0% used [0x06cb0000, 0x06cb0000, 0x071c0000)
 tenured generation   total 104016K, used 62409K [0x09950000, 0x0fee4000, 0x14400000)
   the space 104016K,  59% used [0x09950000, 0x0d642458, 0x0d642600, 0x0fee4000)
 Metaspace       used 15174K, capacity 15380K, committed 15488K, reserved 15744K
}
Event: 2.319 GC heap before
{Heap before GC invocations=75 (full 4):
 def new generation   total 46848K, used 41715K [0x04400000, 0x076d0000, 0x09950000)
  eden space 41664K, 100% used [0x04400000, 0x06cb0000, 0x06cb0000)
  from space 5184K,   0% used [0x071c0000, 0x071cce58, 0x076d0000)
  to   space 5184K,   0% used [0x06cb0000, 0x06cb0000, 0x071c0000)
 tenured generation   total 104016K, used 62409K [0x09950000, 0x0fee4000, 0x14400000)
   the space 104016K,  59% used [0x09950000, 0x0d642458, 0x0d642600, 0x0fee4000)
 Metaspace       used 15174K, capacity 15380K, committed 15488K, reserved 15744K
Event: 2.320 GC heap after
Heap after GC invocations=76 (full 4):
 def new generation   total 46848K, used 66K [0x04400000, 0x076d0000, 0x09950000)
  eden space 41664K,   0% used [0x04400000, 0x04400000, 0x06cb0000)
  from space 5184K,   1% used [0x06cb0000, 0x06cc08a8, 0x071c0000)
  to   space 5184K,   0% used [0x071c0000, 0x071c0000, 0x076d0000)
 tenured generation   total 104016K, used 62409K [0x09950000, 0x0fee4000, 0x14400000)
   the space 104016K,  59% used [0x09950000, 0x0d642458, 0x0d642600, 0x0fee4000)
 Metaspace       used 15174K, capacity 15380K, committed 15488K, reserved 15744K
}

