# JRE version: Java(TM) SE Runtime Environment (8.0_91-b14) (build 1.8.0_91-b14)
# Java VM: Java HotSpot(TM) 64-Bit Server VM (25.91-b14 mixed mode windows-amd64 compressed oops)
Heap:
 PSYoungGen      total 326144K, used 174129K [0x000000076c180000, 0x0000000786880000, 0x00000007c0000000)
  eden space 303104K, 56% used [0x000000076c180000,0x000000077684c770,0x000000077e980000)
  from space 23040K, 14% used [0x000000077e980000,0x000000077ecc0000,0x0000000780000000)
  to   space 23040K, 0% used [0x0000000785200000,0x0000000785200000,0x0000000786880000)
 ParOldGen       total 109568K, used 55010K [0x00000006c4400000, 0x00000006caf00000, 0x000000076c180000)
  object space 109568K, 50% used [0x00000006c4400000,0x00000006c79b89b8,0x00000006caf00000)
 Metaspace       used 31913K, capacity 32121K, committed 32640K, reserved 1077248K
  class space    used 4098K, capacity 4145K, committed 4224K, reserved 1048576K
GC Heap History (10 events):
Event: 3.432 GC heap before
{Heap before GC invocations=10 (full 1):
 PSYoungGen      total 194560K, used 188033K [0x000000076c180000, 0x000000077a180000, 0x00000007c0000000)
  eden space 172032K, 100% used [0x000000076c180000,0x0000000776980000,0x0000000776980000)
  from space 22528K, 71% used [0x0000000778080000,0x00000007790204f0,0x0000000779680000)
  to   space 23552K, 0% used [0x0000000776980000,0x0000000776980000,0x0000000778080000)
 ParOldGen       total 109568K, used 31441K [0x00000006c4400000, 0x00000006caf00000, 0x000000076c180000)
  object space 109568K, 28% used [0x00000006c4400000,0x00000006c62b44b0,0x00000006caf00000)
 Metaspace       used 30550K, capacity 30777K, committed 31104K, reserved 1077248K
  class space    used 4009K, capacity 4099K, committed 4224K, reserved 1048576K
Event: 3.438 GC heap after
Heap after GC invocations=10 (full 1):
 PSYoungGen      total 195584K, used 15281K [0x000000076c180000, 0x000000077d200000, 0x00000007c0000000)
  eden space 172032K, 0% used [0x000000076c180000,0x000000076c180000,0x0000000776980000)
  from space 23552K, 64% used [0x0000000776980000,0x000000077786c4d0,0x0000000778080000)
  to   space 24064K, 0% used [0x000000077ba80000,0x000000077ba80000,0x000000077d200000)
 ParOldGen       total 109568K, used 32473K [0x00000006c4400000, 0x00000006caf00000, 0x000000076c180000)
  object space 109568K, 29% used [0x00000006c4400000,0x00000006c63b64f0,0x00000006caf00000)
 Metaspace       used 30550K, capacity 30777K, committed 31104K, reserved 1077248K
  class space    used 4009K, capacity 4099K, committed 4224K, reserved 1048576K
}
Event: 3.614 GC heap before
{Heap before GC invocations=11 (full 1):
 PSYoungGen      total 195584K, used 187313K [0x000000076c180000, 0x000000077d200000, 0x00000007c0000000)
  eden space 172032K, 100% used [0x000000076c180000,0x0000000776980000,0x0000000776980000)
  from space 23552K, 64% used [0x0000000776980000,0x000000077786c4d0,0x0000000778080000)
  to   space 24064K, 0% used [0x000000077ba80000,0x000000077ba80000,0x000000077d200000)
 ParOldGen       total 109568K, used 32473K [0x00000006c4400000, 0x00000006caf00000, 0x000000076c180000)
  object space 109568K, 29% used [0x00000006c4400000,0x00000006c63b64f0,0x00000006caf00000)
 Metaspace       used 30767K, capacity 30969K, committed 31360K, reserved 1077248K
  class space    used 4022K, capacity 4099K, committed 4224K, reserved 1048576K
Event: 3.622 GC heap after
Heap after GC invocations=11 (full 1):
 PSYoungGen      total 254976K, used 11889K [0x000000076c180000, 0x000000077d100000, 0x00000007c0000000)
  eden space 231936K, 0% used [0x000000076c180000,0x000000076c180000,0x000000077a400000)
  from space 23040K, 51% used [0x000000077ba80000,0x000000077c61c520,0x000000077d100000)
  to   space 23040K, 0% used [0x000000077a400000,0x000000077a400000,0x000000077ba80000)
 ParOldGen       total 109568K, used 40189K [0x00000006c4400000, 0x00000006caf00000, 0x000000076c180000)
  object space 109568K, 36% used [0x00000006c4400000,0x00000006c6b3f500,0x00000006caf00000)
 Metaspace       used 30767K, capacity 30969K, committed 31360K, reserved 1077248K
  class space    used 4022K, capacity 4099K, committed 4224K, reserved 1048576K
}
Event: 3.893 GC heap before
{Heap before GC invocations=12 (full 1):
 PSYoungGen      total 254976K, used 243825K [0x000000076c180000, 0x000000077d100000, 0x00000007c0000000)
  eden space 231936K, 100% used [0x000000076c180000,0x000000077a400000,0x000000077a400000)
  from space 23040K, 51% used [0x000000077ba80000,0x000000077c61c520,0x000000077d100000)
  to   space 23040K, 0% used [0x000000077a400000,0x000000077a400000,0x000000077ba80000)
 ParOldGen       total 109568K, used 40189K [0x00000006c4400000, 0x00000006caf00000, 0x000000076c180000)
  object space 109568K, 36% used [0x00000006c4400000,0x00000006c6b3f500,0x00000006caf00000)
 Metaspace       used 30898K, capacity 31097K, committed 31616K, reserved 1077248K
  class space    used 4024K, capacity 4099K, committed 4224K, reserved 1048576K
Event: 3.899 GC heap after
Heap after GC invocations=12 (full 1):
 PSYoungGen      total 254976K, used 5996K [0x000000076c180000, 0x0000000781b00000, 0x00000007c0000000)
  eden space 231936K, 0% used [0x000000076c180000,0x000000076c180000,0x000000077a400000)
  from space 23040K, 26% used [0x000000077a400000,0x000000077a9db000,0x000000077ba80000)
  to   space 22528K, 0% used [0x0000000780500000,0x0000000780500000,0x0000000781b00000)
 ParOldGen       total 109568K, used 49746K [0x00000006c4400000, 0x00000006caf00000, 0x000000076c180000)
  object space 109568K, 45% used [0x00000006c4400000,0x00000006c7494948,0x00000006caf00000)
 Metaspace       used 30898K, capacity 31097K, committed 31616K, reserved 1077248K
  class space    used 4024K, capacity 4099K, committed 4224K, reserved 1048576K
}
Event: 4.107 GC heap before
{Heap before GC invocations=13 (full 1):
 PSYoungGen      total 254976K, used 237932K [0x000000076c180000, 0x0000000781b00000, 0x00000007c0000000)
  eden space 231936K, 100% used [0x000000076c180000,0x000000077a400000,0x000000077a400000)
  from space 23040K, 26% used [0x000000077a400000,0x000000077a9db000,0x000000077ba80000)
  to   space 22528K, 0% used [0x0000000780500000,0x0000000780500000,0x0000000781b00000)
 ParOldGen       total 109568K, used 49746K [0x00000006c4400000, 0x00000006caf00000, 0x000000076c180000)
  object space 109568K, 45% used [0x00000006c4400000,0x00000006c7494948,0x00000006caf00000)
 Metaspace       used 30911K, capacity 31161K, committed 31616K, reserved 1077248K
  class space    used 4024K, capacity 4099K, committed 4224K, reserved 1048576K
Event: 4.110 GC heap after
Heap after GC invocations=13 (full 1):
 PSYoungGen      total 321024K, used 2464K [0x000000076c180000, 0x0000000781680000, 0x00000007c0000000)
  eden space 303104K, 0% used [0x000000076c180000,0x000000076c180000,0x000000077e980000)
  from space 17920K, 13% used [0x0000000780500000,0x0000000780768000,0x0000000781680000)
  to   space 23040K, 0% used [0x000000077e980000,0x000000077e980000,0x0000000780000000)
 ParOldGen       total 109568K, used 53994K [0x00000006c4400000, 0x00000006caf00000, 0x000000076c180000)
  object space 109568K, 49% used [0x00000006c4400000,0x00000006c78ba9a8,0x00000006caf00000)
 Metaspace       used 30911K, capacity 31161K, committed 31616K, reserved 1077248K
  class space    used 4024K, capacity 4099K, committed 4224K, reserved 1048576K
}
Event: 4.501 GC heap before
{Heap before GC invocations=14 (full 1):
 PSYoungGen      total 321024K, used 305568K [0x000000076c180000, 0x0000000781680000, 0x00000007c0000000)
  eden space 303104K, 100% used [0x000000076c180000,0x000000077e980000,0x000000077e980000)
  from space 17920K, 13% used [0x0000000780500000,0x0000000780768000,0x0000000781680000)
  to   space 23040K, 0% used [0x000000077e980000,0x000000077e980000,0x0000000780000000)
 ParOldGen       total 109568K, used 53994K [0x00000006c4400000, 0x00000006caf00000, 0x000000076c180000)
  object space 109568K, 49% used [0x00000006c4400000,0x00000006c78ba9a8,0x00000006caf00000)
 Metaspace       used 31104K, capacity 31353K, committed 31872K, reserved 1077248K
  class space    used 4028K, capacity 4099K, committed 4224K, reserved 1048576K
Event: 4.505 GC heap after
Heap after GC invocations=14 (full 1):
 PSYoungGen      total 326144K, used 3328K [0x000000076c180000, 0x0000000786880000, 0x00000007c0000000)
  eden space 303104K, 0% used [0x000000076c180000,0x000000076c180000,0x000000077e980000)
  from space 23040K, 14% used [0x000000077e980000,0x000000077ecc0000,0x0000000780000000)
  to   space 23040K, 0% used [0x0000000785200000,0x0000000785200000,0x0000000786880000)
 ParOldGen       total 109568K, used 55010K [0x00000006c4400000, 0x00000006caf00000, 0x000000076c180000)
  object space 109568K, 50% used [0x00000006c4400000,0x00000006c79b89b8,0x00000006caf00000)
 Metaspace       used 31104K, capacity 31353K, committed 31872K, reserved 1077248K
  class space    used 4028K, capacity 4099K, committed 4224K, reserved 1048576K
}

