# JRE version: Java(TM) SE Runtime Environment (8.0_91-b14) (build 1.8.0_91-b14)
# Java VM: Java HotSpot(TM) 64-Bit Server VM (25.91-b14 mixed mode windows-amd64 compressed oops)
Heap:
 PSYoungGen      total 171520K, used 32736K [0x000000076c180000, 0x000000077ce80000, 0x00000007c0000000)
  eden space 160768K, 13% used [0x000000076c180000,0x000000076d6ff198,0x0000000775e80000)
  from space 10752K, 99% used [0x0000000775e80000,0x00000007768f90e0,0x0000000776900000)
  to   space 28160K, 0% used [0x000000077b300000,0x000000077b300000,0x000000077ce80000)
 ParOldGen       total 116224K, used 34748K [0x00000006c4400000, 0x00000006cb580000, 0x000000076c180000)
  object space 116224K, 29% used [0x00000006c4400000,0x00000006c65ef0b8,0x00000006cb580000)
 Metaspace       used 30264K, capacity 30485K, committed 30720K, reserved 1075200K
  class space    used 4014K, capacity 4067K, committed 4096K, reserved 1048576K
GC Heap History (10 events):
Event: 0.688 GC heap before
{Heap before GC invocations=2 (full 0):
 PSYoungGen      total 75264K, used 35543K [0x000000076c180000, 0x0000000775480000, 0x00000007c0000000)
  eden space 64512K, 47% used [0x000000076c180000,0x000000076df98ae8,0x0000000770080000)
  from space 10752K, 43% used [0x0000000770080000,0x000000077051d248,0x0000000770b00000)
  to   space 10752K, 0% used [0x0000000774a00000,0x0000000774a00000,0x0000000775480000)
 ParOldGen       total 172032K, used 72K [0x00000006c4400000, 0x00000006cec00000, 0x000000076c180000)
  object space 172032K, 0% used [0x00000006c4400000,0x00000006c4412010,0x00000006cec00000)
 Metaspace       used 20958K, capacity 21128K, committed 21296K, reserved 1067008K
  class space    used 3042K, capacity 3094K, committed 3200K, reserved 1048576K
Event: 0.691 GC heap after
Heap after GC invocations=2 (full 0):
 PSYoungGen      total 139776K, used 3980K [0x000000076c180000, 0x0000000775480000, 0x00000007c0000000)
  eden space 129024K, 0% used [0x000000076c180000,0x000000076c180000,0x0000000773f80000)
  from space 10752K, 37% used [0x0000000774a00000,0x0000000774de3200,0x0000000775480000)
  to   space 10752K, 0% used [0x0000000773f80000,0x0000000773f80000,0x0000000774a00000)
 ParOldGen       total 172032K, used 80K [0x00000006c4400000, 0x00000006cec00000, 0x000000076c180000)
  object space 172032K, 0% used [0x00000006c4400000,0x00000006c4414010,0x00000006cec00000)
 Metaspace       used 20958K, capacity 21128K, committed 21296K, reserved 1067008K
  class space    used 3042K, capacity 3094K, committed 3200K, reserved 1048576K
}
Event: 0.691 GC heap before
{Heap before GC invocations=3 (full 1):
 PSYoungGen      total 139776K, used 3980K [0x000000076c180000, 0x0000000775480000, 0x00000007c0000000)
  eden space 129024K, 0% used [0x000000076c180000,0x000000076c180000,0x0000000773f80000)
  from space 10752K, 37% used [0x0000000774a00000,0x0000000774de3200,0x0000000775480000)
  to   space 10752K, 0% used [0x0000000773f80000,0x0000000773f80000,0x0000000774a00000)
 ParOldGen       total 172032K, used 80K [0x00000006c4400000, 0x00000006cec00000, 0x000000076c180000)
  object space 172032K, 0% used [0x00000006c4400000,0x00000006c4414010,0x00000006cec00000)
 Metaspace       used 20958K, capacity 21128K, committed 21296K, reserved 1067008K
  class space    used 3042K, capacity 3094K, committed 3200K, reserved 1048576K
Event: 0.718 GC heap after
Heap after GC invocations=3 (full 1):
 PSYoungGen      total 139776K, used 0K [0x000000076c180000, 0x0000000775480000, 0x00000007c0000000)
  eden space 129024K, 0% used [0x000000076c180000,0x000000076c180000,0x0000000773f80000)
  from space 10752K, 0% used [0x0000000774a00000,0x0000000774a00000,0x0000000775480000)
  to   space 10752K, 0% used [0x0000000773f80000,0x0000000773f80000,0x0000000774a00000)
 ParOldGen       total 116224K, used 3752K [0x00000006c4400000, 0x00000006cb580000, 0x000000076c180000)
  object space 116224K, 3% used [0x00000006c4400000,0x00000006c47aa0d0,0x00000006cb580000)
 Metaspace       used 20958K, capacity 21128K, committed 21296K, reserved 1067008K
  class space    used 3042K, capacity 3094K, committed 3200K, reserved 1048576K
}
Event: 2.151 GC heap before
{Heap before GC invocations=4 (full 1):
 PSYoungGen      total 139776K, used 129024K [0x000000076c180000, 0x0000000775480000, 0x00000007c0000000)
  eden space 129024K, 100% used [0x000000076c180000,0x0000000773f80000,0x0000000773f80000)
  from space 10752K, 0% used [0x0000000774a00000,0x0000000774a00000,0x0000000775480000)
  to   space 10752K, 0% used [0x0000000773f80000,0x0000000773f80000,0x0000000774a00000)
 ParOldGen       total 116224K, used 3752K [0x00000006c4400000, 0x00000006cb580000, 0x000000076c180000)
  object space 116224K, 3% used [0x00000006c4400000,0x00000006c47aa0d0,0x00000006cb580000)
 Metaspace       used 26561K, capacity 26792K, committed 27136K, reserved 1073152K
  class space    used 3732K, capacity 3808K, committed 3840K, reserved 1048576K
Event: 2.165 GC heap after
Heap after GC invocations=4 (full 1):
 PSYoungGen      total 139776K, used 10362K [0x000000076c180000, 0x0000000777380000, 0x00000007c0000000)
  eden space 129024K, 0% used [0x000000076c180000,0x000000076c180000,0x0000000773f80000)
  from space 10752K, 96% used [0x0000000773f80000,0x000000077499eaf8,0x0000000774a00000)
  to   space 10752K, 0% used [0x0000000776900000,0x0000000776900000,0x0000000777380000)
 ParOldGen       total 116224K, used 14000K [0x00000006c4400000, 0x00000006cb580000, 0x000000076c180000)
  object space 116224K, 12% used [0x00000006c4400000,0x00000006c51ac0e0,0x00000006cb580000)
 Metaspace       used 26561K, capacity 26792K, committed 27136K, reserved 1073152K
  class space    used 3732K, capacity 3808K, committed 3840K, reserved 1048576K
}
Event: 2.292 GC heap before
{Heap before GC invocations=5 (full 1):
 PSYoungGen      total 139776K, used 139386K [0x000000076c180000, 0x0000000777380000, 0x00000007c0000000)
  eden space 129024K, 100% used [0x000000076c180000,0x0000000773f80000,0x0000000773f80000)
  from space 10752K, 96% used [0x0000000773f80000,0x000000077499eaf8,0x0000000774a00000)
  to   space 10752K, 0% used [0x0000000776900000,0x0000000776900000,0x0000000777380000)
 ParOldGen       total 116224K, used 14000K [0x00000006c4400000, 0x00000006cb580000, 0x000000076c180000)
  object space 116224K, 12% used [0x00000006c4400000,0x00000006c51ac0e0,0x00000006cb580000)
 Metaspace       used 26574K, capacity 26792K, committed 27136K, reserved 1073152K
  class space    used 3734K, capacity 3808K, committed 3840K, reserved 1048576K
Event: 2.298 GC heap after
Heap after GC invocations=5 (full 1):
 PSYoungGen      total 171520K, used 10720K [0x000000076c180000, 0x0000000778100000, 0x00000007c0000000)
  eden space 160768K, 0% used [0x000000076c180000,0x000000076c180000,0x0000000775e80000)
  from space 10752K, 99% used [0x0000000776900000,0x0000000777378010,0x0000000777380000)
  to   space 10752K, 0% used [0x0000000775e80000,0x0000000775e80000,0x0000000776900000)
 ParOldGen       total 116224K, used 18640K [0x00000006c4400000, 0x00000006cb580000, 0x000000076c180000)
  object space 116224K, 16% used [0x00000006c4400000,0x00000006c56340e0,0x00000006cb580000)
 Metaspace       used 26574K, capacity 26792K, committed 27136K, reserved 1073152K
  class space    used 3734K, capacity 3808K, committed 3840K, reserved 1048576K
}
Event: 3.287 GC heap before
{Heap before GC invocations=6 (full 1):
 PSYoungGen      total 171520K, used 165794K [0x000000076c180000, 0x0000000778100000, 0x00000007c0000000)
  eden space 160768K, 96% used [0x000000076c180000,0x00000007758f0ba8,0x0000000775e80000)
  from space 10752K, 99% used [0x0000000776900000,0x0000000777378010,0x0000000777380000)
  to   space 10752K, 0% used [0x0000000775e80000,0x0000000775e80000,0x0000000776900000)
 ParOldGen       total 116224K, used 18640K [0x00000006c4400000, 0x00000006cb580000, 0x000000076c180000)
  object space 116224K, 16% used [0x00000006c4400000,0x00000006c56340e0,0x00000006cb580000)
 Metaspace       used 30235K, capacity 30421K, committed 30720K, reserved 1075200K
  class space    used 4011K, capacity 4067K, committed 4096K, reserved 1048576K
Event: 3.312 GC heap after
Heap after GC invocations=6 (full 1):
 PSYoungGen      total 171520K, used 10724K [0x000000076c180000, 0x000000077ce80000, 0x00000007c0000000)
  eden space 160768K, 0% used [0x000000076c180000,0x000000076c180000,0x0000000775e80000)
  from space 10752K, 99% used [0x0000000775e80000,0x00000007768f90e0,0x0000000776900000)
  to   space 28160K, 0% used [0x000000077b300000,0x000000077b300000,0x000000077ce80000)
 ParOldGen       total 116224K, used 34748K [0x00000006c4400000, 0x00000006cb580000, 0x000000076c180000)
  object space 116224K, 29% used [0x00000006c4400000,0x00000006c65ef0b8,0x00000006cb580000)
 Metaspace       used 30235K, capacity 30421K, committed 30720K, reserved 1075200K
  class space    used 4011K, capacity 4067K, committed 4096K, reserved 1048576K
}

