# JRE version: Java(TM) SE Runtime Environment (8.0_91-b14) (build 1.8.0_91-b14)
# Java VM: Java HotSpot(TM) 64-Bit Server VM (25.91-b14 mixed mode windows-amd64 compressed oops)
Heap:
 PSYoungGen      total 345088K, used 50251K [0x000000076c180000, 0x0000000783400000, 0x00000007c0000000)
  eden space 330240K, 10% used [0x000000076c180000,0x000000076e44aae8,0x0000000780400000)
  from space 14848K, 98% used [0x0000000782580000,0x00000007833c8170,0x0000000783400000)
  to   space 23552K, 0% used [0x0000000780600000,0x0000000780600000,0x0000000781d00000)
 ParOldGen       total 113152K, used 48602K [0x00000006c4400000, 0x00000006cb280000, 0x000000076c180000)
  object space 113152K, 42% used [0x00000006c4400000,0x00000006c7376818,0x00000006cb280000)
 Metaspace       used 31651K, capacity 31897K, committed 32384K, reserved 1077248K
  class space    used 4067K, capacity 4131K, committed 4224K, reserved 1048576K
GC Heap History (10 events):
Event: 3.624 GC heap before
{Heap before GC invocations=11 (full 1):
 PSYoungGen      total 182272K, used 175454K [0x000000076c180000, 0x000000077bd00000, 0x00000007c0000000)
  eden space 159744K, 100% used [0x000000076c180000,0x0000000775d80000,0x0000000775d80000)
  from space 22528K, 69% used [0x0000000775d80000,0x0000000776cd7950,0x0000000777380000)
  to   space 23552K, 0% used [0x000000077a600000,0x000000077a600000,0x000000077bd00000)
 ParOldGen       total 113152K, used 31965K [0x00000006c4400000, 0x00000006cb280000, 0x000000076c180000)
  object space 113152K, 28% used [0x00000006c4400000,0x00000006c6337728,0x00000006cb280000)
 Metaspace       used 30755K, capacity 30969K, committed 31360K, reserved 1077248K
  class space    used 4022K, capacity 4099K, committed 4224K, reserved 1048576K
Event: 3.631 GC heap after
Heap after GC invocations=11 (full 1):
 PSYoungGen      total 232960K, used 17804K [0x000000076c180000, 0x000000077bf80000, 0x00000007c0000000)
  eden space 209408K, 0% used [0x000000076c180000,0x000000076c180000,0x0000000778e00000)
  from space 23552K, 75% used [0x000000077a600000,0x000000077b763360,0x000000077bd00000)
  to   space 24576K, 0% used [0x0000000778e00000,0x0000000778e00000,0x000000077a600000)
 ParOldGen       total 113152K, used 35661K [0x00000006c4400000, 0x00000006cb280000, 0x000000076c180000)
  object space 113152K, 31% used [0x00000006c4400000,0x00000006c66d3778,0x00000006cb280000)
 Metaspace       used 30755K, capacity 30969K, committed 31360K, reserved 1077248K
  class space    used 4022K, capacity 4099K, committed 4224K, reserved 1048576K
}
Event: 3.877 GC heap before
{Heap before GC invocations=12 (full 1):
 PSYoungGen      total 232960K, used 227212K [0x000000076c180000, 0x000000077bf80000, 0x00000007c0000000)
  eden space 209408K, 100% used [0x000000076c180000,0x0000000778e00000,0x0000000778e00000)
  from space 23552K, 75% used [0x000000077a600000,0x000000077b763360,0x000000077bd00000)
  to   space 24576K, 0% used [0x0000000778e00000,0x0000000778e00000,0x000000077a600000)
 ParOldGen       total 113152K, used 35661K [0x00000006c4400000, 0x00000006cb280000, 0x000000076c180000)
  object space 113152K, 31% used [0x00000006c4400000,0x00000006c66d3778,0x00000006cb280000)
 Metaspace       used 30901K, capacity 31097K, committed 31616K, reserved 1077248K
  class space    used 4024K, capacity 4099K, committed 4224K, reserved 1048576K
Event: 3.885 GC heap after
Heap after GC invocations=12 (full 1):
 PSYoungGen      total 233984K, used 5772K [0x000000076c180000, 0x000000077fd00000, 0x00000007c0000000)
  eden space 209408K, 0% used [0x000000076c180000,0x000000076c180000,0x0000000778e00000)
  from space 24576K, 23% used [0x0000000778e00000,0x00000007793a3000,0x000000077a600000)
  to   space 24576K, 0% used [0x000000077e500000,0x000000077e500000,0x000000077fd00000)
 ParOldGen       total 113152K, used 48354K [0x00000006c4400000, 0x00000006cb280000, 0x000000076c180000)
  object space 113152K, 42% used [0x00000006c4400000,0x00000006c7338818,0x00000006cb280000)
 Metaspace       used 30901K, capacity 31097K, committed 31616K, reserved 1077248K
  class space    used 4024K, capacity 4099K, committed 4224K, reserved 1048576K
}
Event: 4.073 GC heap before
{Heap before GC invocations=13 (full 1):
 PSYoungGen      total 233984K, used 215180K [0x000000076c180000, 0x000000077fd00000, 0x00000007c0000000)
  eden space 209408K, 100% used [0x000000076c180000,0x0000000778e00000,0x0000000778e00000)
  from space 24576K, 23% used [0x0000000778e00000,0x00000007793a3000,0x000000077a600000)
  to   space 24576K, 0% used [0x000000077e500000,0x000000077e500000,0x000000077fd00000)
 ParOldGen       total 113152K, used 48354K [0x00000006c4400000, 0x00000006cb280000, 0x000000076c180000)
  object space 113152K, 42% used [0x00000006c4400000,0x00000006c7338818,0x00000006cb280000)
 Metaspace       used 30907K, capacity 31097K, committed 31616K, reserved 1077248K
  class space    used 4024K, capacity 4099K, committed 4224K, reserved 1048576K
Event: 4.076 GC heap after
Heap after GC invocations=13 (full 1):
 PSYoungGen      total 289280K, used 6496K [0x000000076c180000, 0x000000077f800000, 0x00000007c0000000)
  eden space 269824K, 0% used [0x000000076c180000,0x000000076c180000,0x000000077c900000)
  from space 19456K, 33% used [0x000000077e500000,0x000000077eb58040,0x000000077f800000)
  to   space 24064K, 0% used [0x000000077c900000,0x000000077c900000,0x000000077e080000)
 ParOldGen       total 113152K, used 48450K [0x00000006c4400000, 0x00000006cb280000, 0x000000076c180000)
  object space 113152K, 42% used [0x00000006c4400000,0x00000006c7350818,0x00000006cb280000)
 Metaspace       used 30907K, capacity 31097K, committed 31616K, reserved 1077248K
  class space    used 4024K, capacity 4099K, committed 4224K, reserved 1048576K
}
Event: 4.322 GC heap before
{Heap before GC invocations=14 (full 1):
 PSYoungGen      total 289280K, used 276320K [0x000000076c180000, 0x000000077f800000, 0x00000007c0000000)
  eden space 269824K, 100% used [0x000000076c180000,0x000000077c900000,0x000000077c900000)
  from space 19456K, 33% used [0x000000077e500000,0x000000077eb58040,0x000000077f800000)
  to   space 24064K, 0% used [0x000000077c900000,0x000000077c900000,0x000000077e080000)
 ParOldGen       total 113152K, used 48450K [0x00000006c4400000, 0x00000006cb280000, 0x000000076c180000)
  object space 113152K, 42% used [0x00000006c4400000,0x00000006c7350818,0x00000006cb280000)
 Metaspace       used 30995K, capacity 31225K, committed 31616K, reserved 1077248K
  class space    used 4028K, capacity 4099K, committed 4224K, reserved 1048576K
Event: 4.326 GC heap after
Heap after GC invocations=14 (full 1):
 PSYoungGen      total 293888K, used 7664K [0x000000076c180000, 0x0000000783c00000, 0x00000007c0000000)
  eden space 269824K, 0% used [0x000000076c180000,0x000000076c180000,0x000000077c900000)
  from space 24064K, 31% used [0x000000077c900000,0x000000077d07c050,0x000000077e080000)
  to   space 23040K, 0% used [0x0000000782580000,0x0000000782580000,0x0000000783c00000)
 ParOldGen       total 113152K, used 48594K [0x00000006c4400000, 0x00000006cb280000, 0x000000076c180000)
  object space 113152K, 42% used [0x00000006c4400000,0x00000006c7374818,0x00000006cb280000)
 Metaspace       used 30995K, capacity 31225K, committed 31616K, reserved 1077248K
  class space    used 4028K, capacity 4099K, committed 4224K, reserved 1048576K
}
Event: 13.691 GC heap before
{Heap before GC invocations=15 (full 1):
 PSYoungGen      total 293888K, used 264359K [0x000000076c180000, 0x0000000783c00000, 0x00000007c0000000)
  eden space 269824K, 95% used [0x000000076c180000,0x000000077bc2ded0,0x000000077c900000)
  from space 24064K, 31% used [0x000000077c900000,0x000000077d07c050,0x000000077e080000)
  to   space 23040K, 0% used [0x0000000782580000,0x0000000782580000,0x0000000783c00000)
 ParOldGen       total 113152K, used 48594K [0x00000006c4400000, 0x00000006cb280000, 0x000000076c180000)
  object space 113152K, 42% used [0x00000006c4400000,0x00000006c7374818,0x00000006cb280000)
 Metaspace       used 31522K, capacity 31737K, committed 32128K, reserved 1077248K
  class space    used 4050K, capacity 4099K, committed 4224K, reserved 1048576K
Event: 13.697 GC heap after
Heap after GC invocations=15 (full 1):
 PSYoungGen      total 345088K, used 14624K [0x000000076c180000, 0x0000000783400000, 0x00000007c0000000)
  eden space 330240K, 0% used [0x000000076c180000,0x000000076c180000,0x0000000780400000)
  from space 14848K, 98% used [0x0000000782580000,0x00000007833c8170,0x0000000783400000)
  to   space 23552K, 0% used [0x0000000780600000,0x0000000780600000,0x0000000781d00000)
 ParOldGen       total 113152K, used 48602K [0x00000006c4400000, 0x00000006cb280000, 0x000000076c180000)
  object space 113152K, 42% used [0x00000006c4400000,0x00000006c7376818,0x00000006cb280000)
 Metaspace       used 31522K, capacity 31737K, committed 32128K, reserved 1077248K
  class space    used 4050K, capacity 4099K, committed 4224K, reserved 1048576K
}

