# JRE version: Java(TM) SE Runtime Environment (8.0_91-b14) (build 1.8.0_91-b14)
# Java VM: Java HotSpot(TM) 64-Bit Server VM (25.91-b14 mixed mode windows-amd64 compressed oops)
Heap:
 PSYoungGen      total 312320K, used 61332K [0x000000076c180000, 0x0000000781880000, 0x00000007c0000000)
  eden space 292864K, 16% used [0x000000076c180000,0x000000076ef8df98,0x000000077df80000)
  from space 19456K, 72% used [0x0000000780580000,0x00000007813572f0,0x0000000781880000)
  to   space 29184K, 0% used [0x000000077df80000,0x000000077df80000,0x000000077fc00000)
 ParOldGen       total 107520K, used 51299K [0x00000006c4400000, 0x00000006cad00000, 0x000000076c180000)
  object space 107520K, 47% used [0x00000006c4400000,0x00000006c7618cf0,0x00000006cad00000)
 Metaspace       used 32502K, capacity 32789K, committed 33280K, reserved 1079296K
  class space    used 4173K, capacity 4241K, committed 4352K, reserved 1048576K
GC Heap History (10 events):
Event: 2.385 GC heap before
{Heap before GC invocations=7 (full 1):
 PSYoungGen      total 97792K, used 97760K [0x000000076c180000, 0x0000000776080000, 0x00000007c0000000)
  eden space 87040K, 100% used [0x000000076c180000,0x0000000771680000,0x0000000771680000)
  from space 10752K, 99% used [0x0000000771680000,0x00000007720f8010,0x0000000772100000)
  to   space 13312K, 0% used [0x0000000775380000,0x0000000775380000,0x0000000776080000)
 ParOldGen       total 107520K, used 16504K [0x00000006c4400000, 0x00000006cad00000, 0x000000076c180000)
  object space 107520K, 15% used [0x00000006c4400000,0x00000006c541e0e8,0x00000006cad00000)
 Metaspace       used 26691K, capacity 26856K, committed 27136K, reserved 1073152K
  class space    used 3740K, capacity 3808K, committed 3840K, reserved 1048576K
Event: 2.395 GC heap after
Heap after GC invocations=7 (full 1):
 PSYoungGen      total 142848K, used 13280K [0x000000076c180000, 0x0000000777c00000, 0x00000007c0000000)
  eden space 129536K, 0% used [0x000000076c180000,0x000000076c180000,0x0000000774000000)
  from space 13312K, 99% used [0x0000000775380000,0x0000000776078010,0x0000000776080000)
  to   space 19968K, 0% used [0x0000000774000000,0x0000000774000000,0x0000000775380000)
 ParOldGen       total 107520K, used 23480K [0x00000006c4400000, 0x00000006cad00000, 0x000000076c180000)
  object space 107520K, 21% used [0x00000006c4400000,0x00000006c5aee0e8,0x00000006cad00000)
 Metaspace       used 26691K, capacity 26856K, committed 27136K, reserved 1073152K
  class space    used 3740K, capacity 3808K, committed 3840K, reserved 1048576K
}
Event: 3.056 GC heap before
{Heap before GC invocations=8 (full 1):
 PSYoungGen      total 142848K, used 142816K [0x000000076c180000, 0x0000000777c00000, 0x00000007c0000000)
  eden space 129536K, 100% used [0x000000076c180000,0x0000000774000000,0x0000000774000000)
  from space 13312K, 99% used [0x0000000775380000,0x0000000776078010,0x0000000776080000)
  to   space 19968K, 0% used [0x0000000774000000,0x0000000774000000,0x0000000775380000)
 ParOldGen       total 107520K, used 23480K [0x00000006c4400000, 0x00000006cad00000, 0x000000076c180000)
  object space 107520K, 21% used [0x00000006c4400000,0x00000006c5aee0e8,0x00000006cad00000)
 Metaspace       used 30360K, capacity 30581K, committed 31104K, reserved 1077248K
  class space    used 4018K, capacity 4099K, committed 4224K, reserved 1048576K
Event: 3.064 GC heap after
Heap after GC invocations=8 (full 1):
 PSYoungGen      total 149504K, used 19936K [0x000000076c180000, 0x000000077cd80000, 0x00000007c0000000)
  eden space 129536K, 0% used [0x000000076c180000,0x000000076c180000,0x0000000774000000)
  from space 19968K, 99% used [0x0000000774000000,0x0000000775378080,0x0000000775380000)
  to   space 27648K, 0% used [0x000000077b280000,0x000000077b280000,0x000000077cd80000)
 ParOldGen       total 107520K, used 31092K [0x00000006c4400000, 0x00000006cad00000, 0x000000076c180000)
  object space 107520K, 28% used [0x00000006c4400000,0x00000006c625d240,0x00000006cad00000)
 Metaspace       used 30360K, capacity 30581K, committed 31104K, reserved 1077248K
  class space    used 4018K, capacity 4099K, committed 4224K, reserved 1048576K
}
Event: 3.308 GC heap before
{Heap before GC invocations=9 (full 1):
 PSYoungGen      total 149504K, used 149472K [0x000000076c180000, 0x000000077cd80000, 0x00000007c0000000)
  eden space 129536K, 100% used [0x000000076c180000,0x0000000774000000,0x0000000774000000)
  from space 19968K, 99% used [0x0000000774000000,0x0000000775378080,0x0000000775380000)
  to   space 27648K, 0% used [0x000000077b280000,0x000000077b280000,0x000000077cd80000)
 ParOldGen       total 107520K, used 31092K [0x00000006c4400000, 0x00000006cad00000, 0x000000076c180000)
  object space 107520K, 28% used [0x00000006c4400000,0x00000006c625d240,0x00000006cad00000)
 Metaspace       used 30666K, capacity 30837K, committed 31360K, reserved 1077248K
  class space    used 4034K, capacity 4099K, committed 4224K, reserved 1048576K
Event: 3.316 GC heap after
Heap after GC invocations=9 (full 1):
 PSYoungGen      total 244736K, used 18576K [0x000000076c180000, 0x000000077cd80000, 0x00000007c0000000)
  eden space 217088K, 0% used [0x000000076c180000,0x000000076c180000,0x0000000779580000)
  from space 27648K, 67% used [0x000000077b280000,0x000000077c4a4080,0x000000077cd80000)
  to   space 28672K, 0% used [0x0000000779580000,0x0000000779580000,0x000000077b180000)
 ParOldGen       total 107520K, used 37028K [0x00000006c4400000, 0x00000006cad00000, 0x000000076c180000)
  object space 107520K, 34% used [0x00000006c4400000,0x00000006c6829260,0x00000006cad00000)
 Metaspace       used 30666K, capacity 30837K, committed 31360K, reserved 1077248K
  class space    used 4034K, capacity 4099K, committed 4224K, reserved 1048576K
}
Event: 3.920 GC heap before
{Heap before GC invocations=10 (full 1):
 PSYoungGen      total 244736K, used 235664K [0x000000076c180000, 0x000000077cd80000, 0x00000007c0000000)
  eden space 217088K, 100% used [0x000000076c180000,0x0000000779580000,0x0000000779580000)
  from space 27648K, 67% used [0x000000077b280000,0x000000077c4a4080,0x000000077cd80000)
  to   space 28672K, 0% used [0x0000000779580000,0x0000000779580000,0x000000077b180000)
 ParOldGen       total 107520K, used 37028K [0x00000006c4400000, 0x00000006cad00000, 0x000000076c180000)
  object space 107520K, 34% used [0x00000006c4400000,0x00000006c6829260,0x00000006cad00000)
 Metaspace       used 31072K, capacity 31221K, committed 31616K, reserved 1077248K
  class space    used 4048K, capacity 4099K, committed 4224K, reserved 1048576K
Event: 3.930 GC heap after
Heap after GC invocations=10 (full 1):
 PSYoungGen      total 245760K, used 21772K [0x000000076c180000, 0x0000000782380000, 0x00000007c0000000)
  eden space 217088K, 0% used [0x000000076c180000,0x000000076c180000,0x0000000779580000)
  from space 28672K, 75% used [0x0000000779580000,0x000000077aac3050,0x000000077b180000)
  to   space 30720K, 0% used [0x0000000780580000,0x0000000780580000,0x0000000782380000)
 ParOldGen       total 107520K, used 43896K [0x00000006c4400000, 0x00000006cad00000, 0x000000076c180000)
  object space 107520K, 40% used [0x00000006c4400000,0x00000006c6ede270,0x00000006cad00000)
 Metaspace       used 31072K, capacity 31221K, committed 31616K, reserved 1077248K
  class space    used 4048K, capacity 4099K, committed 4224K, reserved 1048576K
}
Event: 9.682 GC heap before
{Heap before GC invocations=11 (full 1):
 PSYoungGen      total 245760K, used 238860K [0x000000076c180000, 0x0000000782380000, 0x00000007c0000000)
  eden space 217088K, 100% used [0x000000076c180000,0x0000000779580000,0x0000000779580000)
  from space 28672K, 75% used [0x0000000779580000,0x000000077aac3050,0x000000077b180000)
  to   space 30720K, 0% used [0x0000000780580000,0x0000000780580000,0x0000000782380000)
 ParOldGen       total 107520K, used 43896K [0x00000006c4400000, 0x00000006cad00000, 0x000000076c180000)
  object space 107520K, 40% used [0x00000006c4400000,0x00000006c6ede270,0x00000006cad00000)
 Metaspace       used 32344K, capacity 32533K, committed 33024K, reserved 1077248K
  class space    used 4170K, capacity 4241K, committed 4352K, reserved 1048576K
Event: 9.700 GC heap after
Heap after GC invocations=11 (full 1):
 PSYoungGen      total 312320K, used 14172K [0x000000076c180000, 0x0000000781880000, 0x00000007c0000000)
  eden space 292864K, 0% used [0x000000076c180000,0x000000076c180000,0x000000077df80000)
  from space 19456K, 72% used [0x0000000780580000,0x00000007813572f0,0x0000000781880000)
  to   space 29184K, 0% used [0x000000077df80000,0x000000077df80000,0x000000077fc00000)
 ParOldGen       total 107520K, used 51299K [0x00000006c4400000, 0x00000006cad00000, 0x000000076c180000)
  object space 107520K, 47% used [0x00000006c4400000,0x00000006c7618cf0,0x00000006cad00000)
 Metaspace       used 32344K, capacity 32533K, committed 33024K, reserved 1077248K
  class space    used 4170K, capacity 4241K, committed 4352K, reserved 1048576K
}

