# JRE version: Java(TM) SE Runtime Environment (8.0_91-b14) (build 1.8.0_91-b14)
# Java VM: Java HotSpot(TM) 64-Bit Server VM (25.91-b14 mixed mode windows-amd64 compressed oops)
Heap:
 PSYoungGen      total 283648K, used 202196K [0x000000076c180000, 0x000000077fb80000, 0x00000007c0000000)
  eden space 266240K, 71% used [0x000000076c180000,0x0000000777aa8ee8,0x000000077c580000)
  from space 17408K, 72% used [0x000000077ea80000,0x000000077f6cc208,0x000000077fb80000)
  to   space 27648K, 0% used [0x000000077c580000,0x000000077c580000,0x000000077e080000)
 ParOldGen       total 111104K, used 50074K [0x00000006c4400000, 0x00000006cb080000, 0x000000076c180000)
  object space 111104K, 45% used [0x00000006c4400000,0x00000006c74e69a8,0x00000006cb080000)
 Metaspace       used 32894K, capacity 33215K, committed 33792K, reserved 1079296K
  class space    used 4176K, capacity 4274K, committed 4352K, reserved 1048576K
GC Heap History (10 events):
Event: 2.560 GC heap before
{Heap before GC invocations=7 (full 1):
 PSYoungGen      total 98304K, used 98272K [0x000000076c180000, 0x0000000776500000, 0x00000007c0000000)
  eden space 87552K, 100% used [0x000000076c180000,0x0000000771700000,0x0000000771700000)
  from space 10752K, 99% used [0x0000000771700000,0x0000000772178010,0x0000000772180000)
  to   space 13312K, 0% used [0x0000000775800000,0x0000000775800000,0x0000000776500000)
 ParOldGen       total 111104K, used 17046K [0x00000006c4400000, 0x00000006cb080000, 0x000000076c180000)
  object space 111104K, 15% used [0x00000006c4400000,0x00000006c54a5b28,0x00000006cb080000)
 Metaspace       used 26789K, capacity 27052K, committed 27392K, reserved 1073152K
  class space    used 3727K, capacity 3808K, committed 3840K, reserved 1048576K
Event: 2.567 GC heap after
Heap after GC invocations=7 (full 1):
 PSYoungGen      total 147456K, used 13280K [0x000000076c180000, 0x0000000777500000, 0x00000007c0000000)
  eden space 134144K, 0% used [0x000000076c180000,0x000000076c180000,0x0000000774480000)
  from space 13312K, 99% used [0x0000000775800000,0x00000007764f8010,0x0000000776500000)
  to   space 19968K, 0% used [0x0000000774480000,0x0000000774480000,0x0000000775800000)
 ParOldGen       total 111104K, used 24486K [0x00000006c4400000, 0x00000006cb080000, 0x000000076c180000)
  object space 111104K, 22% used [0x00000006c4400000,0x00000006c5be9b28,0x00000006cb080000)
 Metaspace       used 26789K, capacity 27052K, committed 27392K, reserved 1073152K
  class space    used 3727K, capacity 3808K, committed 3840K, reserved 1048576K
}
Event: 17.106 GC heap before
{Heap before GC invocations=8 (full 1):
 PSYoungGen      total 147456K, used 147424K [0x000000076c180000, 0x0000000777500000, 0x00000007c0000000)
  eden space 134144K, 100% used [0x000000076c180000,0x0000000774480000,0x0000000774480000)
  from space 13312K, 99% used [0x0000000775800000,0x00000007764f8010,0x0000000776500000)
  to   space 19968K, 0% used [0x0000000774480000,0x0000000774480000,0x0000000775800000)
 ParOldGen       total 111104K, used 24486K [0x00000006c4400000, 0x00000006cb080000, 0x000000076c180000)
  object space 111104K, 22% used [0x00000006c4400000,0x00000006c5be9b28,0x00000006cb080000)
 Metaspace       used 30671K, capacity 30905K, committed 31360K, reserved 1077248K
  class space    used 4020K, capacity 4099K, committed 4224K, reserved 1048576K
Event: 17.130 GC heap after
Heap after GC invocations=8 (full 1):
 PSYoungGen      total 154112K, used 19943K [0x000000076c180000, 0x000000077c600000, 0x00000007c0000000)
  eden space 134144K, 0% used [0x000000076c180000,0x000000076c180000,0x0000000774480000)
  from space 19968K, 99% used [0x0000000774480000,0x00000007757f9cf0,0x0000000775800000)
  to   space 27648K, 0% used [0x000000077ab00000,0x000000077ab00000,0x000000077c600000)
 ParOldGen       total 111104K, used 31582K [0x00000006c4400000, 0x00000006cb080000, 0x000000076c180000)
  object space 111104K, 28% used [0x00000006c4400000,0x00000006c62d7a70,0x00000006cb080000)
 Metaspace       used 30671K, capacity 30905K, committed 31360K, reserved 1077248K
  class space    used 4020K, capacity 4099K, committed 4224K, reserved 1048576K
}
Event: 17.561 GC heap before
{Heap before GC invocations=9 (full 1):
 PSYoungGen      total 154112K, used 154087K [0x000000076c180000, 0x000000077c600000, 0x00000007c0000000)
  eden space 134144K, 100% used [0x000000076c180000,0x0000000774480000,0x0000000774480000)
  from space 19968K, 99% used [0x0000000774480000,0x00000007757f9cf0,0x0000000775800000)
  to   space 27648K, 0% used [0x000000077ab00000,0x000000077ab00000,0x000000077c600000)
 ParOldGen       total 111104K, used 31582K [0x00000006c4400000, 0x00000006cb080000, 0x000000076c180000)
  object space 111104K, 28% used [0x00000006c4400000,0x00000006c62d7a70,0x00000006cb080000)
 Metaspace       used 30873K, capacity 31161K, committed 31616K, reserved 1077248K
  class space    used 4025K, capacity 4099K, committed 4224K, reserved 1048576K
Event: 17.571 GC heap after
Heap after GC invocations=9 (full 1):
 PSYoungGen      total 233984K, used 17331K [0x000000076c180000, 0x000000077c400000, 0x00000007c0000000)
  eden space 208384K, 0% used [0x000000076c180000,0x000000076c180000,0x0000000778d00000)
  from space 25600K, 67% used [0x000000077ab00000,0x000000077bbecc70,0x000000077c400000)
  to   space 28160K, 0% used [0x0000000778d00000,0x0000000778d00000,0x000000077a880000)
 ParOldGen       total 111104K, used 37686K [0x00000006c4400000, 0x00000006cb080000, 0x000000076c180000)
  object space 111104K, 33% used [0x00000006c4400000,0x00000006c68cdaa0,0x00000006cb080000)
 Metaspace       used 30873K, capacity 31161K, committed 31616K, reserved 1077248K
  class space    used 4025K, capacity 4099K, committed 4224K, reserved 1048576K
}
Event: 18.220 GC heap before
{Heap before GC invocations=10 (full 1):
 PSYoungGen      total 233984K, used 225715K [0x000000076c180000, 0x000000077c400000, 0x00000007c0000000)
  eden space 208384K, 100% used [0x000000076c180000,0x0000000778d00000,0x0000000778d00000)
  from space 25600K, 67% used [0x000000077ab00000,0x000000077bbecc70,0x000000077c400000)
  to   space 28160K, 0% used [0x0000000778d00000,0x0000000778d00000,0x000000077a880000)
 ParOldGen       total 111104K, used 37686K [0x00000006c4400000, 0x00000006cb080000, 0x000000076c180000)
  object space 111104K, 33% used [0x00000006c4400000,0x00000006c68cdaa0,0x00000006cb080000)
 Metaspace       used 31231K, capacity 31481K, committed 31872K, reserved 1077248K
  class space    used 4037K, capacity 4099K, committed 4224K, reserved 1048576K
Event: 18.233 GC heap after
Heap after GC invocations=10 (full 1):
 PSYoungGen      total 236544K, used 19351K [0x000000076c180000, 0x0000000780700000, 0x00000007c0000000)
  eden space 208384K, 0% used [0x000000076c180000,0x000000076c180000,0x0000000778d00000)
  from space 28160K, 68% used [0x0000000778d00000,0x0000000779fe5ca0,0x000000077a880000)
  to   space 29184K, 0% used [0x000000077ea80000,0x000000077ea80000,0x0000000780700000)
 ParOldGen       total 111104K, used 41970K [0x00000006c4400000, 0x00000006cb080000, 0x000000076c180000)
  object space 111104K, 37% used [0x00000006c4400000,0x00000006c6cfcab0,0x00000006cb080000)
 Metaspace       used 31231K, capacity 31481K, committed 31872K, reserved 1077248K
  class space    used 4037K, capacity 4099K, committed 4224K, reserved 1048576K
}
Event: 44.882 GC heap before
{Heap before GC invocations=11 (full 1):
 PSYoungGen      total 236544K, used 226819K [0x000000076c180000, 0x0000000780700000, 0x00000007c0000000)
  eden space 208384K, 99% used [0x000000076c180000,0x0000000778c1b000,0x0000000778d00000)
  from space 28160K, 68% used [0x0000000778d00000,0x0000000779fe5ca0,0x000000077a880000)
  to   space 29184K, 0% used [0x000000077ea80000,0x000000077ea80000,0x0000000780700000)
 ParOldGen       total 111104K, used 41970K [0x00000006c4400000, 0x00000006cb080000, 0x000000076c180000)
  object space 111104K, 37% used [0x00000006c4400000,0x00000006c6cfcab0,0x00000006cb080000)
 Metaspace       used 31904K, capacity 32153K, committed 32640K, reserved 1077248K
  class space    used 4100K, capacity 4177K, committed 4224K, reserved 1048576K
Event: 44.897 GC heap after
Heap after GC invocations=11 (full 1):
 PSYoungGen      total 283648K, used 12592K [0x000000076c180000, 0x000000077fb80000, 0x00000007c0000000)
  eden space 266240K, 0% used [0x000000076c180000,0x000000076c180000,0x000000077c580000)
  from space 17408K, 72% used [0x000000077ea80000,0x000000077f6cc208,0x000000077fb80000)
  to   space 27648K, 0% used [0x000000077c580000,0x000000077c580000,0x000000077e080000)
 ParOldGen       total 111104K, used 50074K [0x00000006c4400000, 0x00000006cb080000, 0x000000076c180000)
  object space 111104K, 45% used [0x00000006c4400000,0x00000006c74e69a8,0x00000006cb080000)
 Metaspace       used 31904K, capacity 32153K, committed 32640K, reserved 1077248K
  class space    used 4100K, capacity 4177K, committed 4224K, reserved 1048576K
}

